{"/Users/officedesktop/Documents/GitHub/milassist/server/middleware/auth.js": {"path":"/Users/officedesktop/Documents/GitHub/milassist/server/middleware/auth.js","statementMap":{"0":{"start":{"line":1,"column":12},"end":{"line":1,"column":35}},"1":{"start":{"line":2,"column":0},"end":{"line":2,"column":27}},"2":{"start":{"line":4,"column":0},"end":{"line":6,"column":1}},"3":{"start":{"line":5,"column":4},"end":{"line":5,"column":67}},"4":{"start":{"line":8,"column":18},"end":{"line":8,"column":40}},"5":{"start":{"line":9,"column":22},"end":{"line":9,"column":57}},"6":{"start":{"line":11,"column":26},"end":{"line":22,"column":1}},"7":{"start":{"line":12,"column":23},"end":{"line":12,"column":51}},"8":{"start":{"line":13,"column":18},"end":{"line":13,"column":56}},"9":{"start":{"line":15,"column":4},"end":{"line":15,"column":43}},"10":{"start":{"line":15,"column":16},"end":{"line":15,"column":43}},"11":{"start":{"line":17,"column":4},"end":{"line":21,"column":7}},"12":{"start":{"line":18,"column":8},"end":{"line":18,"column":44}},"13":{"start":{"line":18,"column":17},"end":{"line":18,"column":44}},"14":{"start":{"line":19,"column":8},"end":{"line":19,"column":24}},"15":{"start":{"line":20,"column":8},"end":{"line":20,"column":15}},"16":{"start":{"line":24,"column":0},"end":{"line":24,"column":65}}},"fnMap":{"0":{"name":"(anonymous_0)","decl":{"start":{"line":11,"column":26},"end":{"line":11,"column":27}},"loc":{"start":{"line":11,"column":46},"end":{"line":22,"column":1}},"line":11},"1":{"name":"(anonymous_1)","decl":{"start":{"line":17,"column":33},"end":{"line":17,"column":34}},"loc":{"start":{"line":17,"column":48},"end":{"line":21,"column":5}},"line":17}},"branchMap":{"0":{"loc":{"start":{"line":4,"column":0},"end":{"line":6,"column":1}},"type":"if","locations":[{"start":{"line":4,"column":0},"end":{"line":6,"column":1}},{"start":{},"end":{}}],"line":4},"1":{"loc":{"start":{"line":9,"column":22},"end":{"line":9,"column":57}},"type":"binary-expr","locations":[{"start":{"line":9,"column":22},"end":{"line":9,"column":48}},{"start":{"line":9,"column":52},"end":{"line":9,"column":57}}],"line":9},"2":{"loc":{"start":{"line":13,"column":18},"end":{"line":13,"column":56}},"type":"binary-expr","locations":[{"start":{"line":13,"column":18},"end":{"line":13,"column":28}},{"start":{"line":13,"column":32},"end":{"line":13,"column":56}}],"line":13},"3":{"loc":{"start":{"line":15,"column":4},"end":{"line":15,"column":43}},"type":"if","locations":[{"start":{"line":15,"column":4},"end":{"line":15,"column":43}},{"start":{},"end":{}}],"line":15},"4":{"loc":{"start":{"line":18,"column":8},"end":{"line":18,"column":44}},"type":"if","locations":[{"start":{"line":18,"column":8},"end":{"line":18,"column":44}},{"start":{},"end":{}}],"line":18}},"s":{"0":1,"1":1,"2":1,"3":0,"4":1,"5":1,"6":1,"7":0,"8":0,"9":0,"10":0,"11":0,"12":0,"13":0,"14":0,"15":0,"16":1},"f":{"0":0,"1":0},"b":{"0":[0,1],"1":[1,1],"2":[0,0],"3":[0,0],"4":[0,0]},"_coverageSchema":"1a1c01bbd47fc00a2c39e90264f33305004495a9","hash":"2b9280ab68fd4c1c8d545768bc09821629bbb110"}
,"/Users/officedesktop/Documents/GitHub/milassist/server/middleware/validation 2.js": {"path":"/Users/officedesktop/Documents/GitHub/milassist/server/middleware/validation 2.js","statementMap":{"0":{"start":{"line":6,"column":49},"end":{"line":6,"column":77}},"1":{"start":{"line":9,"column":17},"end":{"line":27,"column":1}},"2":{"start":{"line":10,"column":4},"end":{"line":26,"column":6}},"3":{"start":{"line":11,"column":8},"end":{"line":11,"column":78}},"4":{"start":{"line":11,"column":56},"end":{"line":11,"column":75}},"5":{"start":{"line":13,"column":23},"end":{"line":13,"column":44}},"6":{"start":{"line":14,"column":8},"end":{"line":16,"column":9}},"7":{"start":{"line":15,"column":12},"end":{"line":15,"column":26}},"8":{"start":{"line":18,"column":8},"end":{"line":25,"column":11}},"9":{"start":{"line":20,"column":48},"end":{"line":24,"column":13}},"10":{"start":{"line":30,"column":19},"end":{"line":109,"column":1}},"11":{"start":{"line":111,"column":0},"end":{"line":117,"column":2}}},"fnMap":{"0":{"name":"(anonymous_0)","decl":{"start":{"line":9,"column":17},"end":{"line":9,"column":18}},"loc":{"start":{"line":9,"column":34},"end":{"line":27,"column":1}},"line":9},"1":{"name":"(anonymous_1)","decl":{"start":{"line":10,"column":11},"end":{"line":10,"column":12}},"loc":{"start":{"line":10,"column":37},"end":{"line":26,"column":5}},"line":10},"2":{"name":"(anonymous_2)","decl":{"start":{"line":11,"column":42},"end":{"line":11,"column":43}},"loc":{"start":{"line":11,"column":56},"end":{"line":11,"column":75}},"line":11},"3":{"name":"(anonymous_3)","decl":{"start":{"line":20,"column":40},"end":{"line":20,"column":41}},"loc":{"start":{"line":20,"column":48},"end":{"line":24,"column":13}},"line":20}},"branchMap":{"0":{"loc":{"start":{"line":14,"column":8},"end":{"line":16,"column":9}},"type":"if","locations":[{"start":{"line":14,"column":8},"end":{"line":16,"column":9}},{"start":{},"end":{}}],"line":14}},"s":{"0":0,"1":0,"2":0,"3":0,"4":0,"5":0,"6":0,"7":0,"8":0,"9":0,"10":0,"11":0},"f":{"0":0,"1":0,"2":0,"3":0},"b":{"0":[0,0]}}
,"/Users/officedesktop/Documents/GitHub/milassist/server/middleware/validation.js": {"path":"/Users/officedesktop/Documents/GitHub/milassist/server/middleware/validation.js","statementMap":{"0":{"start":{"line":6,"column":49},"end":{"line":6,"column":77}},"1":{"start":{"line":9,"column":17},"end":{"line":27,"column":1}},"2":{"start":{"line":10,"column":4},"end":{"line":26,"column":6}},"3":{"start":{"line":11,"column":8},"end":{"line":11,"column":78}},"4":{"start":{"line":11,"column":56},"end":{"line":11,"column":75}},"5":{"start":{"line":13,"column":23},"end":{"line":13,"column":44}},"6":{"start":{"line":14,"column":8},"end":{"line":16,"column":9}},"7":{"start":{"line":15,"column":12},"end":{"line":15,"column":26}},"8":{"start":{"line":18,"column":8},"end":{"line":25,"column":11}},"9":{"start":{"line":20,"column":48},"end":{"line":24,"column":13}},"10":{"start":{"line":30,"column":19},"end":{"line":109,"column":1}},"11":{"start":{"line":111,"column":0},"end":{"line":117,"column":2}}},"fnMap":{"0":{"name":"(anonymous_0)","decl":{"start":{"line":9,"column":17},"end":{"line":9,"column":18}},"loc":{"start":{"line":9,"column":34},"end":{"line":27,"column":1}},"line":9},"1":{"name":"(anonymous_1)","decl":{"start":{"line":10,"column":11},"end":{"line":10,"column":12}},"loc":{"start":{"line":10,"column":37},"end":{"line":26,"column":5}},"line":10},"2":{"name":"(anonymous_2)","decl":{"start":{"line":11,"column":42},"end":{"line":11,"column":43}},"loc":{"start":{"line":11,"column":56},"end":{"line":11,"column":75}},"line":11},"3":{"name":"(anonymous_3)","decl":{"start":{"line":20,"column":40},"end":{"line":20,"column":41}},"loc":{"start":{"line":20,"column":48},"end":{"line":24,"column":13}},"line":20}},"branchMap":{"0":{"loc":{"start":{"line":14,"column":8},"end":{"line":16,"column":9}},"type":"if","locations":[{"start":{"line":14,"column":8},"end":{"line":16,"column":9}},{"start":{},"end":{}}],"line":14}},"s":{"0":0,"1":0,"2":0,"3":0,"4":0,"5":0,"6":0,"7":0,"8":0,"9":0,"10":0,"11":0},"f":{"0":0,"1":0,"2":0,"3":0},"b":{"0":[0,0]}}
,"/Users/officedesktop/Documents/GitHub/milassist/server/routes/ai.js": {"path":"/Users/officedesktop/Documents/GitHub/milassist/server/routes/ai.js","statementMap":{"0":{"start":{"line":1,"column":16},"end":{"line":1,"column":34}},"1":{"start":{"line":2,"column":15},"end":{"line":2,"column":31}},"2":{"start":{"line":3,"column":30},"end":{"line":3,"column":59}},"3":{"start":{"line":8,"column":0},"end":{"line":29,"column":3}},"4":{"start":{"line":9,"column":4},"end":{"line":28,"column":5}},"5":{"start":{"line":10,"column":35},"end":{"line":10,"column":43}},"6":{"start":{"line":13,"column":8},"end":{"line":13,"column":64}},"7":{"start":{"line":13,"column":37},"end":{"line":13,"column":62}},"8":{"start":{"line":15,"column":20},"end":{"line":15,"column":79}},"9":{"start":{"line":17,"column":8},"end":{"line":23,"column":9}},"10":{"start":{"line":18,"column":12},"end":{"line":18,"column":164}},"11":{"start":{"line":19,"column":15},"end":{"line":23,"column":9}},"12":{"start":{"line":20,"column":12},"end":{"line":20,"column":117}},"13":{"start":{"line":22,"column":12},"end":{"line":22,"column":111}},"14":{"start":{"line":25,"column":8},"end":{"line":25,"column":51}},"15":{"start":{"line":27,"column":8},"end":{"line":27,"column":55}},"16":{"start":{"line":32,"column":0},"end":{"line":46,"column":3}},"17":{"start":{"line":33,"column":4},"end":{"line":45,"column":5}},"18":{"start":{"line":34,"column":26},"end":{"line":34,"column":34}},"19":{"start":{"line":36,"column":8},"end":{"line":36,"column":64}},"20":{"start":{"line":36,"column":37},"end":{"line":36,"column":62}},"21":{"start":{"line":38,"column":8},"end":{"line":42,"column":11}},"22":{"start":{"line":44,"column":8},"end":{"line":44,"column":55}},"23":{"start":{"line":48,"column":0},"end":{"line":48,"column":24}}},"fnMap":{"0":{"name":"(anonymous_0)","decl":{"start":{"line":8,"column":40},"end":{"line":8,"column":41}},"loc":{"start":{"line":8,"column":60},"end":{"line":29,"column":1}},"line":8},"1":{"name":"(anonymous_1)","decl":{"start":{"line":13,"column":26},"end":{"line":13,"column":27}},"loc":{"start":{"line":13,"column":37},"end":{"line":13,"column":62}},"line":13},"2":{"name":"(anonymous_2)","decl":{"start":{"line":32,"column":47},"end":{"line":32,"column":48}},"loc":{"start":{"line":32,"column":67},"end":{"line":46,"column":1}},"line":32},"3":{"name":"(anonymous_3)","decl":{"start":{"line":36,"column":26},"end":{"line":36,"column":27}},"loc":{"start":{"line":36,"column":37},"end":{"line":36,"column":62}},"line":36}},"branchMap":{"0":{"loc":{"start":{"line":17,"column":8},"end":{"line":23,"column":9}},"type":"if","locations":[{"start":{"line":17,"column":8},"end":{"line":23,"column":9}},{"start":{"line":19,"column":15},"end":{"line":23,"column":9}}],"line":17},"1":{"loc":{"start":{"line":19,"column":15},"end":{"line":23,"column":9}},"type":"if","locations":[{"start":{"line":19,"column":15},"end":{"line":23,"column":9}},{"start":{"line":21,"column":15},"end":{"line":23,"column":9}}],"line":19}},"s":{"0":0,"1":0,"2":0,"3":0,"4":0,"5":0,"6":0,"7":0,"8":0,"9":0,"10":0,"11":0,"12":0,"13":0,"14":0,"15":0,"16":0,"17":0,"18":0,"19":0,"20":0,"21":0,"22":0,"23":0},"f":{"0":0,"1":0,"2":0,"3":0},"b":{"0":[0,0],"1":[0,0]}}
,"/Users/officedesktop/Documents/GitHub/milassist/server/routes/aiProductivity.js": {"path":"/Users/officedesktop/Documents/GitHub/milassist/server/routes/aiProductivity.js","statementMap":{"0":{"start":{"line":1,"column":16},"end":{"line":1,"column":34}},"1":{"start":{"line":2,"column":15},"end":{"line":2,"column":31}},"2":{"start":{"line":3,"column":30},"end":{"line":3,"column":67}},"3":{"start":{"line":4,"column":24},"end":{"line":4,"column":55}},"4":{"start":{"line":11,"column":0},"end":{"line":60,"column":3}},"5":{"start":{"line":12,"column":2},"end":{"line":59,"column":3}},"6":{"start":{"line":19,"column":8},"end":{"line":19,"column":16}},"7":{"start":{"line":21,"column":4},"end":{"line":25,"column":5}},"8":{"start":{"line":22,"column":6},"end":{"line":24,"column":9}},"9":{"start":{"line":27,"column":18},"end":{"line":33,"column":6}},"10":{"start":{"line":36,"column":4},"end":{"line":48,"column":7}},"11":{"start":{"line":50,"column":4},"end":{"line":53,"column":7}},"12":{"start":{"line":55,"column":4},"end":{"line":55,"column":58}},"13":{"start":{"line":56,"column":4},"end":{"line":58,"column":7}},"14":{"start":{"line":67,"column":0},"end":{"line":114,"column":3}},"15":{"start":{"line":68,"column":2},"end":{"line":113,"column":3}},"16":{"start":{"line":69,"column":57},"end":{"line":69,"column":65}},"17":{"start":{"line":71,"column":4},"end":{"line":73,"column":5}},"18":{"start":{"line":72,"column":6},"end":{"line":72,"column":65}},"19":{"start":{"line":75,"column":4},"end":{"line":79,"column":5}},"20":{"start":{"line":76,"column":6},"end":{"line":78,"column":9}},"21":{"start":{"line":81,"column":20},"end":{"line":85,"column":5}},"22":{"start":{"line":88,"column":4},"end":{"line":100,"column":7}},"23":{"start":{"line":102,"column":4},"end":{"line":107,"column":7}},"24":{"start":{"line":109,"column":4},"end":{"line":109,"column":56}},"25":{"start":{"line":110,"column":4},"end":{"line":112,"column":7}},"26":{"start":{"line":121,"column":0},"end":{"line":159,"column":3}},"27":{"start":{"line":122,"column":2},"end":{"line":158,"column":3}},"28":{"start":{"line":123,"column":30},"end":{"line":123,"column":38}},"29":{"start":{"line":125,"column":4},"end":{"line":127,"column":5}},"30":{"start":{"line":126,"column":6},"end":{"line":126,"column":65}},"31":{"start":{"line":129,"column":24},"end":{"line":132,"column":5}},"32":{"start":{"line":135,"column":4},"end":{"line":146,"column":7}},"33":{"start":{"line":148,"column":4},"end":{"line":152,"column":7}},"34":{"start":{"line":154,"column":4},"end":{"line":154,"column":59}},"35":{"start":{"line":155,"column":4},"end":{"line":157,"column":7}},"36":{"start":{"line":166,"column":0},"end":{"line":215,"column":3}},"37":{"start":{"line":167,"column":2},"end":{"line":214,"column":3}},"38":{"start":{"line":174,"column":8},"end":{"line":174,"column":16}},"39":{"start":{"line":176,"column":4},"end":{"line":180,"column":5}},"40":{"start":{"line":177,"column":6},"end":{"line":179,"column":9}},"41":{"start":{"line":182,"column":19},"end":{"line":188,"column":6}},"42":{"start":{"line":191,"column":4},"end":{"line":203,"column":7}},"43":{"start":{"line":205,"column":4},"end":{"line":208,"column":7}},"44":{"start":{"line":210,"column":4},"end":{"line":210,"column":53}},"45":{"start":{"line":211,"column":4},"end":{"line":213,"column":7}},"46":{"start":{"line":222,"column":0},"end":{"line":252,"column":3}},"47":{"start":{"line":223,"column":2},"end":{"line":251,"column":3}},"48":{"start":{"line":228,"column":8},"end":{"line":228,"column":16}},"49":{"start":{"line":230,"column":4},"end":{"line":232,"column":5}},"50":{"start":{"line":231,"column":6},"end":{"line":231,"column":76}},"51":{"start":{"line":234,"column":21},"end":{"line":238,"column":5}},"52":{"start":{"line":240,"column":4},"end":{"line":245,"column":7}},"53":{"start":{"line":247,"column":4},"end":{"line":247,"column":55}},"54":{"start":{"line":248,"column":4},"end":{"line":250,"column":7}},"55":{"start":{"line":259,"column":0},"end":{"line":317,"column":3}},"56":{"start":{"line":260,"column":2},"end":{"line":316,"column":3}},"57":{"start":{"line":267,"column":8},"end":{"line":267,"column":16}},"58":{"start":{"line":269,"column":4},"end":{"line":273,"column":5}},"59":{"start":{"line":270,"column":6},"end":{"line":272,"column":9}},"60":{"start":{"line":275,"column":27},"end":{"line":275,"column":75}},"61":{"start":{"line":276,"column":4},"end":{"line":280,"column":5}},"62":{"start":{"line":277,"column":6},"end":{"line":279,"column":9}},"63":{"start":{"line":282,"column":17},"end":{"line":288,"column":6}},"64":{"start":{"line":291,"column":4},"end":{"line":303,"column":7}},"65":{"start":{"line":305,"column":4},"end":{"line":310,"column":7}},"66":{"start":{"line":312,"column":4},"end":{"line":312,"column":58}},"67":{"start":{"line":313,"column":4},"end":{"line":315,"column":7}},"68":{"start":{"line":324,"column":0},"end":{"line":350,"column":3}},"69":{"start":{"line":325,"column":2},"end":{"line":349,"column":3}},"70":{"start":{"line":326,"column":35},"end":{"line":326,"column":43}},"71":{"start":{"line":328,"column":4},"end":{"line":330,"column":5}},"72":{"start":{"line":329,"column":6},"end":{"line":329,"column":65}},"73":{"start":{"line":332,"column":21},"end":{"line":335,"column":5}},"74":{"start":{"line":337,"column":4},"end":{"line":343,"column":7}},"75":{"start":{"line":345,"column":4},"end":{"line":345,"column":50}},"76":{"start":{"line":346,"column":4},"end":{"line":348,"column":7}},"77":{"start":{"line":357,"column":0},"end":{"line":382,"column":3}},"78":{"start":{"line":358,"column":2},"end":{"line":381,"column":3}},"79":{"start":{"line":359,"column":22},"end":{"line":359,"column":50}},"80":{"start":{"line":360,"column":25},"end":{"line":360,"column":56}},"81":{"start":{"line":362,"column":4},"end":{"line":377,"column":7}},"82":{"start":{"line":379,"column":4},"end":{"line":379,"column":54}},"83":{"start":{"line":380,"column":4},"end":{"line":380,"column":65}},"84":{"start":{"line":389,"column":0},"end":{"line":404,"column":3}},"85":{"start":{"line":390,"column":2},"end":{"line":403,"column":3}},"86":{"start":{"line":391,"column":35},"end":{"line":391,"column":44}},"87":{"start":{"line":396,"column":4},"end":{"line":399,"column":7}},"88":{"start":{"line":401,"column":4},"end":{"line":401,"column":59}},"89":{"start":{"line":402,"column":4},"end":{"line":402,"column":72}},"90":{"start":{"line":406,"column":0},"end":{"line":406,"column":24}}},"fnMap":{"0":{"name":"(anonymous_0)","decl":{"start":{"line":11,"column":28},"end":{"line":11,"column":29}},"loc":{"start":{"line":11,"column":48},"end":{"line":60,"column":1}},"line":11},"1":{"name":"(anonymous_1)","decl":{"start":{"line":67,"column":26},"end":{"line":67,"column":27}},"loc":{"start":{"line":67,"column":46},"end":{"line":114,"column":1}},"line":67},"2":{"name":"(anonymous_2)","decl":{"start":{"line":121,"column":32},"end":{"line":121,"column":33}},"loc":{"start":{"line":121,"column":52},"end":{"line":159,"column":1}},"line":121},"3":{"name":"(anonymous_3)","decl":{"start":{"line":166,"column":32},"end":{"line":166,"column":33}},"loc":{"start":{"line":166,"column":52},"end":{"line":215,"column":1}},"line":166},"4":{"name":"(anonymous_4)","decl":{"start":{"line":222,"column":34},"end":{"line":222,"column":35}},"loc":{"start":{"line":222,"column":54},"end":{"line":252,"column":1}},"line":222},"5":{"name":"(anonymous_5)","decl":{"start":{"line":259,"column":37},"end":{"line":259,"column":38}},"loc":{"start":{"line":259,"column":57},"end":{"line":317,"column":1}},"line":259},"6":{"name":"(anonymous_6)","decl":{"start":{"line":324,"column":29},"end":{"line":324,"column":30}},"loc":{"start":{"line":324,"column":49},"end":{"line":350,"column":1}},"line":324},"7":{"name":"(anonymous_7)","decl":{"start":{"line":357,"column":22},"end":{"line":357,"column":23}},"loc":{"start":{"line":357,"column":42},"end":{"line":382,"column":1}},"line":357},"8":{"name":"(anonymous_8)","decl":{"start":{"line":389,"column":27},"end":{"line":389,"column":28}},"loc":{"start":{"line":389,"column":47},"end":{"line":404,"column":1}},"line":389}},"branchMap":{"0":{"loc":{"start":{"line":16,"column":6},"end":{"line":16,"column":27}},"type":"default-arg","locations":[{"start":{"line":16,"column":13},"end":{"line":16,"column":27}}],"line":16},"1":{"loc":{"start":{"line":17,"column":6},"end":{"line":17,"column":20}},"type":"default-arg","locations":[{"start":{"line":17,"column":18},"end":{"line":17,"column":20}}],"line":17},"2":{"loc":{"start":{"line":21,"column":4},"end":{"line":25,"column":5}},"type":"if","locations":[{"start":{"line":21,"column":4},"end":{"line":25,"column":5}},{"start":{},"end":{}}],"line":21},"3":{"loc":{"start":{"line":21,"column":8},"end":{"line":21,"column":30}},"type":"binary-expr","locations":[{"start":{"line":21,"column":8},"end":{"line":21,"column":18}},{"start":{"line":21,"column":22},"end":{"line":21,"column":30}}],"line":21},"4":{"loc":{"start":{"line":57,"column":13},"end":{"line":57,"column":62}},"type":"binary-expr","locations":[{"start":{"line":57,"column":13},"end":{"line":57,"column":26}},{"start":{"line":57,"column":30},"end":{"line":57,"column":62}}],"line":57},"5":{"loc":{"start":{"line":69,"column":18},"end":{"line":69,"column":41}},"type":"default-arg","locations":[{"start":{"line":69,"column":26},"end":{"line":69,"column":41}}],"line":69},"6":{"loc":{"start":{"line":71,"column":4},"end":{"line":73,"column":5}},"type":"if","locations":[{"start":{"line":71,"column":4},"end":{"line":73,"column":5}},{"start":{},"end":{}}],"line":71},"7":{"loc":{"start":{"line":75,"column":4},"end":{"line":79,"column":5}},"type":"if","locations":[{"start":{"line":75,"column":4},"end":{"line":79,"column":5}},{"start":{},"end":{}}],"line":75},"8":{"loc":{"start":{"line":111,"column":13},"end":{"line":111,"column":60}},"type":"binary-expr","locations":[{"start":{"line":111,"column":13},"end":{"line":111,"column":26}},{"start":{"line":111,"column":30},"end":{"line":111,"column":60}}],"line":111},"9":{"loc":{"start":{"line":125,"column":4},"end":{"line":127,"column":5}},"type":"if","locations":[{"start":{"line":125,"column":4},"end":{"line":127,"column":5}},{"start":{},"end":{}}],"line":125},"10":{"loc":{"start":{"line":156,"column":13},"end":{"line":156,"column":62}},"type":"binary-expr","locations":[{"start":{"line":156,"column":13},"end":{"line":156,"column":26}},{"start":{"line":156,"column":30},"end":{"line":156,"column":62}}],"line":156},"11":{"loc":{"start":{"line":170,"column":6},"end":{"line":170,"column":23}},"type":"default-arg","locations":[{"start":{"line":170,"column":21},"end":{"line":170,"column":23}}],"line":170},"12":{"loc":{"start":{"line":172,"column":6},"end":{"line":172,"column":17}},"type":"default-arg","locations":[{"start":{"line":172,"column":15},"end":{"line":172,"column":17}}],"line":172},"13":{"loc":{"start":{"line":173,"column":6},"end":{"line":173,"column":21}},"type":"default-arg","locations":[{"start":{"line":173,"column":19},"end":{"line":173,"column":21}}],"line":173},"14":{"loc":{"start":{"line":176,"column":4},"end":{"line":180,"column":5}},"type":"if","locations":[{"start":{"line":176,"column":4},"end":{"line":180,"column":5}},{"start":{},"end":{}}],"line":176},"15":{"loc":{"start":{"line":176,"column":8},"end":{"line":176,"column":34}},"type":"binary-expr","locations":[{"start":{"line":176,"column":8},"end":{"line":176,"column":21}},{"start":{"line":176,"column":25},"end":{"line":176,"column":34}}],"line":176},"16":{"loc":{"start":{"line":212,"column":13},"end":{"line":212,"column":57}},"type":"binary-expr","locations":[{"start":{"line":212,"column":13},"end":{"line":212,"column":26}},{"start":{"line":212,"column":30},"end":{"line":212,"column":57}}],"line":212},"17":{"loc":{"start":{"line":226,"column":6},"end":{"line":226,"column":22}},"type":"default-arg","locations":[{"start":{"line":226,"column":21},"end":{"line":226,"column":22}}],"line":226},"18":{"loc":{"start":{"line":227,"column":6},"end":{"line":227,"column":26}},"type":"default-arg","locations":[{"start":{"line":227,"column":24},"end":{"line":227,"column":26}}],"line":227},"19":{"loc":{"start":{"line":230,"column":4},"end":{"line":232,"column":5}},"type":"if","locations":[{"start":{"line":230,"column":4},"end":{"line":232,"column":5}},{"start":{},"end":{}}],"line":230},"20":{"loc":{"start":{"line":249,"column":13},"end":{"line":249,"column":59}},"type":"binary-expr","locations":[{"start":{"line":249,"column":13},"end":{"line":249,"column":26}},{"start":{"line":249,"column":30},"end":{"line":249,"column":59}}],"line":249},"21":{"loc":{"start":{"line":264,"column":6},"end":{"line":264,"column":27}},"type":"default-arg","locations":[{"start":{"line":264,"column":13},"end":{"line":264,"column":27}}],"line":264},"22":{"loc":{"start":{"line":265,"column":6},"end":{"line":265,"column":28}},"type":"default-arg","locations":[{"start":{"line":265,"column":24},"end":{"line":265,"column":28}}],"line":265},"23":{"loc":{"start":{"line":269,"column":4},"end":{"line":273,"column":5}},"type":"if","locations":[{"start":{"line":269,"column":4},"end":{"line":273,"column":5}},{"start":{},"end":{}}],"line":269},"24":{"loc":{"start":{"line":269,"column":8},"end":{"line":269,"column":27}},"type":"binary-expr","locations":[{"start":{"line":269,"column":8},"end":{"line":269,"column":17}},{"start":{"line":269,"column":21},"end":{"line":269,"column":27}}],"line":269},"25":{"loc":{"start":{"line":276,"column":4},"end":{"line":280,"column":5}},"type":"if","locations":[{"start":{"line":276,"column":4},"end":{"line":280,"column":5}},{"start":{},"end":{}}],"line":276},"26":{"loc":{"start":{"line":314,"column":13},"end":{"line":314,"column":62}},"type":"binary-expr","locations":[{"start":{"line":314,"column":13},"end":{"line":314,"column":26}},{"start":{"line":314,"column":30},"end":{"line":314,"column":62}}],"line":314},"27":{"loc":{"start":{"line":328,"column":4},"end":{"line":330,"column":5}},"type":"if","locations":[{"start":{"line":328,"column":4},"end":{"line":330,"column":5}},{"start":{},"end":{}}],"line":328},"28":{"loc":{"start":{"line":347,"column":13},"end":{"line":347,"column":54}},"type":"binary-expr","locations":[{"start":{"line":347,"column":13},"end":{"line":347,"column":26}},{"start":{"line":347,"column":30},"end":{"line":347,"column":54}}],"line":347},"29":{"loc":{"start":{"line":363,"column":17},"end":{"line":363,"column":42}},"type":"binary-expr","locations":[{"start":{"line":363,"column":17},"end":{"line":363,"column":26}},{"start":{"line":363,"column":30},"end":{"line":363,"column":42}}],"line":363},"30":{"loc":{"start":{"line":369,"column":23},"end":{"line":369,"column":48}},"type":"binary-expr","locations":[{"start":{"line":369,"column":23},"end":{"line":369,"column":32}},{"start":{"line":369,"column":36},"end":{"line":369,"column":48}}],"line":369},"31":{"loc":{"start":{"line":370,"column":23},"end":{"line":370,"column":48}},"type":"binary-expr","locations":[{"start":{"line":370,"column":23},"end":{"line":370,"column":32}},{"start":{"line":370,"column":36},"end":{"line":370,"column":48}}],"line":370},"32":{"loc":{"start":{"line":371,"column":26},"end":{"line":371,"column":51}},"type":"binary-expr","locations":[{"start":{"line":371,"column":26},"end":{"line":371,"column":35}},{"start":{"line":371,"column":39},"end":{"line":371,"column":51}}],"line":371},"33":{"loc":{"start":{"line":372,"column":26},"end":{"line":372,"column":51}},"type":"binary-expr","locations":[{"start":{"line":372,"column":26},"end":{"line":372,"column":35}},{"start":{"line":372,"column":39},"end":{"line":372,"column":51}}],"line":372},"34":{"loc":{"start":{"line":373,"column":28},"end":{"line":373,"column":53}},"type":"binary-expr","locations":[{"start":{"line":373,"column":28},"end":{"line":373,"column":37}},{"start":{"line":373,"column":41},"end":{"line":373,"column":53}}],"line":373},"35":{"loc":{"start":{"line":374,"column":21},"end":{"line":374,"column":46}},"type":"binary-expr","locations":[{"start":{"line":374,"column":21},"end":{"line":374,"column":30}},{"start":{"line":374,"column":34},"end":{"line":374,"column":46}}],"line":374},"36":{"loc":{"start":{"line":375,"column":25},"end":{"line":375,"column":50}},"type":"binary-expr","locations":[{"start":{"line":375,"column":25},"end":{"line":375,"column":34}},{"start":{"line":375,"column":38},"end":{"line":375,"column":50}}],"line":375}},"s":{"0":0,"1":0,"2":0,"3":0,"4":0,"5":0,"6":0,"7":0,"8":0,"9":0,"10":0,"11":0,"12":0,"13":0,"14":0,"15":0,"16":0,"17":0,"18":0,"19":0,"20":0,"21":0,"22":0,"23":0,"24":0,"25":0,"26":0,"27":0,"28":0,"29":0,"30":0,"31":0,"32":0,"33":0,"34":0,"35":0,"36":0,"37":0,"38":0,"39":0,"40":0,"41":0,"42":0,"43":0,"44":0,"45":0,"46":0,"47":0,"48":0,"49":0,"50":0,"51":0,"52":0,"53":0,"54":0,"55":0,"56":0,"57":0,"58":0,"59":0,"60":0,"61":0,"62":0,"63":0,"64":0,"65":0,"66":0,"67":0,"68":0,"69":0,"70":0,"71":0,"72":0,"73":0,"74":0,"75":0,"76":0,"77":0,"78":0,"79":0,"80":0,"81":0,"82":0,"83":0,"84":0,"85":0,"86":0,"87":0,"88":0,"89":0,"90":0},"f":{"0":0,"1":0,"2":0,"3":0,"4":0,"5":0,"6":0,"7":0,"8":0},"b":{"0":[0],"1":[0],"2":[0,0],"3":[0,0],"4":[0,0],"5":[0],"6":[0,0],"7":[0,0],"8":[0,0],"9":[0,0],"10":[0,0],"11":[0],"12":[0],"13":[0],"14":[0,0],"15":[0,0],"16":[0,0],"17":[0],"18":[0],"19":[0,0],"20":[0,0],"21":[0],"22":[0],"23":[0,0],"24":[0,0],"25":[0,0],"26":[0,0],"27":[0,0],"28":[0,0],"29":[0,0],"30":[0,0],"31":[0,0],"32":[0,0],"33":[0,0],"34":[0,0],"35":[0,0],"36":[0,0]}}
,"/Users/officedesktop/Documents/GitHub/milassist/server/routes/auditLogs.js": {"path":"/Users/officedesktop/Documents/GitHub/milassist/server/routes/auditLogs.js","statementMap":{"0":{"start":{"line":1,"column":16},"end":{"line":1,"column":34}},"1":{"start":{"line":2,"column":15},"end":{"line":2,"column":31}},"2":{"start":{"line":3,"column":24},"end":{"line":3,"column":55}},"3":{"start":{"line":4,"column":21},"end":{"line":4,"column":41}},"4":{"start":{"line":5,"column":15},"end":{"line":5,"column":35}},"5":{"start":{"line":12,"column":0},"end":{"line":65,"column":3}},"6":{"start":{"line":13,"column":2},"end":{"line":64,"column":3}},"7":{"start":{"line":23,"column":8},"end":{"line":23,"column":17}},"8":{"start":{"line":26,"column":18},"end":{"line":26,"column":20}},"9":{"start":{"line":28,"column":4},"end":{"line":28,"column":38}},"10":{"start":{"line":28,"column":16},"end":{"line":28,"column":38}},"11":{"start":{"line":29,"column":4},"end":{"line":29,"column":47}},"12":{"start":{"line":29,"column":19},"end":{"line":29,"column":47}},"13":{"start":{"line":30,"column":4},"end":{"line":30,"column":44}},"14":{"start":{"line":30,"column":18},"end":{"line":30,"column":44}},"15":{"start":{"line":31,"column":4},"end":{"line":31,"column":56}},"16":{"start":{"line":31,"column":22},"end":{"line":31,"column":56}},"17":{"start":{"line":33,"column":4},"end":{"line":37,"column":5}},"18":{"start":{"line":34,"column":6},"end":{"line":34,"column":27}},"19":{"start":{"line":35,"column":6},"end":{"line":35,"column":67}},"20":{"start":{"line":35,"column":21},"end":{"line":35,"column":67}},"21":{"start":{"line":36,"column":6},"end":{"line":36,"column":63}},"22":{"start":{"line":36,"column":19},"end":{"line":36,"column":63}},"23":{"start":{"line":40,"column":19},"end":{"line":40,"column":37}},"24":{"start":{"line":41,"column":28},"end":{"line":50,"column":6}},"25":{"start":{"line":52,"column":4},"end":{"line":60,"column":7}},"26":{"start":{"line":62,"column":4},"end":{"line":62,"column":55}},"27":{"start":{"line":63,"column":4},"end":{"line":63,"column":66}},"28":{"start":{"line":72,"column":0},"end":{"line":80,"column":3}},"29":{"start":{"line":73,"column":2},"end":{"line":79,"column":3}},"30":{"start":{"line":74,"column":23},"end":{"line":74,"column":63}},"31":{"start":{"line":75,"column":4},"end":{"line":75,"column":29}},"32":{"start":{"line":77,"column":4},"end":{"line":77,"column":56}},"33":{"start":{"line":78,"column":4},"end":{"line":78,"column":67}},"34":{"start":{"line":87,"column":0},"end":{"line":124,"column":3}},"35":{"start":{"line":88,"column":2},"end":{"line":123,"column":3}},"36":{"start":{"line":89,"column":35},"end":{"line":89,"column":44}},"37":{"start":{"line":91,"column":18},"end":{"line":91,"column":20}},"38":{"start":{"line":92,"column":4},"end":{"line":96,"column":5}},"39":{"start":{"line":93,"column":6},"end":{"line":93,"column":27}},"40":{"start":{"line":94,"column":6},"end":{"line":94,"column":67}},"41":{"start":{"line":94,"column":21},"end":{"line":94,"column":67}},"42":{"start":{"line":95,"column":6},"end":{"line":95,"column":63}},"43":{"start":{"line":95,"column":19},"end":{"line":95,"column":63}},"44":{"start":{"line":99,"column":23},"end":{"line":102,"column":6}},"45":{"start":{"line":105,"column":24},"end":{"line":110,"column":6}},"46":{"start":{"line":113,"column":18},"end":{"line":113,"column":49}},"47":{"start":{"line":115,"column":4},"end":{"line":119,"column":7}},"48":{"start":{"line":121,"column":4},"end":{"line":121,"column":60}},"49":{"start":{"line":122,"column":4},"end":{"line":122,"column":66}},"50":{"start":{"line":131,"column":0},"end":{"line":168,"column":3}},"51":{"start":{"line":132,"column":2},"end":{"line":167,"column":3}},"52":{"start":{"line":133,"column":23},"end":{"line":133,"column":33}},"53":{"start":{"line":134,"column":37},"end":{"line":134,"column":46}},"54":{"start":{"line":138,"column":19},"end":{"line":138,"column":37}},"55":{"start":{"line":139,"column":28},"end":{"line":153,"column":6}},"56":{"start":{"line":155,"column":4},"end":{"line":163,"column":7}},"57":{"start":{"line":165,"column":4},"end":{"line":165,"column":60}},"58":{"start":{"line":166,"column":4},"end":{"line":166,"column":71}},"59":{"start":{"line":175,"column":0},"end":{"line":202,"column":3}},"60":{"start":{"line":176,"column":2},"end":{"line":201,"column":3}},"61":{"start":{"line":177,"column":28},"end":{"line":177,"column":37}},"62":{"start":{"line":179,"column":22},"end":{"line":195,"column":6}},"63":{"start":{"line":197,"column":4},"end":{"line":197,"column":28}},"64":{"start":{"line":199,"column":4},"end":{"line":199,"column":63}},"65":{"start":{"line":200,"column":4},"end":{"line":200,"column":74}},"66":{"start":{"line":209,"column":0},"end":{"line":258,"column":3}},"67":{"start":{"line":210,"column":2},"end":{"line":257,"column":3}},"68":{"start":{"line":211,"column":60},"end":{"line":211,"column":68}},"69":{"start":{"line":213,"column":18},"end":{"line":213,"column":20}},"70":{"start":{"line":214,"column":4},"end":{"line":214,"column":38}},"71":{"start":{"line":214,"column":16},"end":{"line":214,"column":38}},"72":{"start":{"line":215,"column":4},"end":{"line":219,"column":5}},"73":{"start":{"line":216,"column":6},"end":{"line":216,"column":27}},"74":{"start":{"line":217,"column":6},"end":{"line":217,"column":67}},"75":{"start":{"line":217,"column":21},"end":{"line":217,"column":67}},"76":{"start":{"line":218,"column":6},"end":{"line":218,"column":63}},"77":{"start":{"line":218,"column":19},"end":{"line":218,"column":63}},"78":{"start":{"line":221,"column":17},"end":{"line":228,"column":6}},"79":{"start":{"line":231,"column":4},"end":{"line":243,"column":7}},"80":{"start":{"line":245,"column":4},"end":{"line":253,"column":5}},"81":{"start":{"line":247,"column":6},"end":{"line":247,"column":48}},"82":{"start":{"line":248,"column":6},"end":{"line":248,"column":82}},"83":{"start":{"line":250,"column":6},"end":{"line":250,"column":21}},"84":{"start":{"line":252,"column":6},"end":{"line":252,"column":21}},"85":{"start":{"line":255,"column":4},"end":{"line":255,"column":56}},"86":{"start":{"line":256,"column":4},"end":{"line":256,"column":67}},"87":{"start":{"line":265,"column":0},"end":{"line":289,"column":3}},"88":{"start":{"line":266,"column":2},"end":{"line":288,"column":3}},"89":{"start":{"line":267,"column":19},"end":{"line":267,"column":57}},"90":{"start":{"line":269,"column":4},"end":{"line":278,"column":7}},"91":{"start":{"line":280,"column":4},"end":{"line":284,"column":7}},"92":{"start":{"line":286,"column":4},"end":{"line":286,"column":50}},"93":{"start":{"line":287,"column":4},"end":{"line":287,"column":62}},"94":{"start":{"line":291,"column":0},"end":{"line":291,"column":24}}},"fnMap":{"0":{"name":"(anonymous_0)","decl":{"start":{"line":12,"column":16},"end":{"line":12,"column":17}},"loc":{"start":{"line":12,"column":36},"end":{"line":65,"column":1}},"line":12},"1":{"name":"(anonymous_1)","decl":{"start":{"line":72,"column":27},"end":{"line":72,"column":28}},"loc":{"start":{"line":72,"column":47},"end":{"line":80,"column":1}},"line":72},"2":{"name":"(anonymous_2)","decl":{"start":{"line":87,"column":21},"end":{"line":87,"column":22}},"loc":{"start":{"line":87,"column":41},"end":{"line":124,"column":1}},"line":87},"3":{"name":"(anonymous_3)","decl":{"start":{"line":131,"column":28},"end":{"line":131,"column":29}},"loc":{"start":{"line":131,"column":48},"end":{"line":168,"column":1}},"line":131},"4":{"name":"(anonymous_4)","decl":{"start":{"line":175,"column":34},"end":{"line":175,"column":35}},"loc":{"start":{"line":175,"column":54},"end":{"line":202,"column":1}},"line":175},"5":{"name":"(anonymous_5)","decl":{"start":{"line":209,"column":23},"end":{"line":209,"column":24}},"loc":{"start":{"line":209,"column":43},"end":{"line":258,"column":1}},"line":209},"6":{"name":"(anonymous_6)","decl":{"start":{"line":265,"column":24},"end":{"line":265,"column":25}},"loc":{"start":{"line":265,"column":44},"end":{"line":289,"column":1}},"line":265}},"branchMap":{"0":{"loc":{"start":{"line":21,"column":6},"end":{"line":21,"column":14}},"type":"default-arg","locations":[{"start":{"line":21,"column":13},"end":{"line":21,"column":14}}],"line":21},"1":{"loc":{"start":{"line":22,"column":6},"end":{"line":22,"column":16}},"type":"default-arg","locations":[{"start":{"line":22,"column":14},"end":{"line":22,"column":16}}],"line":22},"2":{"loc":{"start":{"line":28,"column":4},"end":{"line":28,"column":38}},"type":"if","locations":[{"start":{"line":28,"column":4},"end":{"line":28,"column":38}},{"start":{},"end":{}}],"line":28},"3":{"loc":{"start":{"line":29,"column":4},"end":{"line":29,"column":47}},"type":"if","locations":[{"start":{"line":29,"column":4},"end":{"line":29,"column":47}},{"start":{},"end":{}}],"line":29},"4":{"loc":{"start":{"line":30,"column":4},"end":{"line":30,"column":44}},"type":"if","locations":[{"start":{"line":30,"column":4},"end":{"line":30,"column":44}},{"start":{},"end":{}}],"line":30},"5":{"loc":{"start":{"line":31,"column":4},"end":{"line":31,"column":56}},"type":"if","locations":[{"start":{"line":31,"column":4},"end":{"line":31,"column":56}},{"start":{},"end":{}}],"line":31},"6":{"loc":{"start":{"line":33,"column":4},"end":{"line":37,"column":5}},"type":"if","locations":[{"start":{"line":33,"column":4},"end":{"line":37,"column":5}},{"start":{},"end":{}}],"line":33},"7":{"loc":{"start":{"line":33,"column":8},"end":{"line":33,"column":28}},"type":"binary-expr","locations":[{"start":{"line":33,"column":8},"end":{"line":33,"column":17}},{"start":{"line":33,"column":21},"end":{"line":33,"column":28}}],"line":33},"8":{"loc":{"start":{"line":35,"column":6},"end":{"line":35,"column":67}},"type":"if","locations":[{"start":{"line":35,"column":6},"end":{"line":35,"column":67}},{"start":{},"end":{}}],"line":35},"9":{"loc":{"start":{"line":36,"column":6},"end":{"line":36,"column":63}},"type":"if","locations":[{"start":{"line":36,"column":6},"end":{"line":36,"column":63}},{"start":{},"end":{}}],"line":36},"10":{"loc":{"start":{"line":92,"column":4},"end":{"line":96,"column":5}},"type":"if","locations":[{"start":{"line":92,"column":4},"end":{"line":96,"column":5}},{"start":{},"end":{}}],"line":92},"11":{"loc":{"start":{"line":92,"column":8},"end":{"line":92,"column":28}},"type":"binary-expr","locations":[{"start":{"line":92,"column":8},"end":{"line":92,"column":17}},{"start":{"line":92,"column":21},"end":{"line":92,"column":28}}],"line":92},"12":{"loc":{"start":{"line":94,"column":6},"end":{"line":94,"column":67}},"type":"if","locations":[{"start":{"line":94,"column":6},"end":{"line":94,"column":67}},{"start":{},"end":{}}],"line":94},"13":{"loc":{"start":{"line":95,"column":6},"end":{"line":95,"column":63}},"type":"if","locations":[{"start":{"line":95,"column":6},"end":{"line":95,"column":63}},{"start":{},"end":{}}],"line":95},"14":{"loc":{"start":{"line":134,"column":12},"end":{"line":134,"column":20}},"type":"default-arg","locations":[{"start":{"line":134,"column":19},"end":{"line":134,"column":20}}],"line":134},"15":{"loc":{"start":{"line":134,"column":22},"end":{"line":134,"column":32}},"type":"default-arg","locations":[{"start":{"line":134,"column":30},"end":{"line":134,"column":32}}],"line":134},"16":{"loc":{"start":{"line":177,"column":12},"end":{"line":177,"column":23}},"type":"default-arg","locations":[{"start":{"line":177,"column":20},"end":{"line":177,"column":23}}],"line":177},"17":{"loc":{"start":{"line":211,"column":40},"end":{"line":211,"column":55}},"type":"default-arg","locations":[{"start":{"line":211,"column":49},"end":{"line":211,"column":55}}],"line":211},"18":{"loc":{"start":{"line":214,"column":4},"end":{"line":214,"column":38}},"type":"if","locations":[{"start":{"line":214,"column":4},"end":{"line":214,"column":38}},{"start":{},"end":{}}],"line":214},"19":{"loc":{"start":{"line":215,"column":4},"end":{"line":219,"column":5}},"type":"if","locations":[{"start":{"line":215,"column":4},"end":{"line":219,"column":5}},{"start":{},"end":{}}],"line":215},"20":{"loc":{"start":{"line":215,"column":8},"end":{"line":215,"column":28}},"type":"binary-expr","locations":[{"start":{"line":215,"column":8},"end":{"line":215,"column":17}},{"start":{"line":215,"column":21},"end":{"line":215,"column":28}}],"line":215},"21":{"loc":{"start":{"line":217,"column":6},"end":{"line":217,"column":67}},"type":"if","locations":[{"start":{"line":217,"column":6},"end":{"line":217,"column":67}},{"start":{},"end":{}}],"line":217},"22":{"loc":{"start":{"line":218,"column":6},"end":{"line":218,"column":63}},"type":"if","locations":[{"start":{"line":218,"column":6},"end":{"line":218,"column":63}},{"start":{},"end":{}}],"line":218},"23":{"loc":{"start":{"line":245,"column":4},"end":{"line":253,"column":5}},"type":"if","locations":[{"start":{"line":245,"column":4},"end":{"line":253,"column":5}},{"start":{"line":251,"column":11},"end":{"line":253,"column":5}}],"line":245}},"s":{"0":0,"1":0,"2":0,"3":0,"4":0,"5":0,"6":0,"7":0,"8":0,"9":0,"10":0,"11":0,"12":0,"13":0,"14":0,"15":0,"16":0,"17":0,"18":0,"19":0,"20":0,"21":0,"22":0,"23":0,"24":0,"25":0,"26":0,"27":0,"28":0,"29":0,"30":0,"31":0,"32":0,"33":0,"34":0,"35":0,"36":0,"37":0,"38":0,"39":0,"40":0,"41":0,"42":0,"43":0,"44":0,"45":0,"46":0,"47":0,"48":0,"49":0,"50":0,"51":0,"52":0,"53":0,"54":0,"55":0,"56":0,"57":0,"58":0,"59":0,"60":0,"61":0,"62":0,"63":0,"64":0,"65":0,"66":0,"67":0,"68":0,"69":0,"70":0,"71":0,"72":0,"73":0,"74":0,"75":0,"76":0,"77":0,"78":0,"79":0,"80":0,"81":0,"82":0,"83":0,"84":0,"85":0,"86":0,"87":0,"88":0,"89":0,"90":0,"91":0,"92":0,"93":0,"94":0},"f":{"0":0,"1":0,"2":0,"3":0,"4":0,"5":0,"6":0},"b":{"0":[0],"1":[0],"2":[0,0],"3":[0,0],"4":[0,0],"5":[0,0],"6":[0,0],"7":[0,0],"8":[0,0],"9":[0,0],"10":[0,0],"11":[0,0],"12":[0,0],"13":[0,0],"14":[0],"15":[0],"16":[0],"17":[0],"18":[0,0],"19":[0,0],"20":[0,0],"21":[0,0],"22":[0,0],"23":[0,0]}}
,"/Users/officedesktop/Documents/GitHub/milassist/server/routes/auth.js": {"path":"/Users/officedesktop/Documents/GitHub/milassist/server/routes/auth.js","statementMap":{"0":{"start":{"line":1,"column":16},"end":{"line":1,"column":34}},"1":{"start":{"line":2,"column":15},"end":{"line":2,"column":31}},"2":{"start":{"line":3,"column":15},"end":{"line":3,"column":34}},"3":{"start":{"line":4,"column":12},"end":{"line":4,"column":35}},"4":{"start":{"line":5,"column":18},"end":{"line":5,"column":47}},"5":{"start":{"line":6,"column":24},"end":{"line":6,"column":44}},"6":{"start":{"line":7,"column":37},"end":{"line":7,"column":66}},"7":{"start":{"line":8,"column":24},"end":{"line":8,"column":55}},"8":{"start":{"line":11,"column":20},"end":{"line":17,"column":2}},"9":{"start":{"line":20,"column":0},"end":{"line":48,"column":3}},"10":{"start":{"line":21,"column":4},"end":{"line":47,"column":5}},"11":{"start":{"line":22,"column":48},"end":{"line":22,"column":56}},"12":{"start":{"line":23,"column":31},"end":{"line":23,"column":62}},"13":{"start":{"line":25,"column":21},"end":{"line":30,"column":10}},"14":{"start":{"line":33,"column":8},"end":{"line":42,"column":11}},"15":{"start":{"line":44,"column":8},"end":{"line":44,"column":88}},"16":{"start":{"line":46,"column":8},"end":{"line":46,"column":55}},"17":{"start":{"line":51,"column":0},"end":{"line":105,"column":3}},"18":{"start":{"line":52,"column":4},"end":{"line":104,"column":5}},"19":{"start":{"line":53,"column":36},"end":{"line":53,"column":44}},"20":{"start":{"line":54,"column":21},"end":{"line":54,"column":61}},"21":{"start":{"line":56,"column":8},"end":{"line":69,"column":9}},"22":{"start":{"line":58,"column":12},"end":{"line":67,"column":15}},"23":{"start":{"line":68,"column":12},"end":{"line":68,"column":69}},"24":{"start":{"line":71,"column":30},"end":{"line":71,"column":80}},"25":{"start":{"line":72,"column":8},"end":{"line":86,"column":9}},"26":{"start":{"line":74,"column":12},"end":{"line":84,"column":15}},"27":{"start":{"line":85,"column":12},"end":{"line":85,"column":71}},"28":{"start":{"line":88,"column":22},"end":{"line":88,"column":105}},"29":{"start":{"line":91,"column":8},"end":{"line":99,"column":11}},"30":{"start":{"line":101,"column":8},"end":{"line":101,"column":85}},"31":{"start":{"line":103,"column":8},"end":{"line":103,"column":55}},"32":{"start":{"line":107,"column":0},"end":{"line":107,"column":24}}},"fnMap":{"0":{"name":"(anonymous_0)","decl":{"start":{"line":20,"column":25},"end":{"line":20,"column":26}},"loc":{"start":{"line":20,"column":45},"end":{"line":48,"column":1}},"line":20},"1":{"name":"(anonymous_1)","decl":{"start":{"line":51,"column":35},"end":{"line":51,"column":36}},"loc":{"start":{"line":51,"column":55},"end":{"line":105,"column":1}},"line":51}},"branchMap":{"0":{"loc":{"start":{"line":56,"column":8},"end":{"line":69,"column":9}},"type":"if","locations":[{"start":{"line":56,"column":8},"end":{"line":69,"column":9}},{"start":{},"end":{}}],"line":56},"1":{"loc":{"start":{"line":72,"column":8},"end":{"line":86,"column":9}},"type":"if","locations":[{"start":{"line":72,"column":8},"end":{"line":86,"column":9}},{"start":{},"end":{}}],"line":72}},"s":{"0":1,"1":1,"2":1,"3":1,"4":1,"5":1,"6":1,"7":1,"8":1,"9":1,"10":3,"11":3,"12":3,"13":2,"14":0,"15":0,"16":3,"17":1,"18":1,"19":1,"20":1,"21":0,"22":0,"23":0,"24":0,"25":0,"26":0,"27":0,"28":0,"29":0,"30":0,"31":1,"32":1},"f":{"0":3,"1":1},"b":{"0":[0,0],"1":[0,0]},"_coverageSchema":"1a1c01bbd47fc00a2c39e90264f33305004495a9","hash":"b299e1daf16d81087a47efee76fadd8fe182cd83"}
,"/Users/officedesktop/Documents/GitHub/milassist/server/routes/calendar.js": {"path":"/Users/officedesktop/Documents/GitHub/milassist/server/routes/calendar.js","statementMap":{"0":{"start":{"line":1,"column":16},"end":{"line":1,"column":34}},"1":{"start":{"line":2,"column":15},"end":{"line":2,"column":31}},"2":{"start":{"line":3,"column":31},"end":{"line":3,"column":51}},"3":{"start":{"line":4,"column":30},"end":{"line":4,"column":59}},"4":{"start":{"line":5,"column":24},"end":{"line":5,"column":55}},"5":{"start":{"line":6,"column":15},"end":{"line":6,"column":32}},"6":{"start":{"line":9,"column":0},"end":{"line":24,"column":3}},"7":{"start":{"line":10,"column":4},"end":{"line":23,"column":5}},"8":{"start":{"line":11,"column":29},"end":{"line":11,"column":39}},"9":{"start":{"line":12,"column":8},"end":{"line":14,"column":9}},"10":{"start":{"line":13,"column":12},"end":{"line":13,"column":71}},"11":{"start":{"line":16,"column":22},"end":{"line":16,"column":80}},"12":{"start":{"line":17,"column":28},"end":{"line":17,"column":109}},"13":{"start":{"line":19,"column":24},"end":{"line":19,"column":80}},"14":{"start":{"line":20,"column":8},"end":{"line":20,"column":30}},"15":{"start":{"line":22,"column":8},"end":{"line":22,"column":55}},"16":{"start":{"line":27,"column":0},"end":{"line":56,"column":3}},"17":{"start":{"line":28,"column":4},"end":{"line":55,"column":5}},"18":{"start":{"line":29,"column":29},"end":{"line":29,"column":39}},"19":{"start":{"line":30,"column":32},"end":{"line":30,"column":41}},"20":{"start":{"line":32,"column":8},"end":{"line":34,"column":9}},"21":{"start":{"line":33,"column":12},"end":{"line":33,"column":65}},"22":{"start":{"line":36,"column":37},"end":{"line":36,"column":53}},"23":{"start":{"line":37,"column":23},"end":{"line":37,"column":82}},"24":{"start":{"line":39,"column":27},"end":{"line":39,"column":74}},"25":{"start":{"line":41,"column":8},"end":{"line":49,"column":11}},"26":{"start":{"line":51,"column":8},"end":{"line":51,"column":110}},"27":{"start":{"line":53,"column":8},"end":{"line":53,"column":63}},"28":{"start":{"line":54,"column":8},"end":{"line":54,"column":54}},"29":{"start":{"line":59,"column":0},"end":{"line":69,"column":3}},"30":{"start":{"line":60,"column":4},"end":{"line":68,"column":5}},"31":{"start":{"line":61,"column":28},"end":{"line":64,"column":10}},"32":{"start":{"line":65,"column":8},"end":{"line":65,"column":30}},"33":{"start":{"line":67,"column":8},"end":{"line":67,"column":55}},"34":{"start":{"line":72,"column":0},"end":{"line":93,"column":3}},"35":{"start":{"line":73,"column":4},"end":{"line":92,"column":5}},"36":{"start":{"line":74,"column":27},"end":{"line":76,"column":10}},"37":{"start":{"line":78,"column":8},"end":{"line":80,"column":9}},"38":{"start":{"line":79,"column":12},"end":{"line":79,"column":76}},"39":{"start":{"line":82,"column":23},"end":{"line":87,"column":9}},"40":{"start":{"line":89,"column":8},"end":{"line":89,"column":60}},"41":{"start":{"line":91,"column":8},"end":{"line":91,"column":55}},"42":{"start":{"line":96,"column":0},"end":{"line":119,"column":3}},"43":{"start":{"line":97,"column":4},"end":{"line":118,"column":5}},"44":{"start":{"line":98,"column":51},"end":{"line":98,"column":59}},"45":{"start":{"line":100,"column":27},"end":{"line":102,"column":10}},"46":{"start":{"line":104,"column":8},"end":{"line":106,"column":9}},"47":{"start":{"line":105,"column":12},"end":{"line":105,"column":76}},"48":{"start":{"line":108,"column":22},"end":{"line":113,"column":10}},"49":{"start":{"line":115,"column":8},"end":{"line":115,"column":24}},"50":{"start":{"line":117,"column":8},"end":{"line":117,"column":55}},"51":{"start":{"line":121,"column":0},"end":{"line":121,"column":24}}},"fnMap":{"0":{"name":"(anonymous_0)","decl":{"start":{"line":9,"column":49},"end":{"line":9,"column":50}},"loc":{"start":{"line":9,"column":69},"end":{"line":24,"column":1}},"line":9},"1":{"name":"(anonymous_1)","decl":{"start":{"line":27,"column":34},"end":{"line":27,"column":35}},"loc":{"start":{"line":27,"column":54},"end":{"line":56,"column":1}},"line":27},"2":{"name":"(anonymous_2)","decl":{"start":{"line":59,"column":46},"end":{"line":59,"column":47}},"loc":{"start":{"line":59,"column":66},"end":{"line":69,"column":1}},"line":59},"3":{"name":"(anonymous_3)","decl":{"start":{"line":72,"column":41},"end":{"line":72,"column":42}},"loc":{"start":{"line":72,"column":61},"end":{"line":93,"column":1}},"line":72},"4":{"name":"(anonymous_4)","decl":{"start":{"line":96,"column":42},"end":{"line":96,"column":43}},"loc":{"start":{"line":96,"column":62},"end":{"line":119,"column":1}},"line":96}},"branchMap":{"0":{"loc":{"start":{"line":12,"column":8},"end":{"line":14,"column":9}},"type":"if","locations":[{"start":{"line":12,"column":8},"end":{"line":14,"column":9}},{"start":{},"end":{}}],"line":12},"1":{"loc":{"start":{"line":17,"column":31},"end":{"line":17,"column":77}},"type":"binary-expr","locations":[{"start":{"line":17,"column":31},"end":{"line":17,"column":50}},{"start":{"line":17,"column":54},"end":{"line":17,"column":77}}],"line":17},"2":{"loc":{"start":{"line":32,"column":8},"end":{"line":34,"column":9}},"type":"if","locations":[{"start":{"line":32,"column":8},"end":{"line":34,"column":9}},{"start":{},"end":{}}],"line":32},"3":{"loc":{"start":{"line":32,"column":12},"end":{"line":32,"column":27}},"type":"binary-expr","locations":[{"start":{"line":32,"column":12},"end":{"line":32,"column":17}},{"start":{"line":32,"column":21},"end":{"line":32,"column":27}}],"line":32},"4":{"loc":{"start":{"line":51,"column":24},"end":{"line":51,"column":75}},"type":"binary-expr","locations":[{"start":{"line":51,"column":24},"end":{"line":51,"column":48}},{"start":{"line":51,"column":52},"end":{"line":51,"column":75}}],"line":51},"5":{"loc":{"start":{"line":78,"column":8},"end":{"line":80,"column":9}},"type":"if","locations":[{"start":{"line":78,"column":8},"end":{"line":80,"column":9}},{"start":{},"end":{}}],"line":78},"6":{"loc":{"start":{"line":104,"column":8},"end":{"line":106,"column":9}},"type":"if","locations":[{"start":{"line":104,"column":8},"end":{"line":106,"column":9}},{"start":{},"end":{}}],"line":104}},"s":{"0":0,"1":0,"2":0,"3":0,"4":0,"5":0,"6":0,"7":0,"8":0,"9":0,"10":0,"11":0,"12":0,"13":0,"14":0,"15":0,"16":0,"17":0,"18":0,"19":0,"20":0,"21":0,"22":0,"23":0,"24":0,"25":0,"26":0,"27":0,"28":0,"29":0,"30":0,"31":0,"32":0,"33":0,"34":0,"35":0,"36":0,"37":0,"38":0,"39":0,"40":0,"41":0,"42":0,"43":0,"44":0,"45":0,"46":0,"47":0,"48":0,"49":0,"50":0,"51":0},"f":{"0":0,"1":0,"2":0,"3":0,"4":0},"b":{"0":[0,0],"1":[0,0],"2":[0,0],"3":[0,0],"4":[0,0],"5":[0,0],"6":[0,0]}}
,"/Users/officedesktop/Documents/GitHub/milassist/server/routes/communication.js": {"path":"/Users/officedesktop/Documents/GitHub/milassist/server/routes/communication.js","statementMap":{"0":{"start":{"line":1,"column":16},"end":{"line":1,"column":34}},"1":{"start":{"line":2,"column":15},"end":{"line":2,"column":31}},"2":{"start":{"line":3,"column":36},"end":{"line":3,"column":56}},"3":{"start":{"line":4,"column":30},"end":{"line":4,"column":59}},"4":{"start":{"line":7,"column":0},"end":{"line":21,"column":3}},"5":{"start":{"line":8,"column":4},"end":{"line":20,"column":5}},"6":{"start":{"line":9,"column":22},"end":{"line":9,"column":24}},"7":{"start":{"line":10,"column":8},"end":{"line":10,"column":69}},"8":{"start":{"line":10,"column":40},"end":{"line":10,"column":69}},"9":{"start":{"line":13,"column":22},"end":{"line":16,"column":10}},"10":{"start":{"line":17,"column":8},"end":{"line":17,"column":24}},"11":{"start":{"line":19,"column":8},"end":{"line":19,"column":55}},"12":{"start":{"line":24,"column":0},"end":{"line":34,"column":3}},"13":{"start":{"line":25,"column":4},"end":{"line":33,"column":5}},"14":{"start":{"line":26,"column":22},"end":{"line":26,"column":24}},"15":{"start":{"line":27,"column":8},"end":{"line":27,"column":69}},"16":{"start":{"line":27,"column":40},"end":{"line":27,"column":69}},"17":{"start":{"line":29,"column":21},"end":{"line":29,"column":57}},"18":{"start":{"line":30,"column":8},"end":{"line":30,"column":29}},"19":{"start":{"line":32,"column":8},"end":{"line":32,"column":55}},"20":{"start":{"line":37,"column":0},"end":{"line":52,"column":3}},"21":{"start":{"line":38,"column":4},"end":{"line":38,"column":63}},"22":{"start":{"line":38,"column":36},"end":{"line":38,"column":63}},"23":{"start":{"line":39,"column":4},"end":{"line":51,"column":5}},"24":{"start":{"line":40,"column":32},"end":{"line":43,"column":10}},"25":{"start":{"line":45,"column":8},"end":{"line":47,"column":9}},"26":{"start":{"line":46,"column":12},"end":{"line":46,"column":40}},"27":{"start":{"line":48,"column":8},"end":{"line":48,"column":23}},"28":{"start":{"line":50,"column":8},"end":{"line":50,"column":55}},"29":{"start":{"line":55,"column":0},"end":{"line":58,"column":3}},"30":{"start":{"line":57,"column":4},"end":{"line":57,"column":68}},"31":{"start":{"line":60,"column":0},"end":{"line":60,"column":24}}},"fnMap":{"0":{"name":"(anonymous_0)","decl":{"start":{"line":7,"column":39},"end":{"line":7,"column":40}},"loc":{"start":{"line":7,"column":59},"end":{"line":21,"column":1}},"line":7},"1":{"name":"(anonymous_1)","decl":{"start":{"line":24,"column":40},"end":{"line":24,"column":41}},"loc":{"start":{"line":24,"column":60},"end":{"line":34,"column":1}},"line":24},"2":{"name":"(anonymous_2)","decl":{"start":{"line":37,"column":41},"end":{"line":37,"column":42}},"loc":{"start":{"line":37,"column":61},"end":{"line":52,"column":1}},"line":37},"3":{"name":"(anonymous_3)","decl":{"start":{"line":55,"column":30},"end":{"line":55,"column":31}},"loc":{"start":{"line":55,"column":50},"end":{"line":58,"column":1}},"line":55}},"branchMap":{"0":{"loc":{"start":{"line":10,"column":8},"end":{"line":10,"column":69}},"type":"if","locations":[{"start":{"line":10,"column":8},"end":{"line":10,"column":69}},{"start":{},"end":{}}],"line":10},"1":{"loc":{"start":{"line":27,"column":8},"end":{"line":27,"column":69}},"type":"if","locations":[{"start":{"line":27,"column":8},"end":{"line":27,"column":69}},{"start":{},"end":{}}],"line":27},"2":{"loc":{"start":{"line":30,"column":17},"end":{"line":30,"column":27}},"type":"binary-expr","locations":[{"start":{"line":30,"column":17},"end":{"line":30,"column":21}},{"start":{"line":30,"column":25},"end":{"line":30,"column":27}}],"line":30},"3":{"loc":{"start":{"line":38,"column":4},"end":{"line":38,"column":63}},"type":"if","locations":[{"start":{"line":38,"column":4},"end":{"line":38,"column":63}},{"start":{},"end":{}}],"line":38},"4":{"loc":{"start":{"line":45,"column":8},"end":{"line":47,"column":9}},"type":"if","locations":[{"start":{"line":45,"column":8},"end":{"line":47,"column":9}},{"start":{},"end":{}}],"line":45}},"s":{"0":0,"1":0,"2":0,"3":0,"4":0,"5":0,"6":0,"7":0,"8":0,"9":0,"10":0,"11":0,"12":0,"13":0,"14":0,"15":0,"16":0,"17":0,"18":0,"19":0,"20":0,"21":0,"22":0,"23":0,"24":0,"25":0,"26":0,"27":0,"28":0,"29":0,"30":0,"31":0},"f":{"0":0,"1":0,"2":0,"3":0},"b":{"0":[0,0],"1":[0,0],"2":[0,0],"3":[0,0],"4":[0,0]}}
,"/Users/officedesktop/Documents/GitHub/milassist/server/routes/documents.js": {"path":"/Users/officedesktop/Documents/GitHub/milassist/server/routes/documents.js","statementMap":{"0":{"start":{"line":1,"column":16},"end":{"line":1,"column":34}},"1":{"start":{"line":2,"column":15},"end":{"line":2,"column":31}},"2":{"start":{"line":3,"column":27},"end":{"line":3,"column":47}},"3":{"start":{"line":4,"column":30},"end":{"line":4,"column":59}},"4":{"start":{"line":5,"column":47},"end":{"line":5,"column":75}},"5":{"start":{"line":6,"column":33},"end":{"line":6,"column":68}},"6":{"start":{"line":7,"column":19},"end":{"line":7,"column":46}},"7":{"start":{"line":10,"column":0},"end":{"line":40,"column":3}},"8":{"start":{"line":11,"column":4},"end":{"line":39,"column":5}},"9":{"start":{"line":12,"column":22},"end":{"line":12,"column":24}},"10":{"start":{"line":15,"column":8},"end":{"line":19,"column":9}},"11":{"start":{"line":16,"column":12},"end":{"line":16,"column":41}},"12":{"start":{"line":17,"column":15},"end":{"line":19,"column":9}},"13":{"start":{"line":18,"column":12},"end":{"line":18,"column":44}},"14":{"start":{"line":22,"column":26},"end":{"line":25,"column":10}},"15":{"start":{"line":28,"column":8},"end":{"line":33,"column":9}},"16":{"start":{"line":29,"column":12},"end":{"line":32,"column":13}},"17":{"start":{"line":30,"column":28},"end":{"line":30,"column":53}},"18":{"start":{"line":31,"column":16},"end":{"line":31,"column":50}},"19":{"start":{"line":35,"column":8},"end":{"line":35,"column":28}},"20":{"start":{"line":37,"column":8},"end":{"line":37,"column":57}},"21":{"start":{"line":38,"column":8},"end":{"line":38,"column":55}},"22":{"start":{"line":43,"column":0},"end":{"line":70,"column":3}},"23":{"start":{"line":44,"column":4},"end":{"line":69,"column":5}},"24":{"start":{"line":45,"column":8},"end":{"line":47,"column":9}},"25":{"start":{"line":46,"column":12},"end":{"line":46,"column":71}},"26":{"start":{"line":49,"column":45},"end":{"line":49,"column":53}},"27":{"start":{"line":52,"column":24},"end":{"line":52,"column":76}},"28":{"start":{"line":54,"column":25},"end":{"line":62,"column":10}},"29":{"start":{"line":64,"column":8},"end":{"line":64,"column":80}},"30":{"start":{"line":65,"column":8},"end":{"line":65,"column":39}},"31":{"start":{"line":67,"column":8},"end":{"line":67,"column":57}},"32":{"start":{"line":68,"column":8},"end":{"line":68,"column":55}},"33":{"start":{"line":73,"column":0},"end":{"line":98,"column":3}},"34":{"start":{"line":74,"column":4},"end":{"line":97,"column":5}},"35":{"start":{"line":75,"column":25},"end":{"line":75,"column":63}},"36":{"start":{"line":76,"column":8},"end":{"line":78,"column":9}},"37":{"start":{"line":77,"column":12},"end":{"line":77,"column":73}},"38":{"start":{"line":81,"column":8},"end":{"line":85,"column":9}},"39":{"start":{"line":84,"column":12},"end":{"line":84,"column":68}},"40":{"start":{"line":88,"column":8},"end":{"line":91,"column":9}},"41":{"start":{"line":89,"column":24},"end":{"line":89,"column":54}},"42":{"start":{"line":90,"column":12},"end":{"line":90,"column":51}},"43":{"start":{"line":93,"column":8},"end":{"line":93,"column":27}},"44":{"start":{"line":95,"column":8},"end":{"line":95,"column":56}},"45":{"start":{"line":96,"column":8},"end":{"line":96,"column":55}},"46":{"start":{"line":101,"column":0},"end":{"line":126,"column":3}},"47":{"start":{"line":102,"column":4},"end":{"line":125,"column":5}},"48":{"start":{"line":103,"column":20},"end":{"line":103,"column":58}},"49":{"start":{"line":104,"column":8},"end":{"line":104,"column":79}},"50":{"start":{"line":104,"column":18},"end":{"line":104,"column":79}},"51":{"start":{"line":106,"column":25},"end":{"line":106,"column":43}},"52":{"start":{"line":107,"column":8},"end":{"line":111,"column":11}},"53":{"start":{"line":112,"column":8},"end":{"line":112,"column":32}},"54":{"start":{"line":115,"column":8},"end":{"line":117,"column":9}},"55":{"start":{"line":116,"column":12},"end":{"line":116,"column":41}},"56":{"start":{"line":119,"column":8},"end":{"line":119,"column":25}},"57":{"start":{"line":120,"column":8},"end":{"line":120,"column":79}},"58":{"start":{"line":121,"column":8},"end":{"line":121,"column":22}},"59":{"start":{"line":123,"column":8},"end":{"line":123,"column":53}},"60":{"start":{"line":124,"column":8},"end":{"line":124,"column":55}},"61":{"start":{"line":129,"column":0},"end":{"line":153,"column":3}},"62":{"start":{"line":130,"column":4},"end":{"line":152,"column":5}},"63":{"start":{"line":131,"column":25},"end":{"line":131,"column":63}},"64":{"start":{"line":132,"column":8},"end":{"line":134,"column":9}},"65":{"start":{"line":133,"column":12},"end":{"line":133,"column":73}},"66":{"start":{"line":137,"column":8},"end":{"line":139,"column":9}},"67":{"start":{"line":138,"column":12},"end":{"line":138,"column":68}},"68":{"start":{"line":142,"column":8},"end":{"line":144,"column":9}},"69":{"start":{"line":143,"column":12},"end":{"line":143,"column":45}},"70":{"start":{"line":146,"column":8},"end":{"line":146,"column":33}},"71":{"start":{"line":147,"column":8},"end":{"line":147,"column":79}},"72":{"start":{"line":148,"column":8},"end":{"line":148,"column":63}},"73":{"start":{"line":150,"column":8},"end":{"line":150,"column":56}},"74":{"start":{"line":151,"column":8},"end":{"line":151,"column":55}},"75":{"start":{"line":155,"column":0},"end":{"line":155,"column":24}}},"fnMap":{"0":{"name":"(anonymous_0)","decl":{"start":{"line":10,"column":35},"end":{"line":10,"column":36}},"loc":{"start":{"line":10,"column":55},"end":{"line":40,"column":1}},"line":10},"1":{"name":"(anonymous_1)","decl":{"start":{"line":43,"column":98},"end":{"line":43,"column":99}},"loc":{"start":{"line":43,"column":118},"end":{"line":70,"column":1}},"line":43},"2":{"name":"(anonymous_2)","decl":{"start":{"line":73,"column":38},"end":{"line":73,"column":39}},"loc":{"start":{"line":73,"column":58},"end":{"line":98,"column":1}},"line":73},"3":{"name":"(anonymous_3)","decl":{"start":{"line":101,"column":48},"end":{"line":101,"column":49}},"loc":{"start":{"line":101,"column":68},"end":{"line":126,"column":1}},"line":101},"4":{"name":"(anonymous_4)","decl":{"start":{"line":129,"column":41},"end":{"line":129,"column":42}},"loc":{"start":{"line":129,"column":61},"end":{"line":153,"column":1}},"line":129}},"branchMap":{"0":{"loc":{"start":{"line":15,"column":8},"end":{"line":19,"column":9}},"type":"if","locations":[{"start":{"line":15,"column":8},"end":{"line":19,"column":9}},{"start":{"line":17,"column":15},"end":{"line":19,"column":9}}],"line":15},"1":{"loc":{"start":{"line":17,"column":15},"end":{"line":19,"column":9}},"type":"if","locations":[{"start":{"line":17,"column":15},"end":{"line":19,"column":9}},{"start":{},"end":{}}],"line":17},"2":{"loc":{"start":{"line":29,"column":12},"end":{"line":32,"column":13}},"type":"if","locations":[{"start":{"line":29,"column":12},"end":{"line":32,"column":13}},{"start":{},"end":{}}],"line":29},"3":{"loc":{"start":{"line":29,"column":16},"end":{"line":29,"column":60}},"type":"binary-expr","locations":[{"start":{"line":29,"column":16},"end":{"line":29,"column":23}},{"start":{"line":29,"column":27},"end":{"line":29,"column":60}}],"line":29},"4":{"loc":{"start":{"line":45,"column":8},"end":{"line":47,"column":9}},"type":"if","locations":[{"start":{"line":45,"column":8},"end":{"line":47,"column":9}},{"start":{},"end":{}}],"line":45},"5":{"loc":{"start":{"line":52,"column":24},"end":{"line":52,"column":76}},"type":"binary-expr","locations":[{"start":{"line":52,"column":24},"end":{"line":52,"column":41}},{"start":{"line":52,"column":45},"end":{"line":52,"column":76}}],"line":52},"6":{"loc":{"start":{"line":60,"column":22},"end":{"line":60,"column":82}},"type":"cond-expr","locations":[{"start":{"line":60,"column":51},"end":{"line":60,"column":62}},{"start":{"line":60,"column":65},"end":{"line":60,"column":82}}],"line":60},"7":{"loc":{"start":{"line":76,"column":8},"end":{"line":78,"column":9}},"type":"if","locations":[{"start":{"line":76,"column":8},"end":{"line":78,"column":9}},{"start":{},"end":{}}],"line":76},"8":{"loc":{"start":{"line":81,"column":8},"end":{"line":85,"column":9}},"type":"if","locations":[{"start":{"line":81,"column":8},"end":{"line":85,"column":9}},{"start":{},"end":{}}],"line":81},"9":{"loc":{"start":{"line":81,"column":12},"end":{"line":83,"column":48}},"type":"binary-expr","locations":[{"start":{"line":81,"column":12},"end":{"line":81,"column":37}},{"start":{"line":82,"column":12},"end":{"line":82,"column":45}},{"start":{"line":83,"column":12},"end":{"line":83,"column":48}}],"line":81},"10":{"loc":{"start":{"line":88,"column":8},"end":{"line":91,"column":9}},"type":"if","locations":[{"start":{"line":88,"column":8},"end":{"line":91,"column":9}},{"start":{},"end":{}}],"line":88},"11":{"loc":{"start":{"line":88,"column":12},"end":{"line":88,"column":66}},"type":"binary-expr","locations":[{"start":{"line":88,"column":12},"end":{"line":88,"column":24}},{"start":{"line":88,"column":28},"end":{"line":88,"column":66}}],"line":88},"12":{"loc":{"start":{"line":104,"column":8},"end":{"line":104,"column":79}},"type":"if","locations":[{"start":{"line":104,"column":8},"end":{"line":104,"column":79}},{"start":{},"end":{}}],"line":104},"13":{"loc":{"start":{"line":106,"column":25},"end":{"line":106,"column":43}},"type":"binary-expr","locations":[{"start":{"line":106,"column":25},"end":{"line":106,"column":37}},{"start":{"line":106,"column":41},"end":{"line":106,"column":43}}],"line":106},"14":{"loc":{"start":{"line":115,"column":8},"end":{"line":117,"column":9}},"type":"if","locations":[{"start":{"line":115,"column":8},"end":{"line":117,"column":9}},{"start":{},"end":{}}],"line":115},"15":{"loc":{"start":{"line":132,"column":8},"end":{"line":134,"column":9}},"type":"if","locations":[{"start":{"line":132,"column":8},"end":{"line":134,"column":9}},{"start":{},"end":{}}],"line":132},"16":{"loc":{"start":{"line":137,"column":8},"end":{"line":139,"column":9}},"type":"if","locations":[{"start":{"line":137,"column":8},"end":{"line":139,"column":9}},{"start":{},"end":{}}],"line":137},"17":{"loc":{"start":{"line":137,"column":12},"end":{"line":137,"column":76}},"type":"binary-expr","locations":[{"start":{"line":137,"column":12},"end":{"line":137,"column":37}},{"start":{"line":137,"column":41},"end":{"line":137,"column":76}}],"line":137},"18":{"loc":{"start":{"line":142,"column":8},"end":{"line":144,"column":9}},"type":"if","locations":[{"start":{"line":142,"column":8},"end":{"line":144,"column":9}},{"start":{},"end":{}}],"line":142},"19":{"loc":{"start":{"line":142,"column":12},"end":{"line":142,"column":66}},"type":"binary-expr","locations":[{"start":{"line":142,"column":12},"end":{"line":142,"column":24}},{"start":{"line":142,"column":28},"end":{"line":142,"column":66}}],"line":142}},"s":{"0":0,"1":0,"2":0,"3":0,"4":0,"5":0,"6":0,"7":0,"8":0,"9":0,"10":0,"11":0,"12":0,"13":0,"14":0,"15":0,"16":0,"17":0,"18":0,"19":0,"20":0,"21":0,"22":0,"23":0,"24":0,"25":0,"26":0,"27":0,"28":0,"29":0,"30":0,"31":0,"32":0,"33":0,"34":0,"35":0,"36":0,"37":0,"38":0,"39":0,"40":0,"41":0,"42":0,"43":0,"44":0,"45":0,"46":0,"47":0,"48":0,"49":0,"50":0,"51":0,"52":0,"53":0,"54":0,"55":0,"56":0,"57":0,"58":0,"59":0,"60":0,"61":0,"62":0,"63":0,"64":0,"65":0,"66":0,"67":0,"68":0,"69":0,"70":0,"71":0,"72":0,"73":0,"74":0,"75":0},"f":{"0":0,"1":0,"2":0,"3":0,"4":0},"b":{"0":[0,0],"1":[0,0],"2":[0,0],"3":[0,0],"4":[0,0],"5":[0,0],"6":[0,0],"7":[0,0],"8":[0,0],"9":[0,0,0],"10":[0,0],"11":[0,0],"12":[0,0],"13":[0,0],"14":[0,0],"15":[0,0],"16":[0,0],"17":[0,0],"18":[0,0],"19":[0,0]}}
,"/Users/officedesktop/Documents/GitHub/milassist/server/routes/email.js": {"path":"/Users/officedesktop/Documents/GitHub/milassist/server/routes/email.js","statementMap":{"0":{"start":{"line":1,"column":16},"end":{"line":1,"column":34}},"1":{"start":{"line":2,"column":15},"end":{"line":2,"column":31}},"2":{"start":{"line":3,"column":34},"end":{"line":3,"column":54}},"3":{"start":{"line":4,"column":30},"end":{"line":4,"column":59}},"4":{"start":{"line":5,"column":22},"end":{"line":5,"column":51}},"5":{"start":{"line":6,"column":15},"end":{"line":6,"column":32}},"6":{"start":{"line":9,"column":0},"end":{"line":28,"column":3}},"7":{"start":{"line":10,"column":4},"end":{"line":27,"column":5}},"8":{"start":{"line":11,"column":29},"end":{"line":11,"column":39}},"9":{"start":{"line":12,"column":8},"end":{"line":14,"column":9}},"10":{"start":{"line":13,"column":12},"end":{"line":13,"column":71}},"11":{"start":{"line":16,"column":22},"end":{"line":16,"column":60}},"12":{"start":{"line":17,"column":28},"end":{"line":17,"column":106}},"13":{"start":{"line":21,"column":26},"end":{"line":21,"column":51}},"14":{"start":{"line":23,"column":24},"end":{"line":23,"column":82}},"15":{"start":{"line":24,"column":8},"end":{"line":24,"column":30}},"16":{"start":{"line":26,"column":8},"end":{"line":26,"column":55}},"17":{"start":{"line":31,"column":0},"end":{"line":71,"column":3}},"18":{"start":{"line":32,"column":4},"end":{"line":70,"column":5}},"19":{"start":{"line":33,"column":29},"end":{"line":33,"column":39}},"20":{"start":{"line":34,"column":32},"end":{"line":34,"column":41}},"21":{"start":{"line":36,"column":8},"end":{"line":38,"column":9}},"22":{"start":{"line":37,"column":12},"end":{"line":37,"column":65}},"23":{"start":{"line":41,"column":37},"end":{"line":41,"column":53}},"24":{"start":{"line":43,"column":28},"end":{"line":43,"column":106}},"25":{"start":{"line":46,"column":23},"end":{"line":46,"column":93}},"26":{"start":{"line":49,"column":22},"end":{"line":49,"column":85}},"27":{"start":{"line":52,"column":27},"end":{"line":52,"column":74}},"28":{"start":{"line":54,"column":8},"end":{"line":63,"column":11}},"29":{"start":{"line":66,"column":8},"end":{"line":66,"column":107}},"30":{"start":{"line":68,"column":8},"end":{"line":68,"column":54}},"31":{"start":{"line":69,"column":8},"end":{"line":69,"column":54}},"32":{"start":{"line":74,"column":0},"end":{"line":84,"column":3}},"33":{"start":{"line":75,"column":4},"end":{"line":83,"column":5}},"34":{"start":{"line":76,"column":28},"end":{"line":79,"column":10}},"35":{"start":{"line":80,"column":8},"end":{"line":80,"column":30}},"36":{"start":{"line":82,"column":8},"end":{"line":82,"column":55}},"37":{"start":{"line":87,"column":0},"end":{"line":104,"column":3}},"38":{"start":{"line":88,"column":4},"end":{"line":103,"column":5}},"39":{"start":{"line":89,"column":27},"end":{"line":91,"column":10}},"40":{"start":{"line":93,"column":8},"end":{"line":95,"column":9}},"41":{"start":{"line":94,"column":12},"end":{"line":94,"column":75}},"42":{"start":{"line":97,"column":8},"end":{"line":97,"column":43}},"43":{"start":{"line":98,"column":8},"end":{"line":98,"column":32}},"44":{"start":{"line":100,"column":8},"end":{"line":100,"column":52}},"45":{"start":{"line":102,"column":8},"end":{"line":102,"column":55}},"46":{"start":{"line":107,"column":0},"end":{"line":146,"column":3}},"47":{"start":{"line":108,"column":4},"end":{"line":145,"column":5}},"48":{"start":{"line":110,"column":8},"end":{"line":112,"column":9}},"49":{"start":{"line":111,"column":12},"end":{"line":111,"column":67}},"50":{"start":{"line":114,"column":27},"end":{"line":116,"column":10}},"51":{"start":{"line":118,"column":8},"end":{"line":120,"column":9}},"52":{"start":{"line":119,"column":12},"end":{"line":119,"column":80}},"53":{"start":{"line":123,"column":29},"end":{"line":140,"column":9}},"54":{"start":{"line":142,"column":8},"end":{"line":142,"column":101}},"55":{"start":{"line":144,"column":8},"end":{"line":144,"column":55}},"56":{"start":{"line":149,"column":0},"end":{"line":171,"column":3}},"57":{"start":{"line":150,"column":4},"end":{"line":170,"column":5}},"58":{"start":{"line":151,"column":8},"end":{"line":153,"column":9}},"59":{"start":{"line":152,"column":12},"end":{"line":152,"column":67}},"60":{"start":{"line":155,"column":38},"end":{"line":155,"column":46}},"61":{"start":{"line":156,"column":27},"end":{"line":158,"column":10}},"62":{"start":{"line":160,"column":8},"end":{"line":162,"column":9}},"63":{"start":{"line":161,"column":12},"end":{"line":161,"column":80}},"64":{"start":{"line":165,"column":8},"end":{"line":165,"column":85}},"65":{"start":{"line":167,"column":8},"end":{"line":167,"column":90}},"66":{"start":{"line":169,"column":8},"end":{"line":169,"column":55}},"67":{"start":{"line":173,"column":0},"end":{"line":173,"column":24}}},"fnMap":{"0":{"name":"(anonymous_0)","decl":{"start":{"line":9,"column":49},"end":{"line":9,"column":50}},"loc":{"start":{"line":9,"column":69},"end":{"line":28,"column":1}},"line":9},"1":{"name":"(anonymous_1)","decl":{"start":{"line":31,"column":34},"end":{"line":31,"column":35}},"loc":{"start":{"line":31,"column":54},"end":{"line":71,"column":1}},"line":31},"2":{"name":"(anonymous_2)","decl":{"start":{"line":74,"column":46},"end":{"line":74,"column":47}},"loc":{"start":{"line":74,"column":66},"end":{"line":84,"column":1}},"line":74},"3":{"name":"(anonymous_3)","decl":{"start":{"line":87,"column":53},"end":{"line":87,"column":54}},"loc":{"start":{"line":87,"column":73},"end":{"line":104,"column":1}},"line":87},"4":{"name":"(anonymous_4)","decl":{"start":{"line":107,"column":53},"end":{"line":107,"column":54}},"loc":{"start":{"line":107,"column":73},"end":{"line":146,"column":1}},"line":107},"5":{"name":"(anonymous_5)","decl":{"start":{"line":149,"column":50},"end":{"line":149,"column":51}},"loc":{"start":{"line":149,"column":70},"end":{"line":171,"column":1}},"line":149}},"branchMap":{"0":{"loc":{"start":{"line":12,"column":8},"end":{"line":14,"column":9}},"type":"if","locations":[{"start":{"line":12,"column":8},"end":{"line":14,"column":9}},{"start":{},"end":{}}],"line":12},"1":{"loc":{"start":{"line":17,"column":31},"end":{"line":17,"column":77}},"type":"binary-expr","locations":[{"start":{"line":17,"column":31},"end":{"line":17,"column":50}},{"start":{"line":17,"column":54},"end":{"line":17,"column":77}}],"line":17},"2":{"loc":{"start":{"line":36,"column":8},"end":{"line":38,"column":9}},"type":"if","locations":[{"start":{"line":36,"column":8},"end":{"line":38,"column":9}},{"start":{},"end":{}}],"line":36},"3":{"loc":{"start":{"line":36,"column":12},"end":{"line":36,"column":27}},"type":"binary-expr","locations":[{"start":{"line":36,"column":12},"end":{"line":36,"column":17}},{"start":{"line":36,"column":21},"end":{"line":36,"column":27}}],"line":36},"4":{"loc":{"start":{"line":43,"column":31},"end":{"line":43,"column":77}},"type":"binary-expr","locations":[{"start":{"line":43,"column":31},"end":{"line":43,"column":50}},{"start":{"line":43,"column":54},"end":{"line":43,"column":77}}],"line":43},"5":{"loc":{"start":{"line":62,"column":20},"end":{"line":62,"column":63}},"type":"cond-expr","locations":[{"start":{"line":62,"column":35},"end":{"line":62,"column":58}},{"start":{"line":62,"column":61},"end":{"line":62,"column":63}}],"line":62},"6":{"loc":{"start":{"line":66,"column":24},"end":{"line":66,"column":75}},"type":"binary-expr","locations":[{"start":{"line":66,"column":24},"end":{"line":66,"column":48}},{"start":{"line":66,"column":52},"end":{"line":66,"column":75}}],"line":66},"7":{"loc":{"start":{"line":93,"column":8},"end":{"line":95,"column":9}},"type":"if","locations":[{"start":{"line":93,"column":8},"end":{"line":95,"column":9}},{"start":{},"end":{}}],"line":93},"8":{"loc":{"start":{"line":110,"column":8},"end":{"line":112,"column":9}},"type":"if","locations":[{"start":{"line":110,"column":8},"end":{"line":112,"column":9}},{"start":{},"end":{}}],"line":110},"9":{"loc":{"start":{"line":110,"column":12},"end":{"line":110,"column":70}},"type":"binary-expr","locations":[{"start":{"line":110,"column":12},"end":{"line":110,"column":41}},{"start":{"line":110,"column":45},"end":{"line":110,"column":70}}],"line":110},"10":{"loc":{"start":{"line":118,"column":8},"end":{"line":120,"column":9}},"type":"if","locations":[{"start":{"line":118,"column":8},"end":{"line":120,"column":9}},{"start":{},"end":{}}],"line":118},"11":{"loc":{"start":{"line":151,"column":8},"end":{"line":153,"column":9}},"type":"if","locations":[{"start":{"line":151,"column":8},"end":{"line":153,"column":9}},{"start":{},"end":{}}],"line":151},"12":{"loc":{"start":{"line":151,"column":12},"end":{"line":151,"column":70}},"type":"binary-expr","locations":[{"start":{"line":151,"column":12},"end":{"line":151,"column":41}},{"start":{"line":151,"column":45},"end":{"line":151,"column":70}}],"line":151},"13":{"loc":{"start":{"line":160,"column":8},"end":{"line":162,"column":9}},"type":"if","locations":[{"start":{"line":160,"column":8},"end":{"line":162,"column":9}},{"start":{},"end":{}}],"line":160}},"s":{"0":0,"1":0,"2":0,"3":0,"4":0,"5":0,"6":0,"7":0,"8":0,"9":0,"10":0,"11":0,"12":0,"13":0,"14":0,"15":0,"16":0,"17":0,"18":0,"19":0,"20":0,"21":0,"22":0,"23":0,"24":0,"25":0,"26":0,"27":0,"28":0,"29":0,"30":0,"31":0,"32":0,"33":0,"34":0,"35":0,"36":0,"37":0,"38":0,"39":0,"40":0,"41":0,"42":0,"43":0,"44":0,"45":0,"46":0,"47":0,"48":0,"49":0,"50":0,"51":0,"52":0,"53":0,"54":0,"55":0,"56":0,"57":0,"58":0,"59":0,"60":0,"61":0,"62":0,"63":0,"64":0,"65":0,"66":0,"67":0},"f":{"0":0,"1":0,"2":0,"3":0,"4":0,"5":0},"b":{"0":[0,0],"1":[0,0],"2":[0,0],"3":[0,0],"4":[0,0],"5":[0,0],"6":[0,0],"7":[0,0],"8":[0,0],"9":[0,0],"10":[0,0],"11":[0,0],"12":[0,0],"13":[0,0]}}
,"/Users/officedesktop/Documents/GitHub/milassist/server/routes/forms.js": {"path":"/Users/officedesktop/Documents/GitHub/milassist/server/routes/forms.js","statementMap":{"0":{"start":{"line":1,"column":16},"end":{"line":1,"column":34}},"1":{"start":{"line":2,"column":15},"end":{"line":2,"column":31}},"2":{"start":{"line":3,"column":47},"end":{"line":3,"column":67}},"3":{"start":{"line":4,"column":30},"end":{"line":4,"column":59}},"4":{"start":{"line":9,"column":0},"end":{"line":16,"column":3}},"5":{"start":{"line":10,"column":4},"end":{"line":15,"column":5}},"6":{"start":{"line":11,"column":26},"end":{"line":11,"column":84}},"7":{"start":{"line":12,"column":8},"end":{"line":12,"column":28}},"8":{"start":{"line":14,"column":8},"end":{"line":14,"column":55}},"9":{"start":{"line":19,"column":0},"end":{"line":27,"column":3}},"10":{"start":{"line":20,"column":4},"end":{"line":20,"column":62}},"11":{"start":{"line":20,"column":35},"end":{"line":20,"column":62}},"12":{"start":{"line":21,"column":4},"end":{"line":26,"column":5}},"13":{"start":{"line":22,"column":25},"end":{"line":22,"column":60}},"14":{"start":{"line":23,"column":8},"end":{"line":23,"column":39}},"15":{"start":{"line":25,"column":8},"end":{"line":25,"column":55}},"16":{"start":{"line":32,"column":0},"end":{"line":49,"column":3}},"17":{"start":{"line":33,"column":4},"end":{"line":48,"column":5}},"18":{"start":{"line":34,"column":22},"end":{"line":34,"column":24}},"19":{"start":{"line":35,"column":8},"end":{"line":35,"column":69}},"20":{"start":{"line":35,"column":40},"end":{"line":35,"column":69}},"21":{"start":{"line":38,"column":25},"end":{"line":44,"column":10}},"22":{"start":{"line":45,"column":8},"end":{"line":45,"column":27}},"23":{"start":{"line":47,"column":8},"end":{"line":47,"column":55}},"24":{"start":{"line":52,"column":0},"end":{"line":65,"column":3}},"25":{"start":{"line":53,"column":4},"end":{"line":53,"column":63}},"26":{"start":{"line":53,"column":36},"end":{"line":53,"column":63}},"27":{"start":{"line":54,"column":4},"end":{"line":64,"column":5}},"28":{"start":{"line":55,"column":52},"end":{"line":55,"column":60}},"29":{"start":{"line":56,"column":24},"end":{"line":60,"column":10}},"30":{"start":{"line":61,"column":8},"end":{"line":61,"column":38}},"31":{
[...]
":2},"end":{"line":342,"column":3}},"loc":{"start":{"line":342,"column":40},"end":{"line":354,"column":3}},"line":342},"23":{"name":"(anonymous_23)","decl":{"start":{"line":359,"column":2},"end":{"line":359,"column":3}},"loc":{"start":{"line":359,"column":37},"end":{"line":373,"column":3}},"line":359},"24":{"name":"(anonymous_24)","decl":{"start":{"line":378,"column":2},"end":{"line":378,"column":3}},"loc":{"start":{"line":378,"column":40},"end":{"line":385,"column":3}},"line":378},"25":{"name":"(anonymous_25)","decl":{"start":{"line":390,"column":2},"end":{"line":390,"column":3}},"loc":{"start":{"line":390,"column":47},"end":{"line":394,"column":3}},"line":390},"26":{"name":"(anonymous_26)","decl":{"start":{"line":399,"column":2},"end":{"line":399,"column":3}},"loc":{"start":{"line":399,"column":67},"end":{"line":413,"column":3}},"line":399}},"branchMap":{"0":{"loc":{"start":{"line":24,"column":6},"end":{"line":24,"column":25}},"type":"default-arg","locations":[{"start":{"line":24,"column":23},"end":{"line":24,"column":25}}],"line":24},"1":{"loc":{"start":{"line":25,"column":6},"end":{"line":25,"column":26}},"type":"default-arg","locations":[{"start":{"line":25,"column":24},"end":{"line":25,"column":26}}],"line":25},"2":{"loc":{"start":{"line":26,"column":6},"end":{"line":26,"column":21}},"type":"default-arg","locations":[{"start":{"line":26,"column":17},"end":{"line":26,"column":21}}],"line":26},"3":{"loc":{"start":{"line":27,"column":6},"end":{"line":27,"column":19}},"type":"default-arg","locations":[{"start":{"line":27,"column":15},"end":{"line":27,"column":19}}],"line":27},"4":{"loc":{"start":{"line":28,"column":6},"end":{"line":28,"column":21}},"type":"default-arg","locations":[{"start":{"line":28,"column":17},"end":{"line":28,"column":21}}],"line":28},"5":{"loc":{"start":{"line":29,"column":6},"end":{"line":29,"column":24}},"type":"default-arg","locations":[{"start":{"line":29,"column":18},"end":{"line":29,"column":24}}],"line":29},"6":{"loc":{"start":{"line":30,"column":6},"end":{"line":30,"column":26}},"type":"default-arg","locations":[{"start":{"line":30,"column":13},"end":{"line":30,"column":26}}],"line":30},"7":{"loc":{"start":{"line":31,"column":6},"end":{"line":31,"column":23}},"type":"default-arg","locations":[{"start":{"line":31,"column":21},"end":{"line":31,"column":23}}],"line":31},"8":{"loc":{"start":{"line":45,"column":6},"end":{"line":47,"column":7}},"type":"if","locations":[{"start":{"line":45,"column":6},"end":{"line":47,"column":7}},{"start":{},"end":{}}],"line":45},"9":{"loc":{"start":{"line":50,"column":6},"end":{"line":52,"column":7}},"type":"if","locations":[{"start":{"line":50,"column":6},"end":{"line":52,"column":7}},{"start":{},"end":{}}],"line":50},"10":{"loc":{"start":{"line":55,"column":26},"end":{"line":55,"column":44}},"type":"binary-expr","locations":[{"start":{"line":55,"column":26},"end":{"line":55,"column":38}},{"start":{"line":55,"column":42},"end":{"line":55,"column":44}}],"line":55},"11":{"loc":{"start":{"line":132,"column":12},"end":{"line":132,"column":31}},"type":"default-arg","locations":[{"start":{"line":132,"column":29},"end":{"line":132,"column":31}}],"line":132},"12":{"loc":{"start":{"line":132,"column":33},"end":{"line":132,"column":53}},"type":"default-arg","locations":[{"start":{"line":132,"column":51},"end":{"line":132,"column":53}}],"line":132},"13":{"loc":{"start":{"line":133,"column":21},"end":{"line":133,"column":36}},"type":"binary-expr","locations":[{"start":{"line":133,"column":21},"end":{"line":133,"column":30}},{"start":{"line":133,"column":34},"end":{"line":133,"column":36}}],"line":133},"14":{"loc":{"start":{"line":134,"column":28},"end":{"line":134,"column":52}},"type":"binary-expr","locations":[{"start":{"line":134,"column":28},"end":{"line":134,"column":46}},{"start":{"line":134,"column":50},"end":{"line":134,"column":52}}],"line":134},"15":{"loc":{"start":{"line":136,"column":4},"end":{"line":136,"column":48}},"type":"if","locations":[{"start":{"line":136,"column":4},"end":{"line":136,"column":48}},{"start":{},"end":{}}],"line":136},"16":{"loc":{"start":{"line":140,"column":6},"end":{"line":140,"column":78}},"type":"binary-expr","locations":[{"start":{"line":140,"column":6},"end":{"line":140,"column":30}},{"start":{"line":140,"column":34},"end":{"line":140,"column":78}}],"line":140},"17":{"loc":{"start":{"line":143,"column":4},"end":{"line":143,"column":34}},"type":"if","locations":[{"start":{"line":143,"column":4},"end":{"line":143,"column":34}},{"start":{},"end":{}}],"line":143},"18":{"loc":{"start":{"line":147,"column":6},"end":{"line":147,"column":78}},"type":"binary-expr","locations":[{"start":{"line":147,"column":6},"end":{"line":147,"column":30}},{"start":{"line":147,"column":34},"end":{"line":147,"column":78}}],"line":147},"19":{"loc":{"start":{"line":150,"column":27},"end":{"line":152,"column":9}},"type":"cond-expr","locations":[{"start":{"line":151,"column":8},"end":{"line":151,"column":56}},{"start":{"line":152,"column":8},"end":{"line":152,"column":9}}],"line":150},"20":{"loc":{"start":{"line":167,"column":4},"end":{"line":167,"column":38}},"type":"if","locations":[{"start":{"line":167,"column":4},"end":{"line":167,"column":38}},{"start":{},"end":{}}],"line":167},"21":{"loc":{"start":{"line":173,"column":4},"end":{"line":173,"column":38}},"type":"if","locations":[{"start":{"line":173,"column":4},"end":{"line":173,"column":38}},{"start":{},"end":{}}],"line":173},"22":{"loc":{"start":{"line":183,"column":4},"end":{"line":183,"column":43}},"type":"if","locations":[{"start":{"line":183,"column":4},"end":{"line":183,"column":43}},{"start":{},"end":{}}],"line":183},"23":{"loc":{"start":{"line":185,"column":25},"end":{"line":185,"column":52}},"type":"binary-expr","locations":[{"start":{"line":185,"column":25},"end":{"line":185,"column":46}},{"start":{"line":185,"column":50},"end":{"line":185,"column":52}}],"line":185},"24":{"loc":{"start":{"line":187,"column":4},"end":{"line":189,"column":5}},"type":"if","locations":[{"start":{"line":187,"column":4},"end":{"line":189,"column":5}},{"start":{},"end":{}}],"line":187},"25":{"loc":{"start":{"line":195,"column":4},"end":{"line":197,"column":5}},"type":"if","locations":[{"start":{"line":195,"column":4},"end":{"line":197,"column":5}},{"start":{},"end":{}}],"line":195},"26":{"loc":{"start":{"line":200,"column":4},"end":{"line":202,"column":5}},"type":"if","locations":[{"start":{"line":200,"column":4},"end":{"line":202,"column":5}},{"start":{},"end":{}}],"line":200},"27":{"loc":{"start":{"line":211,"column":4},"end":{"line":211,"column":43}},"type":"if","locations":[{"start":{"line":211,"column":4},"end":{"line":211,"column":43}},{"start":{},"end":{}}],"line":211},"28":{"loc":{"start":{"line":217,"column":4},"end":{"line":217,"column":50}},"type":"if","locations":[{"start":{"line":217,"column":4},"end":{"line":217,"column":50}},{"start":{},"end":{}}],"line":217},"29":{"loc":{"start":{"line":223,"column":4},"end":{"line":223,"column":35}},"type":"if","locations":[{"start":{"line":223,"column":4},"end":{"line":223,"column":35}},{"start":{},"end":{}}],"line":223},"30":{"loc":{"start":{"line":226,"column":4},"end":{"line":226,"column":35}},"type":"if","locations":[{"start":{"line":226,"column":4},"end":{"line":226,"column":35}},{"start":{},"end":{}}],"line":226},"31":{"loc":{"start":{"line":229,"column":4},"end":{"line":229,"column":35}},"type":"if","locations":[{"start":{"line":229,"column":4},"end":{"line":229,"column":35}},{"start":{},"end":{}}],"line":229},"32":{"loc":{"start":{"line":239,"column":30},"end":{"line":239,"column":62}},"type":"binary-expr","locations":[{"start":{"line":239,"column":30},"end":{"line":239,"column":52}},{"start":{"line":239,"column":56},"end":{"line":239,"column":62}}],"line":239},"33":{"loc":{"start":{"line":240,"column":24},"end":{"line":240,"column":42}},"type":"binary-expr","locations":[{"start":{"line":240,"column":24},"end":{"line":240,"column":36}},{"start":{"line":240,"column":40},"end":{"line":240,"column":42}}],"line":240},"34":{"loc":{"start":{"line":242,"column":4},"end":{"line":242,"column":51}},"type":"if","locations":[{"start":{"line":242,"column":4},"end":{"line":242,"column":51}},{"start":{},"end":{}}],"line":242},"35":{"loc":{"start":{"line":246,"column":33},"end":{"line":246,"column":116}},"type":"binary-expr","locations":[{"start":{"line":246,"column":33},"end":{"line":246,"column":53}},{"start":{"line":246,"column":57},"end":{"line":246,"column":116}}],"line":246},"36":{"loc":{"start":{"line":251,"column":4},"end":{"line":251,"column":39}},"type":"if","locations":[{"start":{"line":251,"column":4},"end":{"line":251,"column":39}},{"start":{},"end":{}}],"line":251},"37":{"loc":{"start":{"line":252,"column":4},"end":{"line":252,"column":40}},"type":"if","locations":[{"start":{"line":252,"column":4},"end":{"line":252,"column":40}},{"start":{},"end":{}}],"line":252},"38":{"loc":{"start":{"line":253,"column":4},"end":{"line":253,"column":39}},"type":"if","locations":[{"start":{"line":253,"column":4},"end":{"line":253,"column":39}},{"start":{},"end":{}}],"line":253},"39":{"loc":{"start":{"line":261,"column":4},"end":{"line":261,"column":41}},"type":"if","locations":[{"start":{"line":261,"column":4},"end":{"line":261,"column":41}},{"start":{},"end":{}}],"line":261},"40":{"loc":{"start":{"line":266,"column":4},"end":{"line":266,"column":34}},"type":"if","locations":[{"start":{"line":266,"column":4},"end":{"line":266,"column":34}},{"start":{},"end":{}}],"line":266},"41":{"loc":{"start":{"line":272,"column":4},"end":{"line":274,"column":5}},"type":"if","locations":[{"start":{"line":272,"column":4},"end":{"line":274,"column":5}},{"start":{},"end":{}}],"line":272},"42":{"loc":{"start":{"line":272,"column":8},"end":{"line":272,"column":60}},"type":"binary-expr","locations":[{"start":{"line":272,"column":8},"end":{"line":272,"column":32}},{"start":{"line":272,"column":36},"end":{"line":272,"column":60}}],"line":272},"43":{"loc":{"start":{"line":277,"column":4},"end":{"line":279,"column":5}},"type":"if","locations":[{"start":{"line":277,"column":4},"end":{"line":279,"column":5}},{"start":{},"end":{}}],"line":277},"44":{"loc":{"start":{"line":282,"column":4},"end":{"line":284,"column":5}},"type":"if","locations":[{"start":{"line":282,"column":4},"end":{"line":284,"column":5}},{"start":{},"end":{}}],"line":282},"45":{"loc":{"start":{"line":296,"column":4},"end":{"line":298,"column":42}},"type":"if","locations":[{"start":{"line":296,"column":4},"end":{"line":298,"column":42}},{"start":{"line":297,"column":9},"end":{"line":298,"column":42}}],"line":296},"46":{"loc":{"start":{"line":297,"column":9},"end":{"line":298,"column":42}},"type":"if","locations":[{"start":{"line":297,"column":9},"end":{"line":298,"column":42}},{"start":{"line":298,"column":9},"end":{"line":298,"column":42}}],"line":297},"47":{"loc":{"start":{"line":298,"column":9},"end":{"line":298,"column":42}},"type":"if","locations":[{"start":{"line":298,"column":9},"end":{"line":298,"column":42}},{"start":{},"end":{}}],"line":298},"48":{"loc":{"start":{"line":301,"column":4},"end":{"line":303,"column":48}},"type":"if","locations":[{"start":{"line":301,"column":4},"end":{"line":303,"column":48}},{"start":{"line":302,"column":9},"end":{"line":303,"column":48}}],"line":301},"49":{"loc":{"start":{"line":302,"column":9},"end":{"line":303,"column":48}},"type":"if","locations":[{"start":{"line":302,"column":9},"end":{"line":303,"column":48}},{"start":{"line":303,"column":9},"end":{"line":303,"column":48}}],"line":302},"50":{"loc":{"start":{"line":303,"column":9},"end":{"line":303,"column":48}},"type":"if","locations":[{"start":{"line":303,"column":9},"end":{"line":303,"column":48}},{"start":{},"end":{}}],"line":303},"51":{"loc":{"start":{"line":306,"column":4},"end":{"line":307,"column":49}},"type":"if","locations":[{"start":{"line":306,"column":4},"end":{"line":307,"column":49}},{"start":{"line":307,"column":9},"end":{"line":307,"column":49}}],"line":306},"52":{"loc":{"start":{"line":307,"column":9},"end":{"line":307,"column":49}},"type":"if","locations":[{"start":{"line":307,"column":9},"end":{"line":307,"column":49}},{"start":{},"end":{}}],"line":307},"53":{"loc":{"start":{"line":333,"column":4},"end":{"line":333,"column":34}},"type":"if","locations":[{"start":{"line":333,"column":4},"end":{"line":333,"column":34}},{"start":{},"end":{}}],"line":333},"54":{"loc":{"start":{"line":353,"column":11},"end":{"line":353,"column":41}},"type":"binary-expr","locations":[{"start":{"line":353,"column":11},"end":{"line":353,"column":35}},{"start":{"line":353,"column":39},"end":{"line":353,"column":41}}],"line":353},"55":{"loc":{"start":{"line":372,"column":11},"end":{"line":372,"column":35}},"type":"binary-expr","locations":[{"start":{"line":372,"column":11},"end":{"line":372,"column":30}},{"start":{"line":372,"column":34},"end":{"line":372,"column":35}}],"line":372},"56":{"loc":{"start":{"line":381,"column":4},"end":{"line":381,"column":51}},"type":"if","locations":[{"start":{"line":381,"column":4},"end":{"line":381,"column":51}},{"start":{},"end":{}}],"line":381},"57":{"loc":{"start":{"line":382,"column":4},"end":{"line":382,"column":88}},"type":"if","locations":[{"start":{"line":382,"column":4},"end":{"line":382,"column":88}},{"start":{},"end":{}}],"line":382},"58":{"loc":{"start":{"line":383,"column":4},"end":{"line":383,"column":87}},"type":"if","locations":[{"start":{"line":383,"column":4},"end":{"line":383,"column":87}},{"start":{},"end":{}}],"line":383}},"s":{"0":1,"1":1,"2":1,"3":0,"4":0,"5":0,"6":0,"7":0,"8":0,"9":0,"10":0,"11":0,"12":0,"13":0,"14":0,"15":0,"16":0,"17":0,"18":0,"19":0,"20":0,"21":0,"22":0,"23":0,"24":0,"25":0,"26":0,"27":0,"28":0,"29":0,"30":0,"31":0,"32":0,"33":0,"34":0,"35":0,"36":0,"37":0,"38":0,"39":0,"40":0,"41":0,"42":0,"43":0,"44":0,"45":0,"46":0,"47":0,"48":0,"49":0,"50":0,"51":0,"52":0,"53":0,"54":0,"55":0,"56":0,"57":0,"58":0,"59":0,"60":0,"61":0,"62":0,"63":0,"64":0,"65":0,"66":0,"67":0,"68":0,"69":0,"70":0,"71":0,"72":0,"73":0,"74":3,"75":3,"76":0,"77":0,"78":0,"79":0,"80":0,"81":0,"82":0,"83":0,"84":0,"85":0,"86":0,"87":0,"88":0,"89":0,"90":0,"91":0,"92":0,"93":0,"94":0,"95":0,"96":0,"97":0,"98":0,"99":0,"100":0,"101":0,"102":0,"103":0,"104":0,"105":0,"106":0,"107":0,"108":0,"109":0,"110":0,"111":0,"112":0,"113":0,"114":0,"115":0,"116":0,"117":0,"118":0,"119":0,"120":0,"121":0,"122":0,"123":0,"124":0,"125":0,"126":0,"127":0,"128":0,"129":0,"130":0,"131":0,"132":0,"133":0,"134":0,"135":0,"136":0,"137":0,"138":0,"139":0,"140":0,"141":0,"142":0,"143":0,"144":0,"145":0,"146":0,"147":0,"148":0,"149":0,"150":0,"151":0,"152":0,"153":0,"154":0,"155":0,"156":0,"157":0,"158":0,"159":0,"160":1},"f":{"0":0,"1":0,"2":0,"3":0,"4":0,"5":0,"6":0,"7":0,"8":0,"9":0,"10":0,"11":0,"12":0,"13":0,"14":3,"15":0,"16":0,"17":0,"18":0,"19":0,"20":0,"21":0,"22":0,"23":0,"24":0,"25":0,"26":0},"b":{"0":[0],"1":[0],"2":[0],"3":[0],"4":[0],"5":[0],"6":[0],"7":[0],"8":[0,0],"9":[0,0],"10":[0,0],"11":[0],"12":[0],"13":[0,0],"14":[0,0],"15":[0,0],"16":[0,0],"17":[0,0],"18":[0,0],"19":[0,0],"20":[0,0],"21":[0,0],"22":[0,0],"23":[0,0],"24":[0,0],"25":[0,0],"26":[0,0],"27":[3,0],"28":[0,0],"29":[0,0],"30":[0,0],"31":[0,0],"32":[0,0],"33":[0,0],"34":[0,0],"35":[0,0],"36":[0,0],"37":[0,0],"38":[0,0],"39":[0,0],"40":[0,0],"41":[0,0],"42":[0,0],"43":[0,0],"44":[0,0],"45":[0,0],"46":[0,0],"47":[0,0],"48":[0,0],"49":[0,0],"50":[0,0],"51":[0,0],"52":[0,0],"53":[0,0],"54":[0,0],"55":[0,0],"56":[0,0],"57":[0,0],"58":[0,0]},"_coverageSchema":"1a1c01bbd47fc00a2c39e90264f33305004495a9","hash":"55ecefdaa9a1df1f82c662942ebbcad2aba723ae"}
,"/Users/officedesktop/Documents/GitHub/milassist/server/services/video.js": {"path":"/Users/officedesktop/Documents/GitHub/milassist/server/services/video.js","statementMap":{"0":{"start":{"line":7,"column":15},"end":{"line":7,"column":32}},"1":{"start":{"line":11,"column":8},"end":{"line":28,"column":10}},"2":{"start":{"line":35,"column":23},"end":{"line":35,"column":47}},"3":{"start":{"line":36,"column":8},"end":{"line":36,"column":57}},"4":{"start":{"line":36,"column":21},"end":{"line":36,"column":57}},"5":{"start":{"line":38,"column":25},"end":{"line":38,"column":95}},"6":{"start":{"line":39,"column":8},"end":{"line":39,"column":139}},"7":{"start":{"line":46,"column":8},"end":{"line":46,"column":74}},"8":{"start":{"line":47,"column":8},"end":{"line":47,"column":63}},"9":{"start":{"line":47,"column":37},"end":{"line":47,"column":61}},"10":{"start":{"line":49,"column":8},"end":{"line":53,"column":10}},"11":{"start":{"line":60,"column":8},"end":{"line":60,"column":86}},"12":{"start":{"line":61,"column":8},"end":{"line":61,"column":63}},"13":{"start":{"line":61,"column":37},"end":{"line":61,"column":61}},"14":{"start":{"line":63,"column":26},"end":{"line":63,"column":63}},"15":{"start":{"line":64,"column":25},"end":{"line":64,"column":79}},"16":{"start":{"line":66,"column":21},"end":{"line":71,"column":9}},"17":{"start":{"line":73,"column":8},"end":{"line":78,"column":10}},"18":{"start":{"line":85,"column":8},"end":{"line":85,"column":78}},"19":{"start":{"line":86,"column":8},"end":{"line":86,"column":63}},"20":{"start":{"line":86,"column":37},"end":{"line":86,"column":61}},"21":{"start":{"line":87,"column":8},"end":{"line":87,"column":33}},"22":{"start":{"line":91,"column":0},"end":{"line":91,"column":40}}},"fnMap":{"0":{"name":"(anonymous_0)","decl":{"start":{"line":10,"column":4},"end":{"line":10,"column":5}},"loc":{"start":{"line":10,"column":18},"end":{"line":29,"column":5}},"line":10},"1":{"name":"(anonymous_1)","decl":{"start":{"line":34,"column":4},"end":{"line":34,"column":5}},"loc":{"start":{"line":34,"column":45},"end":{"line":40,"column":5}},"line":34},"2":{"name":"(anonymous_2)","decl":{"start":{"line":45,"column":4},"end":{"line":45,"column":5}},"loc":{"start":{"line":45,"column":48},"end":{"line":54,"column":5}},"line":45},"3":{"name":"(anonymous_3)","decl":{"start":{"line":47,"column":26},"end":{"line":47,"column":27}},"loc":{"start":{"line":47,"column":37},"end":{"line":47,"column":61}},"line":47},"4":{"name":"(anonymous_4)","decl":{"start":{"line":59,"column":4},"end":{"line":59,"column":5}},"loc":{"start":{"line":59,"column":60},"end":{"line":79,"column":5}},"line":59},"5":{"name":"(anonymous_5)","decl":{"start":{"line":61,"column":26},"end":{"line":61,"column":27}},"loc":{"start":{"line":61,"column":37},"end":{"line":61,"column":61}},"line":61},"6":{"name":"(anonymous_6)","decl":{"start":{"line":84,"column":4},"end":{"line":84,"column":5}},"loc":{"start":{"line":84,"column":58},"end":{"line":88,"column":5}},"line":84},"7":{"name":"(anonymous_7)","decl":{"start":{"line":86,"column":26},"end":{"line":86,"column":27}},"loc":{"start":{"line":86,"column":37},"end":{"line":86,"column":61}},"line":86}},"branchMap":{"0":{"loc":{"start":{"line":36,"column":8},"end":{"line":36,"column":57}},"type":"if","locations":[{"start":{"line":36,"column":8},"end":{"line":36,"column":57}},{"start":{},"end":{}}],"line":36},"1":{"loc":{"start":{"line":38,"column":25},"end":{"line":38,"column":95}},"type":"binary-expr","locations":[{"start":{"line":38,"column":25},"end":{"line":38,"column":75}},{"start":{"line":38,"column":79},"end":{"line":38,"column":95}}],"line":38},"2":{"loc":{"start":{"line":76,"column":22},"end":{"line":76,"column":59}},"type":"cond-expr","locations":[{"start":{"line":76,"column":44},"end":{"line":76,"column":52}},{"start":{"line":76,"column":55},"end":{"line":76,"column":59}}],"line":76},"3":{"loc":{"start":{"line":77,"column":22},"end":{"line":77,"column":83}},"type":"cond-expr","locations":[{"start":{"line":77,"column":44},"end":{"line":77,"column":76}},{"start":{"line":77,"column":79},"end":{"line":77,"column":83}}],"line":77}},"s":{"0":0,"1":0,"2":0,"3":0,"4":0,"5":0,"6":0,"7":0,"8":0,"9":0,"10":0,"11":0,"12":0,"13":0,"14":0,"15":0,"16":0,"17":0,"18":0,"19":0,"20":0,"21":0,"22":0},"f":{"0":0,"1":0,"2":0,"3":0,"4":0,"5":0,"6":0,"7":0},"b":{"0":[0,0],"1":[0,0],"2":[0,0],"3":[0,0]}}
}
