TN:
SF:middleware/auth.js
FN:11,(anonymous_0)
FN:17,(anonymous_1)
FNF:2
FNH:0
FNDA:0,(anonymous_0)
FNDA:0,(anonymous_1)
DA:1,1
DA:2,1
DA:4,1
DA:5,0
DA:8,1
DA:9,1
DA:11,1
DA:12,0
DA:13,0
DA:15,0
DA:17,0
DA:18,0
DA:19,0
DA:20,0
DA:24,1
LF:15
LH:7
BRDA:4,0,0,0
BRDA:4,0,1,1
BRDA:9,1,0,1
BRDA:9,1,1,1
BRDA:13,2,0,0
BRDA:13,2,1,0
BRDA:15,3,0,0
BRDA:15,3,1,0
BRDA:18,4,0,0
BRDA:18,4,1,0
BRF:10
BRH:3
end_of_record
TN:
SF:middleware/validation 2.js
FN:9,(anonymous_0)
FN:10,(anonymous_1)
FN:11,(anonymous_2)
FN:20,(anonymous_3)
FNF:4
FNH:0
FNDA:0,(anonymous_0)
FNDA:0,(anonymous_1)
FNDA:0,(anonymous_2)
FNDA:0,(anonymous_3)
DA:6,0
DA:9,0
DA:10,0
DA:11,0
DA:13,0
DA:14,0
DA:15,0
DA:18,0
DA:20,0
DA:30,0
DA:111,0
LF:11
LH:0
BRDA:14,0,0,0
BRDA:14,0,1,0
BRF:2
BRH:0
end_of_record
TN:
SF:middleware/validation.js
FN:9,(anonymous_0)
FN:10,(anonymous_1)
FN:11,(anonymous_2)
FN:20,(anonymous_3)
FNF:4
FNH:0
FNDA:0,(anonymous_0)
FNDA:0,(anonymous_1)
FNDA:0,(anonymous_2)
FNDA:0,(anonymous_3)
DA:6,0
DA:9,0
DA:10,0
DA:11,0
DA:13,0
DA:14,0
DA:15,0
DA:18,0
DA:20,0
DA:30,0
DA:111,0
LF:11
LH:0
BRDA:14,0,0,0
BRDA:14,0,1,0
BRF:2
BRH:0
end_of_record
TN:
SF:routes/ai.js
FN:8,(anonymous_0)
FN:13,(anonymous_1)
FN:32,(anonymous_2)
FN:36,(anonymous_3)
FNF:4
FNH:0
FNDA:0,(anonymous_0)
FNDA:0,(anonymous_1)
FNDA:0,(anonymous_2)
FNDA:0,(anonymous_3)
DA:1,0
DA:2,0
DA:3,0
DA:8,0
DA:9,0
DA:10,0
DA:13,0
DA:15,0
DA:17,0
DA:18,0
DA:19,0
DA:20,0
DA:22,0
DA:25,0
DA:27,0
DA:32,0
DA:33,0
DA:34,0
DA:36,0
DA:38,0
DA:44,0
DA:48,0
LF:22
LH:0
BRDA:17,0,0,0
BRDA:17,0,1,0
BRDA:19,1,0,0
BRDA:19,1,1,0
BRF:4
BRH:0
end_of_record
TN:
SF:routes/aiProductivity.js
FN:11,(anonymous_0)
FN:67,(anonymous_1)
FN:121,(anonymous_2)
FN:166,(anonymous_3)
FN:222,(anonymous_4)
FN:259,(anonymous_5)
FN:324,(anonymous_6)
FN:357,(anonymous_7)
FN:389,(anonymous_8)
FNF:9
FNH:0
FNDA:0,(anonymous_0)
FNDA:0,(anonymous_1)
FNDA:0,(anonymous_2)
FNDA:0,(anonymous_3)
FNDA:0,(anonymous_4)
FNDA:0,(anonymous_5)
FNDA:0,(anonymous_6)
FNDA:0,(anonymous_7)
FNDA:0,(anonymous_8)
DA:1,0
DA:2,0
DA:3,0
DA:4,0
DA:11,0
DA:12,0
DA:19,0
DA:21,0
DA:22,0
DA:27,0
DA:36,0
DA:50,0
DA:55,0
DA:56,0
DA:67,0
DA:68,0
DA:69,0
DA:71,0
DA:72,0
DA:75,0
DA:76,0
DA:81,0
DA:88,0
DA:102,0
DA:109,0
DA:110,0
DA:121,0
DA:122,0
DA:123,0
DA:125,0
DA:126,0
DA:129,0
DA:135,0
DA:148,0
DA:154,0
DA:155,0
DA:166,0
DA:167,0
DA:174,0
DA:176,0
DA:177,0
DA:182,0
DA:191,0
DA:205,0
DA:210,0
DA:211,0
DA:222,0
DA:223,0
DA:228,0
DA:230,0
DA:231,0
DA:234,0
DA:240,0
DA:247,0
DA:248,0
DA:259,0
DA:260,0
DA:267,0
DA:269,0
DA:270,0
DA:275,0
DA:276,0
DA:277,0
DA:282,0
DA:291,0
DA:305,0
DA:312,0
DA:313,0
DA:324,0
DA:325,0
DA:326,0
DA:328,0
DA:329,0
DA:332,0
DA:337,0
DA:345,0
DA:346,0
DA:357,0
DA:358,0
DA:359,0
DA:360,0
DA:362,0
DA:379,0
DA:380,0
DA:389,0
DA:390,0
DA:391,0
DA:396,0
DA:401,0
DA:402,0
DA:406,0
LF:91
LH:0
BRDA:16,0,0,0
BRDA:17,1,0,0
BRDA:21,2,0,0
BRDA:21,2,1,0
BRDA:21,3,0,0
BRDA:21,3,1,0
BRDA:57,4,0,0
BRDA:57,4,1,0
BRDA:69,5,0,0
BRDA:71,6,0,0
BRDA:71,6,1,0
BRDA:75,7,0,0
BRDA:75,7,1,0
BRDA:111,8,0,0
BRDA:111,8,1,0
BRDA:125,9,0,0
BRDA:125,9,1,0
BRDA:156,10,0,0
BRDA:156,10,1,0
BRDA:170,11,0,0
BRDA:172,12,0,0
BRDA:173,13,0,0
BRDA:176,14,0,0
BRDA:176,14,1,0
BRDA:176,15,0,0
BRDA:176,15,1,0
BRDA:212,16,0,0
BRDA:212,16,1,0
BRDA:226,17,0,0
BRDA:227,18,0,0
BRDA:230,19,0,0
BRDA:230,19,1,0
BRDA:249,20,0,0
BRDA:249,20,1,0
BRDA:264,21,0,0
BRDA:265,22,0,0
BRDA:269,23,0,0
BRDA:269,23,1,0
BRDA:269,24,0,0
BRDA:269,24,1,0
BRDA:276,25,0,0
BRDA:276,25,1,0
BRDA:314,26,0,0
BRDA:314,26,1,0
BRDA:328,27,0,0
BRDA:328,27,1,0
BRDA:347,28,0,0
BRDA:347,28,1,0
BRDA:363,29,0,0
BRDA:363,29,1,0
BRDA:369,30,0,0
BRDA:369,30,1,0
BRDA:370,31,0,0
BRDA:370,31,1,0
BRDA:371,32,0,0
BRDA:371,32,1,0
BRDA:372,33,0,0
BRDA:372,33,1,0
BRDA:373,34,0,0
BRDA:373,34,1,0
BRDA:374,35,0,0
BRDA:374,35,1,0
BRDA:375,36,0,0
BRDA:375,36,1,0
BRF:64
BRH:0
end_of_record
TN:
SF:routes/auditLogs.js
FN:12,(anonymous_0)
FN:72,(anonymous_1)
FN:87,(anonymous_2)
FN:131,(anonymous_3)
FN:175,(anonymous_4)
FN:209,(anonymous_5)
FN:265,(anonymous_6)
FNF:7
FNH:0
FNDA:0,(anonymous_0)
FNDA:0,(anonymous_1)
FNDA:0,(anonymous_2)
FNDA:0,(anonymous_3)
FNDA:0,(anonymous_4)
FNDA:0,(anonymous_5)
FNDA:0,(anonymous_6)
DA:1,0
DA:2,0
DA:3,0
DA:4,0
DA:5,0
DA:12,0
DA:13,0
DA:23,0
DA:26,0
DA:28,0
DA:29,0
DA:30,0
DA:31,0
DA:33,0
DA:34,0
DA:35,0
DA:36,0
DA:40,0
DA:41,0
DA:52,0
DA:62,0
DA:63,0
DA:72,0
DA:73,0
DA:74,0
DA:75,0
DA:77,0
DA:78,0
DA:87,0
DA:88,0
DA:89,0
DA:91,0
DA:92,0
DA:93,0
DA:94,0
DA:95,0
DA:99,0
DA:105,0
DA:113,0
DA:115,0
DA:121,0
DA:122,0
DA:131,0
DA:132,0
DA:133,0
DA:134,0
DA:138,0
DA:139,0
DA:155,0
DA:165,0
DA:166,0
DA:175,0
DA:176,0
DA:177,0
DA:179,0
DA:197,0
DA:199,0
DA:200,0
DA:209,0
DA:210,0
DA:211,0
DA:213,0
DA:214,0
DA:215,0
DA:216,0
DA:217,0
DA:218,0
DA:221,0
DA:231,0
DA:245,0
DA:247,0
DA:248,0
DA:250,0
DA:252,0
DA:255,0
DA:256,0
DA:265,0
DA:266,0
DA:267,0
DA:269,0
DA:280,0
DA:286,0
DA:287,0
DA:291,0
LF:84
LH:0
BRDA:21,0,0,0
BRDA:22,1,0,0
BRDA:28,2,0,0
BRDA:28,2,1,0
BRDA:29,3,0,0
BRDA:29,3,1,0
BRDA:30,4,0,0
BRDA:30,4,1,0
BRDA:31,5,0,0
BRDA:31,5,1,0
BRDA:33,6,0,0
BRDA:33,6,1,0
BRDA:33,7,0,0
BRDA:33,7,1,0
BRDA:35,8,0,0
BRDA:35,8,1,0
BRDA:36,9,0,0
BRDA:36,9,1,0
BRDA:92,10,0,0
BRDA:92,10,1,0
BRDA:92,11,0,0
BRDA:92,11,1,0
BRDA:94,12,0,0
BRDA:94,12,1,0
BRDA:95,13,0,0
BRDA:95,13,1,0
BRDA:134,14,0,0
BRDA:134,15,0,0
BRDA:177,16,0,0
BRDA:211,17,0,0
BRDA:214,18,0,0
BRDA:214,18,1,0
BRDA:215,19,0,0
BRDA:215,19,1,0
BRDA:215,20,0,0
BRDA:215,20,1,0
BRDA:217,21,0,0
BRDA:217,21,1,0
BRDA:218,22,0,0
BRDA:218,22,1,0
BRDA:245,23,0,0
BRDA:245,23,1,0
BRF:42
BRH:0
end_of_record
TN:
SF:routes/auth.js
FN:20,(anonymous_0)
FN:51,(anonymous_1)
FNF:2
FNH:2
FNDA:3,(anonymous_0)
FNDA:1,(anonymous_1)
DA:1,1
DA:2,1
DA:3,1
DA:4,1
DA:5,1
DA:6,1
DA:7,1
DA:8,1
DA:11,1
DA:20,1
DA:21,3
DA:22,3
DA:23,3
DA:25,2
DA:33,0
DA:44,0
DA:46,3
DA:51,1
DA:52,1
DA:53,1
DA:54,1
DA:56,0
DA:58,0
DA:68,0
DA:71,0
DA:72,0
DA:74,0
DA:85,0
DA:88,0
DA:91,0
DA:101,0
DA:103,1
DA:107,1
LF:33
LH:21
BRDA:56,0,0,0
BRDA:56,0,1,0
BRDA:72,1,0,0
BRDA:72,1,1,0
BRF:4
BRH:0
end_of_record
TN:
SF:routes/calendar.js
FN:9,(anonymous_0)
FN:27,(anonymous_1)
FN:59,(anonymous_2)
FN:72,(anonymous_3)
FN:96,(anonymous_4)
FNF:5
FNH:0
FNDA:0,(anonymous_0)
FNDA:0,(anonymous_1)
FNDA:0,(anonymous_2)
FNDA:0,(anonymous_3)
FNDA:0,(anonymous_4)
DA:1,0
DA:2,0
DA:3,0
DA:4,0
DA:5,0
DA:6,0
DA:9,0
DA:10,0
DA:11,0
DA:12,0
DA:13,0
DA:16,0
DA:17,0
DA:19,0
DA:20,0
DA:22,0
DA:27,0
DA:28,0
DA:29,0
DA:30,0
DA:32,0
DA:33,0
DA:36,0
DA:37,0
DA:39,0
DA:41,0
DA:51,0
DA:53,0
DA:54,0
DA:59,0
DA:60,0
DA:61,0
DA:65,0
DA:67,0
DA:72,0
DA:73,0
DA:74,0
DA:78,0
DA:79,0
DA:82,0
DA:89,0
DA:91,0
DA:96,0
DA:97,0
DA:98,0
DA:100,0
DA:104,0
DA:105,0
DA:108,0
DA:115,0
DA:117,0
DA:121,0
LF:52
LH:0
BRDA:12,0,0,0
BRDA:12,0,1,0
BRDA:17,1,0,0
BRDA:17,1,1,0
BRDA:32,2,0,0
BRDA:32,2,1,0
BRDA:32,3,0,0
BRDA:32,3,1,0
BRDA:51,4,0,0
BRDA:51,4,1,0
BRDA:78,5,0,0
BRDA:78,5,1,0
BRDA:104,6,0,0
BRDA:104,6,1,0
BRF:14
BRH:0
end_of_record
TN:
SF:routes/communication.js
FN:7,(anonymous_0)
FN:24,(anonymous_1)
FN:37,(anonymous_2)
FN:55,(anonymous_3)
FNF:4
FNH:0
FNDA:0,(anonymous_0)
FNDA:0,(anonymous_1)
FNDA:0,(anonymous_2)
FNDA:0,(anonymous_3)
DA:1,0
DA:2,0
DA:3,0
DA:4,0
DA:7,0
DA:8,0
DA:9,0
DA:10,0
DA:13,0
DA:17,0
DA:19,0
DA:24,0
DA:25,0
DA:26,0
DA:27,0
DA:29,0
DA:30,0
DA:32,0
DA:37,0
DA:38,0
DA:39,0
DA:40,0
DA:45,0
DA:46,0
DA:48,0
DA:50,0
DA:55,0
DA:57,0
DA:60,0
LF:29
LH:0
BRDA:10,0,0,0
BRDA:10,0,1,0
BRDA:27,1,0,0
BRDA:27,1,1,0
BRDA:30,2,0,0
BRDA:30,2,1,0
BRDA:38,3,0,0
BRDA:38,3,1,0
BRDA:45,4,0,0
BRDA:45,4,1,0
BRF:10
BRH:0
end_of_record
TN:
SF:routes/documents.js
FN:10,(anonymous_0)
FN:43,(anonymous_1)
FN:73,(anonymous_2)
FN:101,(anonymous_3)
FN:129,(anonymous_4)
FNF:5
FNH:0
FNDA:0,(anonymous_0)
FNDA:0,(anonymous_1)
FNDA:0,(anonymous_2)
FNDA:0,(anonymous_3)
FNDA:0,(anonymous_4)
DA:1,0
DA:2,0
DA:3,0
DA:4,0
DA:5,0
DA:6,0
DA:7,0
DA:10,0
DA:11,0
DA:12,0
DA:15,0
DA:16,0
DA:17,0
DA:18,0
DA:22,0
DA:28,0
DA:29,0
DA:30,0
DA:31,0
DA:35,0
DA:37,0
DA:38,0
DA:43,0
DA:44,0
DA:45,0
DA:46,0
DA:49,0
DA:52,0
DA:54,0
DA:64,0
DA:65,0
DA:67,0
DA:68,0
DA:73,0
DA:74,0
DA:75,0
DA:76,0
DA:77,0
DA:81,0
DA:84,0
DA:88,0
DA:89,0
DA:90,0
DA:93,0
DA:95,0
DA:96,0
DA:101,0
DA:102,0
DA:103,0
DA:104,0
DA:106,0
DA:107,0
DA:112,0
DA:115,0
DA:116,0
DA:119,0
DA:120,0
DA:121,0
DA:123,0
DA:124,0
DA:129,0
DA:130,0
DA:131,0
DA:132,0
DA:133,0
DA:137,0
DA:138,0
DA:142,0
DA:143,0
DA:146,0
DA:147,0
DA:148,0
DA:150,0
DA:151,0
DA:155,0
LF:75
LH:0
BRDA:15,0,0,0
BRDA:15,0,1,0
BRDA:17,1,0,0
BRDA:17,1,1,0
BRDA:29,2,0,0
BRDA:29,2,1,0
BRDA:29,3,0,0
BRDA:29,3,1,0
BRDA:45,4,0,0
BRDA:45,4,1,0
BRDA:52,5,0,0
BRDA:52,5,1,0
BRDA:60,6,0,0
BRDA:60,6,1,0
BRDA:76,7,0,0
BRDA:76,7,1,0
BRDA:81,8,0,0
BRDA:81,8,1,0
BRDA:81,9,0,0
BRDA:81,9,1,0
BRDA:81,9,2,0
BRDA:88,10,0,0
BRDA:88,10,1,0
BRDA:88,11,0,0
BRDA:88,11,1,0
BRDA:104,12,0,0
BRDA:104,12,1,0
BRDA:106,13,0,0
BRDA:106,13,1,0
BRDA:115,14,0,0
BRDA:115,14,1,0
BRDA:132,15,0,0
BRDA:132,15,1,0
BRDA:137,16,0,0
BRDA:137,16,1,0
BRDA:137,17,0,0
BRDA:137,17,1,0
BRDA:142,18,0,0
BRDA:142,18,1,0
BRDA:142,19,0,0
BRDA:142,19,1,0
BRF:41
BRH:0
end_of_record
TN:
SF:routes/email.js
FN:9,(anonymous_0)
FN:31,(anonymous_1)
FN:74,(anonymous_2)
FN:87,(anonymous_3)
FN:107,(anonymous_4)
FN:149,(anonymous_5)
FNF:6
FNH:0
FNDA:0,(anonymous_0)
FNDA:0,(anonymous_1)
FNDA:0,(anonymous_2)
FNDA:0,(anonymous_3)
FNDA:0,(anonymous_4)
FNDA:0,(anonymous_5)
DA:1,0
DA:2,0
DA:3,0
DA:4,0
DA:5,0
DA:6,0
DA:9,0
DA:10,0
DA:11,0
DA:12,0
DA:13,0
DA:16,0
DA:17,0
DA:21,0
DA:23,0
DA:24,0
DA:26,0
DA:31,0
DA:32,0
DA:33,0
DA:34,0
DA:36,0
DA:37,0
DA:41,0
DA:43,0
DA:46,0
DA:49,0
DA:52,0
DA:54,0
DA:66,0
DA:68,0
DA:69,0
DA:74,0
DA:75,0
DA:76,0
DA:80,0
DA:82,0
DA:87,0
DA:88,0
DA:89,0
DA:93,0
DA:94,0
DA:97,0
DA:98,0
DA:100,0
DA:102,0
DA:107,0
DA:108,0
DA:110,0
DA:111,0
DA:114,0
DA:118,0
DA:119,0
DA:123,0
DA:142,0
DA:144,0
DA:149,0
DA:150,0
DA:151,0
DA:152,0
DA:155,0
DA:156,0
DA:160,0
DA:161,0
DA:165,0
DA:167,0
DA:169,0
DA:173,0
LF:68
LH:0
BRDA:12,0,0,0
BRDA:12,0,1,0
BRDA:17,1,0,0
BRDA:17,1,1,0
BRDA:36,2,0,0
BRDA:36,2,1,0
BRDA:36,3,0,0
BRDA:36,3,1,0
BRDA:43,4,0,0
BRDA:43,4,1,0
BRDA:62,5,0,0
BRDA:62,5,1,0
BRDA:66,6,0,0
BRDA:66,6,1,0
BRDA:93,7,0,0
BRDA:93,7,1,0
BRDA:110,8,0,0
BRDA:110,8,1,0
BRDA:110,9,0,0
BRDA:110,9,1,0
BRDA:118,10,0,0
BRDA:118,10,1,0
BRDA:151,11,0,0
BRDA:151,11,1,0
BRDA:151,12,0,0
BRDA:151,12,1,0
BRDA:160,13,0,0
BRDA:160,13,1,0
BRF:28
BRH:0
end_of_record
TN:
SF:routes/forms.js
FN:9,(anonymous_0)
FN:19,(anonymous_1)
FN:32,(anonymous_2)
FN:52,(anonymous_3)
FNF:4
FNH:0
FNDA:0,(anonymous_0)
FNDA:0,(anonymous_1)
FNDA:0,(anonymous_2)
FNDA:0,(anonymous_3)
DA:1,0
DA:2,0
DA:3,0
DA:4,0
DA:9,0
DA:10,0
DA:11,0
DA:12,0
DA:14,0
DA:19,0
DA:20,0
DA:21,0
DA:22,0
DA:23,0
DA:25,0
DA:32,0
DA:33,0
DA:34,0
DA:35,0
DA:38,0
DA:45,0
DA:47,0
DA:52,0
DA:53,0
DA:54,0
DA:55,0
DA:56,0
DA:61,0
DA:63,0
DA:67,0
LF:30
LH:0
BRDA:20,0,0,0
BRDA:20,0,1,0
BRDA:35,1,0,0
BRDA:35,1,1,0
BRDA:53,2,0,0
BRDA:53,2,1,0
BRF:6
BRH:0
end_of_record
TN:
SF:routes/integrations.js
FN:7,(anonymous_0)
FN:13,(anonymous_1)
FN:25,(anonymous_2)
FNF:3
FNH:0
FNDA:0,(anonymous_0)
FNDA:0,(anonymous_1)
FNDA:0,(anonymous_2)
DA:1,0
DA:2,0
DA:3,0
DA:4,0
DA:7,0
DA:8,0
DA:9,0
DA:13,0
DA:14,0
DA:15,0
DA:18,0
DA:20,0
DA:25,0
DA:26,0
DA:27,0
DA:30,0
DA:39,0
DA:40,0
DA:41,0
DA:42,0
DA:43,0
DA:46,0
DA:48,0
DA:52,0
LF:24
LH:0
BRDA:8,0,0,0
BRDA:8,0,1,0
BRDA:39,1,0,0
BRDA:39,1,1,0
BRDA:40,2,0,0
BRDA:40,2,1,0
BRDA:41,3,0,0
BRDA:41,3,1,0
BRDA:42,4,0,0
BRDA:42,4,1,0
BRF:10
BRH:0
end_of_record
TN:
SF:routes/invoices.js
FN:7,(anonymous_0)
FN:22,(anonymous_1)
FNF:2
FNH:0
FNDA:0,(anonymous_0)
FNDA:0,(anonymous_1)
DA:1,0
DA:2,0
DA:3,0
DA:4,0
DA:7,0
DA:8,0
DA:9,0
DA:10,0
DA:11,0
DA:14,0
DA:15,0
DA:17,0
DA:22,0
DA:23,0
DA:24,0
DA:25,0
DA:26,0
DA:33,0
DA:35,0
DA:39,0
LF:20
LH:0
BRDA:10,0,0,0
BRDA:10,0,1,0
BRDA:11,1,0,0
BRDA:11,1,1,0
BRDA:23,2,0,0
BRDA:23,2,1,0
BRF:6
BRH:0
end_of_record
TN:
SF:routes/meetings.js
FN:8,(anonymous_0)
FN:51,(anonymous_1)
FN:78,(anonymous_2)
FNF:3
FNH:0
FNDA:0,(anonymous_0)
FNDA:0,(anonymous_1)
FNDA:0,(anonymous_2)
DA:1,0
DA:2,0
DA:3,0
DA:4,0
DA:5,0
DA:8,0
DA:9,0
DA:10,0
DA:13,0
DA:17,0
DA:18,0
DA:22,0
DA:29,0
DA:43,0
DA:45,0
DA:46,0
DA:51,0
DA:52,0
DA:53,0
DA:55,0
DA:56,0
DA:57,0
DA:58,0
DA:62,0
DA:71,0
DA:73,0
DA:78,0
DA:79,0
DA:80,0
DA:82,0
DA:83,0
DA:87,0
DA:90,0
DA:93,0
DA:94,0
DA:96,0
DA:98,0
DA:102,0
LF:38
LH:0
BRDA:17,0,0,0
BRDA:17,0,1,0
BRDA:30,1,0,0
BRDA:30,1,1,0
BRDA:31,2,0,0
BRDA:31,2,1,0
BRDA:55,3,0,0
BRDA:55,3,1,0
BRDA:57,4,0,0
BRDA:57,4,1,0
BRDA:82,5,0,0
BRDA:82,5,1,0
BRDA:87,6,0,0
BRDA:87,6,1,0
BRDA:87,7,0,0
BRDA:87,7,1,0
BRDA:87,7,2,0
BRF:17
BRH:0
end_of_record
TN:
SF:routes/messages.js
FN:8,(anonymous_0)
FN:32,(anonymous_1)
FNF:2
FNH:0
FNDA:0,(anonymous_0)
FNDA:0,(anonymous_1)
DA:1,0
DA:2,0
DA:3,0
DA:4,0
DA:5,0
DA:8,0
DA:9,0
DA:10,0
DA:12,0
DA:25,0
DA:27,0
DA:32,0
DA:33,0
DA:34,0
DA:38,0
DA:46,0
DA:48,0
DA:52,0
LF:18
LH:0
BRF:0
BRH:0
end_of_record
TN:
SF:routes/pages.js
FN:7,(anonymous_0)
FN:17,(anonymous_1)
FN:28,(anonymous_2)
FNF:3
FNH:0
FNDA:0,(anonymous_0)
FNDA:0,(anonymous_1)
FNDA:0,(anonymous_2)
DA:1,0
DA:2,0
DA:3,0
DA:4,0
DA:7,0
DA:8,0
DA:9,0
DA:10,0
DA:12,0
DA:17,0
DA:18,0
DA:19,0
DA:20,0
DA:21,0
DA:23,0
DA:28,0
DA:29,0
DA:30,0
DA:31,0
DA:33,0
DA:38,0
DA:39,0
DA:40,0
DA:41,0
DA:42,0
DA:45,0
DA:47,0
DA:51,0
LF:28
LH:0
BRDA:20,0,0,0
BRDA:20,0,1,0
BRDA:29,1,0,0
BRDA:29,1,1,0
BRDA:38,2,0,0
BRDA:38,2,1,0
BRF:6
BRH:0
end_of_record
TN:
SF:routes/payments.js
FN:8,(anonymous_0)
FN:43,(anonymous_1)
FNF:2
FNH:0
FNDA:0,(anonymous_0)
FNDA:0,(anonymous_1)
DA:1,0
DA:2,0
DA:3,0
DA:4,0
DA:5,0
DA:8,0
DA:9,0
DA:10,0
DA:12,0
DA:13,0
DA:16,0
DA:17,0
DA:21,0
DA:23,0
DA:30,0
DA:36,0
DA:37,0
DA:43,0
DA:44,0
DA:47,0
DA:48,0
DA:49,0
DA:54,0
DA:55,0
DA:56,0
DA:62,0
DA:63,0
DA:64,0
DA:70,0
DA:71,0
DA:77,0
DA:78,0
DA:79,0
DA:80,0
DA:81,0
DA:82,0
DA:83,0
DA:84,0
DA:85,0
DA:86,0
DA:87,0
DA:92,0
DA:93,0
DA:96,0
DA:99,0
LF:45
LH:0
BRDA:13,0,0,0
BRDA:13,0,1,0
BRDA:16,1,0,0
BRDA:16,1,1,0
BRDA:16,2,0,0
BRDA:16,2,1,0
BRDA:47,3,0,0
BRDA:47,3,1,0
BRDA:54,4,0,0
BRDA:54,4,1,0
BRDA:78,5,0,0
BRDA:78,5,1,0
BRDA:80,6,0,0
BRDA:80,6,1,0
BRDA:83,7,0,0
BRDA:83,7,1,0
BRF:16
BRH:0
end_of_record
TN:
SF:routes/privacy.js
FN:7,(anonymous_0)
FN:20,(anonymous_1)
FNF:2
FNH:0
FNDA:0,(anonymous_0)
FNDA:0,(anonymous_1)
DA:1,0
DA:2,0
DA:3,0
DA:4,0
DA:7,0
DA:8,0
DA:9,0
DA:13,0
DA:15,0
DA:20,0
DA:21,0
DA:22,0
DA:25,0
DA:33,0
DA:34,0
DA:37,0
DA:43,0
DA:45,0
DA:49,0
LF:19
LH:0
BRDA:33,0,0,0
BRDA:33,0,1,0
BRF:2
BRH:0
end_of_record
TN:
SF:routes/rbac.js
FN:13,(anonymous_0)
FN:28,(anonymous_1)
FN:43,(anonymous_2)
FN:66,(anonymous_3)
FN:97,(anonymous_4)
FN:148,(anonymous_5)
FN:197,(anonymous_6)
FN:232,(anonymous_7)
FN:290,(anonymous_8)
FN:337,(anonymous_9)
FNF:10
FNH:0
FNDA:0,(anonymous_0)
FNDA:0,(anonymous_1)
FNDA:0,(anonymous_2)
FNDA:0,(anonymous_3)
FNDA:0,(anonymous_4)
FNDA:0,(anonymous_5)
FNDA:0,(anonymous_6)
FNDA:0,(anonymous_7)
FNDA:0,(anonymous_8)
FNDA:0,(anonymous_9)
DA:1,0
DA:2,0
DA:3,0
DA:4,0
DA:5,0
DA:6,0
DA:13,0
DA:14,0
DA:15,0
DA:16,0
DA:18,0
DA:19,0
DA:28,0
DA:29,0
DA:30,0
DA:31,0
DA:33,0
DA:34,0
DA:43,0
DA:44,0
DA:45,0
DA:49,0
DA:51,0
DA:56,0
DA:57,0
DA:66,0
DA:67,0
DA:68,0
DA:70,0
DA:71,0
DA:74,0
DA:80,0
DA:87,0
DA:88,0
DA:97,0
DA:98,0
DA:99,0
DA:100,0
DA:102,0
DA:103,0
DA:109,0
DA:119,0
DA:133,0
DA:138,0
DA:139,0
DA:148,0
DA:149,0
DA:150,0
DA:151,0
DA:153,0
DA:154,0
DA:160,0
DA:164,0
DA:165,0
DA:169,0
DA:182,0
DA:187,0
DA:188,0
DA:197,0
DA:198,0
DA:199,0
DA:201,0
DA:216,0
DA:222,0
DA:223,0
DA:232,0
DA:233,0
DA:234,0
DA:235,0
DA:237,0
DA:238,0
DA:242,0
DA:243,0
DA:247,0
DA:248,0
DA:249,0
DA:252,0
DA:253,0
DA:254,0
DA:257,0
DA:271,0
DA:280,0
DA:281,0
DA:290,0
DA:291,0
DA:292,0
DA:294,0
DA:295,0
DA:296,0
DA:298,0
DA:299,0
DA:305,0
DA:306,0
DA:317,0
DA:327,0
DA:328,0
DA:337,0
DA:338,0
DA:339,0
DA:347,0
DA:358,0
DA:363,0
DA:364,0
DA:368,0
LF:104
LH:0
BRDA:70,0,0,0
BRDA:70,0,1,0
BRDA:70,1,0,0
BRDA:70,1,1,0
BRDA:102,2,0,0
BRDA:102,2,1,0
BRDA:102,3,0,0
BRDA:102,3,1,0
BRDA:102,3,2,0
BRDA:102,3,3,0
BRDA:113,4,0,0
BRDA:113,4,1,0
BRDA:115,5,0,0
BRDA:115,5,1,0
BRDA:153,6,0,0
BRDA:153,6,1,0
BRDA:153,7,0,0
BRDA:153,7,1,0
BRDA:153,7,2,0
BRDA:164,8,0,0
BRDA:164,8,1,0
BRDA:237,9,0,0
BRDA:237,9,1,0
BRDA:237,10,0,0
BRDA:237,10,1,0
BRDA:242,11,0,0
BRDA:242,11,1,0
BRDA:248,12,0,0
BRDA:248,12,1,0
BRDA:292,13,0,0
BRDA:292,14,0,0
BRDA:292,15,0,0
BRDA:295,16,0,0
BRDA:295,16,1,0
BRDA:296,17,0,0
BRDA:296,17,1,0
BRDA:298,18,0,0
BRDA:298,18,1,0
BRF:38
BRH:0
end_of_record
TN:
SF:routes/research.js
FN:6,(anonymous_0)
FN:17,(anonymous_1)
FNF:2
FNH:0
FNDA:0,(anonymous_0)
FNDA:0,(anonymous_1)
DA:1,0
DA:2,0
DA:3,0
DA:4,0
DA:6,0
DA:7,0
DA:8,0
DA:9,0
DA:10,0
DA:11,0
DA:13,0
DA:17,0
DA:18,0
DA:19,0
DA:23,0
DA:25,0
DA:29,0
LF:17
LH:0
BRDA:9,0,0,0
BRDA:9,0,1,0
BRF:2
BRH:0
end_of_record
TN:
SF:routes/resources.js
FN:7,(anonymous_0)
FN:17,(anonymous_1)
FNF:2
FNH:0
FNDA:0,(anonymous_0)
FNDA:0,(anonymous_1)
DA:1,0
DA:2,0
DA:3,0
DA:4,0
DA:7,0
DA:8,0
DA:9,0
DA:10,0
DA:12,0
DA:17,0
DA:18,0
DA:19,0
DA:20,0
DA:21,0
DA:23,0
DA:27,0
LF:16
LH:0
BRDA:18,0,0,0
BRDA:18,0,1,0
BRF:2
BRH:0
end_of_record
TN:
SF:routes/settings.js
FN:7,(anonymous_0)
FN:18,(anonymous_1)
FNF:2
FNH:0
FNDA:0,(anonymous_0)
FNDA:0,(anonymous_1)
DA:1,0
DA:2,0
DA:3,0
DA:4,0
DA:7,0
DA:8,0
DA:9,0
DA:10,0
DA:11,0
DA:13,0
DA:18,0
DA:19,0
DA:21,0
DA:22,0
DA:27,0
DA:28,0
DA:29,0
DA:32,0
DA:34,0
DA:38,0
LF:20
LH:0
BRDA:10,0,0,0
BRDA:10,0,1,0
BRDA:19,1,0,0
BRDA:19,1,1,0
BRDA:27,2,0,0
BRDA:27,2,1,0
BRF:6
BRH:0
end_of_record
TN:
SF:routes/setup.js
FN:7,(anonymous_0)
FN:13,(anonymous_1)
FN:22,(anonymous_2)
FN:32,(anonymous_3)
FNF:4
FNH:0
FNDA:0,(anonymous_0)
FNDA:0,(anonymous_1)
FNDA:0,(anonymous_2)
FNDA:0,(anonymous_3)
DA:1,0
DA:2,0
DA:3,0
DA:4,0
DA:7,0
DA:8,0
DA:9,0
DA:13,0
DA:14,0
DA:15,0
DA:16,0
DA:18,0
DA:22,0
DA:23,0
DA:24,0
DA:25,0
DA:27,0
DA:32,0
DA:33,0
DA:34,0
DA:35,0
DA:38,0
DA:39,0
DA:48,0
DA:49,0
DA:50,0
DA:57,0
DA:58,0
DA:60,0
DA:61,0
DA:62,0
DA:66,0
LF:32
LH:0
BRDA:15,0,0,0
BRDA:15,0,1,0
BRDA:48,1,0,0
BRDA:48,1,1,0
BRF:4
BRH:0
end_of_record
TN:
SF:routes/tasks.js
FN:7,(anonymous_0)
FN:28,(anonymous_1)
FN:45,(anonymous_2)
FN:86,(anonymous_3)
FN:128,(anonymous_4)
FN:149,(anonymous_5)
FNF:6
FNH:0
FNDA:0,(anonymous_0)
FNDA:0,(anonymous_1)
FNDA:0,(anonymous_2)
FNDA:0,(anonymous_3)
FNDA:0,(anonymous_4)
FNDA:0,(anonymous_5)
DA:1,0
DA:2,0
DA:3,0
DA:4,0
DA:7,0
DA:8,0
DA:9,0
DA:10,0
DA:11,0
DA:14,0
DA:21,0
DA:23,0
DA:28,0
DA:29,0
DA:31,0
DA:32,0
DA:33,0
DA:35,0
DA:38,0
DA:40,0
DA:45,0
DA:46,0
DA:47,0
DA:48,0
DA:51,0
DA:52,0
DA:53,0
DA:55,0
DA:56,0
DA:61,0
DA:64,0
DA:65,0
DA:71,0
DA:72,0
DA:73,0
DA:74,0
DA:75,0
DA:76,0
DA:78,0
DA:79,0
DA:81,0
DA:86,0
DA:87,0
DA:88,0
DA:89,0
DA:92,0
DA:93,0
DA:96,0
DA:97,0
DA:100,0
DA:103,0
DA:104,0
DA:105,0
DA:109,0
DA:118,0
DA:119,0
DA:121,0
DA:123,0
DA:128,0
DA:129,0
DA:130,0
DA:131,0
DA:133,0
DA:142,0
DA:144,0
DA:149,0
DA:150,0
DA:151,0
DA:155,0
DA:157,0
DA:161,0
LF:71
LH:0
BRDA:10,0,0,0
BRDA:10,0,1,0
BRDA:11,1,0,0
BRDA:11,1,1,0
BRDA:29,2,0,0
BRDA:29,2,1,0
BRDA:33,3,0,0
BRDA:33,3,1,0
BRDA:48,4,0,0
BRDA:48,4,1,0
BRDA:55,5,0,0
BRDA:55,5,1,0
BRDA:55,6,0,0
BRDA:55,6,1,0
BRDA:55,6,2,0
BRDA:64,7,0,0
BRDA:64,7,1,0
BRDA:64,8,0,0
BRDA:64,8,1,0
BRDA:71,9,0,0
BRDA:71,9,1,0
BRDA:72,10,0,0
BRDA:72,10,1,0
BRDA:73,11,0,0
BRDA:73,11,1,0
BRDA:74,12,0,0
BRDA:74,12,1,0
BRDA:75,13,0,0
BRDA:75,13,1,0
BRDA:76,14,0,0
BRDA:76,14,1,0
BRDA:76,15,0,0
BRDA:76,15,1,0
BRDA:88,16,0,0
BRDA:88,16,1,0
BRDA:88,17,0,0
BRDA:88,17,1,0
BRDA:93,18,0,0
BRDA:93,18,1,0
BRDA:96,19,0,0
BRDA:96,19,1,0
BRDA:96,20,0,0
BRDA:96,20,1,0
BRDA:104,21,0,0
BRDA:104,21,1,0
BRDA:104,22,0,0
BRDA:104,22,1,0
BRDA:131,23,0,0
BRDA:131,23,1,0
BRF:49
BRH:0
end_of_record
TN:
SF:routes/time.js
FN:8,(anonymous_0)
FN:29,(anonymous_1)
FN:57,(anonymous_2)
FN:77,(anonymous_3)
FNF:4
FNH:0
FNDA:0,(anonymous_0)
FNDA:0,(anonymous_1)
FNDA:0,(anonymous_2)
FNDA:0,(anonymous_3)
DA:1,0
DA:2,0
DA:3,0
DA:4,0
DA:5,0
DA:8,0
DA:9,0
DA:10,0
DA:11,0
DA:12,0
DA:14,0
DA:22,0
DA:24,0
DA:29,0
DA:30,0
DA:31,0
DA:33,0
DA:36,0
DA:37,0
DA:38,0
DA:39,0
DA:42,0
DA:43,0
DA:50,0
DA:52,0
DA:57,0
DA:58,0
DA:59,0
DA:60,0
DA:64,0
DA:66,0
DA:67,0
DA:68,0
DA:70,0
DA:72,0
DA:77,0
DA:78,0
DA:79,0
DA:82,0
DA:84,0
DA:88,0
LF:41
LH:0
BRDA:11,0,0,0
BRDA:11,0,1,0
BRDA:12,1,0,0
BRDA:12,1,1,0
BRDA:30,2,0,0
BRDA:30,2,1,0
BRDA:36,3,0,0
BRDA:36,3,1,0
BRDA:58,4,0,0
BRDA:58,4,1,0
BRDA:64,5,0,0
BRDA:64,5,1,0
BRDA:82,6,0,0
BRDA:82,6,1,0
BRF:14
BRH:0
end_of_record
TN:
SF:routes/travel.js
FN:13,(anonymous_0)
FN:68,(anonymous_1)
FN:94,(anonymous_2)
FN:144,(anonymous_3)
FN:202,(anonymous_4)
FN:294,(anonymous_5)
FN:328,(anonymous_6)
FN:355,(anonymous_7)
FNF:8
FNH:0
FNDA:0,(anonymous_0)
FNDA:0,(anonymous_1)
FNDA:0,(anonymous_2)
FNDA:0,(anonymous_3)
FNDA:0,(anonymous_4)
FNDA:0,(anonymous_5)
FNDA:0,(anonymous_6)
FNDA:0,(anonymous_7)
DA:1,0
DA:2,0
DA:3,0
DA:4,0
DA:6,0
DA:13,0
DA:14,0
DA:23,0
DA:26,0
DA:36,0
DA:39,0
DA:41,0
DA:52,0
DA:53,0
DA:68,0
DA:69,0
DA:70,0
DA:72,0
DA:78,0
DA:79,0
DA:94,0
DA:95,0
DA:98,0
DA:122,0
DA:128,0
DA:129,0
DA:144,0
DA:145,0
DA:153,0
DA:156,0
DA:157,0
DA:167,0
DA:180,0
DA:186,0
DA:187,0
DA:202,0
DA:203,0
DA:204,0
DA:208,0
DA:272,0
DA:278,0
DA:279,0
DA:294,0
DA:295,0
DA:296,0
DA:297,0
DA:300,0
DA:306,0
DA:312,0
DA:313,0
DA:328,0
DA:329,0
DA:330,0
DA:334,0
DA:339,0
DA:340,0
DA:355,0
DA:356,0
DA:357,0
DA:358,0
DA:361,0
DA:362,0
DA:372,0
DA:383,0
DA:389,0
DA:390,0
DA:400,0
LF:67
LH:0
BRDA:20,0,0,0
BRDA:21,1,0,0
BRDA:22,2,0,0
BRDA:57,3,0,0
BRDA:57,3,1,0
BRDA:156,4,0,0
BRDA:156,4,1,0
BRDA:156,5,0,0
BRDA:156,5,1,0
BRDA:172,6,0,0
BRDA:172,6,1,0
BRDA:173,7,0,0
BRDA:173,7,1,0
BRDA:174,8,0,0
BRDA:174,8,1,0
BRDA:361,9,0,0
BRDA:361,9,1,0
BRDA:361,10,0,0
BRDA:361,10,1,0
BRDA:377,11,0,0
BRDA:377,11,1,0
BRDA:378,12,0,0
BRDA:378,12,1,0
BRF:23
BRH:0
end_of_record
TN:
SF:routes/trips.js
FN:7,(anonymous_0)
FN:21,(anonymous_1)
FNF:2
FNH:0
FNDA:0,(anonymous_0)
FNDA:0,(anonymous_1)
DA:1,0
DA:2,0
DA:3,0
DA:4,0
DA:7,0
DA:8,0
DA:9,0
DA:10,0
DA:13,0
DA:14,0
DA:16,0
DA:21,0
DA:22,0
DA:23,0
DA:24,0
DA:28,0
DA:30,0
DA:34,0
LF:18
LH:0
BRDA:10,0,0,0
BRDA:10,0,1,0
BRDA:22,1,0,0
BRDA:22,1,1,0
BRF:4
BRH:0
end_of_record
TN:
SF:routes/twilio.js
FN:13,(anonymous_0)
FN:37,(anonymous_1)
FN:62,(anonymous_2)
FN:80,(anonymous_3)
FN:120,(anonymous_4)
FN:157,(anonymous_5)
FN:194,(anonymous_6)
FN:203,(anonymous_7)
FN:226,(anonymous_8)
FN:262,(anonymous_9)
FN:292,(anonymous_10)
FNF:11
FNH:0
FNDA:0,(anonymous_0)
FNDA:0,(anonymous_1)
FNDA:0,(anonymous_2)
FNDA:0,(anonymous_3)
FNDA:0,(anonymous_4)
FNDA:0,(anonymous_5)
FNDA:0,(anonymous_6)
FNDA:0,(anonymous_7)
FNDA:0,(anonymous_8)
FNDA:0,(anonymous_9)
FNDA:0,(anonymous_10)
DA:1,0
DA:2,0
DA:3,0
DA:4,0
DA:6,0
DA:13,0
DA:14,0
DA:15,0
DA:18,0
DA:20,0
DA:21,0
DA:23,0
DA:26,0
DA:27,0
DA:28,0
DA:37,0
DA:38,0
DA:39,0
DA:41,0
DA:44,0
DA:45,0
DA:46,0
DA:47,0
DA:49,0
DA:50,0
DA:52,0
DA:53,0
DA:62,0
DA:63,0
DA:64,0
DA:66,0
DA:68,0
DA:70,0
DA:71,0
DA:80,0
DA:81,0
DA:82,0
DA:85,0
DA:88,0
DA:92,0
DA:94,0
DA:98,0
DA:99,0
DA:101,0
DA:102,0
DA:104,0
DA:107,0
DA:108,0
DA:110,0
DA:111,0
DA:120,0
DA:121,0
DA:122,0
DA:124,0
DA:125,0
DA:131,0
DA:133,0
DA:144,0
DA:145,0
DA:157,0
DA:158,0
DA:159,0
DA:161,0
DA:162,0
DA:168,0
DA:170,0
DA:181,0
DA:182,0
DA:194,0
DA:195,0
DA:196,0
DA:198,0
DA:200,0
DA:203,0
DA:213,0
DA:214,0
DA:226,0
DA:227,0
DA:228,0
DA:230,0
DA:231,0
DA:237,0
DA:239,0
DA:249,0
DA:250,0
DA:262,0
DA:263,0
DA:264,0
DA:266,0
DA:268,0
DA:279,0
DA:280,0
DA:292,0
DA:293,0
DA:294,0
DA:296,0
DA:306,0
DA:307,0
DA:314,0
LF:99
LH:0
BRDA:92,0,0,0
BRDA:92,0,1,0
BRDA:101,1,0,0
BRDA:101,1,1,0
BRDA:124,2,0,0
BRDA:124,2,1,0
BRDA:161,3,0,0
BRDA:161,3,1,0
BRDA:161,4,0,0
BRDA:161,4,1,0
BRDA:230,5,0,0
BRDA:230,5,1,0
BRDA:300,6,0,0
BRDA:300,6,1,0
BRDA:301,7,0,0
BRDA:301,7,1,0
BRDA:303,8,0,0
BRDA:303,8,1,0
BRF:18
BRH:0
end_of_record
TN:
SF:routes/users.js
FN:7,(anonymous_0)
FN:20,(anonymous_1)
FN:45,(anonymous_2)
FN:64,(anonymous_3)
FNF:4
FNH:0
FNDA:0,(anonymous_0)
FNDA:0,(anonymous_1)
FNDA:0,(anonymous_2)
FNDA:0,(anonymous_3)
DA:1,0
DA:2,0
DA:3,0
DA:4,0
DA:7,0
DA:8,0
DA:9,0
DA:13,0
DA:15,0
DA:20,0
DA:21,0
DA:22,0
DA:23,0
DA:29,0
DA:30,0
DA:33,0
DA:38,0
DA:40,0
DA:45,0
DA:46,0
DA:47,0
DA:48,0
DA:49,0
DA:54,0
DA:55,0
DA:57,0
DA:59,0
DA:64,0
DA:65,0
DA:66,0
DA:67,0
DA:69,0
DA:78,0
DA:79,0
DA:81,0
DA:83,0
DA:87,0
LF:37
LH:0
BRDA:29,0,0,0
BRDA:29,0,1,0
BRDA:46,1,0,0
BRDA:46,1,1,0
BRF:4
BRH:0
end_of_record
TN:
SF:routes/vaMatching.js
FN:12,(anonymous_0)
FN:101,(anonymous_1)
FN:155,(anonymous_2)
FN:196,(anonymous_3)
FN:248,(anonymous_4)
FN:319,(anonymous_5)
FN:367,(anonymous_6)
FNF:7
FNH:0
FNDA:0,(anonymous_0)
FNDA:0,(anonymous_1)
FNDA:0,(anonymous_2)
FNDA:0,(anonymous_3)
FNDA:0,(anonymous_4)
FNDA:0,(anonymous_5)
FNDA:0,(anonymous_6)
DA:1,0
DA:2,0
DA:3,0
DA:4,0
DA:5,0
DA:12,0
DA:13,0
DA:24,0
DA:27,0
DA:28,0
DA:34,0
DA:46,0
DA:47,0
DA:48,0
DA:65,0
DA:72,0
DA:85,0
DA:91,0
DA:92,0
DA:101,0
DA:102,0
DA:103,0
DA:104,0
DA:106,0
DA:107,0
DA:109,0
DA:110,0
DA:135,0
DA:145,0
DA:146,0
DA:155,0
DA:156,0
DA:157,0
DA:159,0
DA:180,0
DA:181,0
DA:184,0
DA:186,0
DA:187,0
DA:196,0
DA:197,0
DA:198,0
DA:199,0
DA:201,0
DA:202,0
DA:207,0
DA:208,0
DA:209,0
DA:212,0
DA:213,0
DA:214,0
DA:215,0
DA:218,0
DA:233,0
DA:238,0
DA:239,0
DA:248,0
DA:249,0
DA:250,0
DA:251,0
DA:253,0
DA:262,0
DA:263,0
DA:266,0
DA:267,0
DA:271,0
DA:272,0
DA:273,0
DA:274,0
DA:277,0
DA:280,0
DA:281,0
DA:282,0
DA:284,0
DA:288,0
DA:303,0
DA:309,0
DA:310,0
DA:319,0
DA:320,0
DA:321,0
DA:322,0
DA:324,0
DA:325,0
DA:327,0
DA:328,0
DA:347,0
DA:357,0
DA:358,0
DA:367,0
DA:368,0
DA:369,0
DA:370,0
DA:372,0
DA:379,0
DA:380,0
DA:382,0
DA:390,0
DA:391,0
DA:395,0
LF:100
LH:0
BRDA:27,0,0,0
BRDA:27,0,1,0
BRDA:27,1,0,0
BRDA:27,1,1,0
BRDA:27,1,2,0
BRDA:104,2,0,0
BRDA:104,3,0,0
BRDA:107,4,0,0
BRDA:107,4,1,0
BRDA:180,5,0,0
BRDA:180,5,1,0
BRDA:201,6,0,0
BRDA:201,6,1,0
BRDA:201,7,0,0
BRDA:201,7,1,0
BRDA:208,8,0,0
BRDA:208,8,1,0
BRDA:214,9,0,0
BRDA:214,9,1,0
BRDA:220,10,0,0
BRDA:220,10,1,0
BRDA:262,11,0,0
BRDA:262,11,1,0
BRDA:266,12,0,0
BRDA:266,12,1,0
BRDA:272,13,0,0
BRDA:272,13,1,0
BRDA:273,14,0,0
BRDA:273,14,1,0
BRDA:277,15,0,0
BRDA:277,15,1,0
BRDA:280,16,0,0
BRDA:280,16,1,0
BRDA:281,17,0,0
BRDA:281,17,1,0
BRDA:290,18,0,0
BRDA:290,18,1,0
BRDA:322,19,0,0
BRDA:322,20,0,0
BRDA:325,21,0,0
BRDA:325,21,1,0
BRDA:385,22,0,0
BRDA:385,22,1,0
BRDA:386,23,0,0
BRDA:386,23,1,0
BRDA:387,24,0,0
BRDA:387,24,1,0
BRF:47
BRH:0
end_of_record
TN:
SF:routes/vaProfiles.js
FN:12,(anonymous_0)
FN:101,(anonymous_1)
FN:160,(anonymous_2)
FN:161,(anonymous_3)
FN:162,(anonymous_4)
FN:163,(anonymous_5)
FN:168,(anonymous_6)
FN:169,(anonymous_7)
FN:170,(anonymous_8)
FN:171,(anonymous_9)
FN:176,(anonymous_10)
FN:177,(anonymous_11)
FN:178,(anonymous_12)
FN:181,(anonymous_13)
FN:205,(anonymous_14)
FN:237,(anonymous_15)
FN:268,(anonymous_16)
FN:290,(anonymous_17)
FN:329,(anonymous_18)
FN:370,(anonymous_19)
FN:405,(anonymous_20)
FNF:21
FNH:0
FNDA:0,(anonymous_0)
FNDA:0,(anonymous_1)
FNDA:0,(anonymous_2)
FNDA:0,(anonymous_3)
FNDA:0,(anonymous_4)
FNDA:0,(anonymous_5)
FNDA:0,(anonymous_6)
FNDA:0,(anonymous_7)
FNDA:0,(anonymous_8)
FNDA:0,(anonymous_9)
FNDA:0,(anonymous_10)
FNDA:0,(anonymous_11)
FNDA:0,(anonymous_12)
FNDA:0,(anonymous_13)
FNDA:0,(anonymous_14)
FNDA:0,(anonymous_15)
FNDA:0,(anonymous_16)
FNDA:0,(anonymous_17)
FNDA:0,(anonymous_18)
FNDA:0,(anonymous_19)
FNDA:0,(anonymous_20)
DA:1,0
DA:2,0
DA:3,0
DA:4,0
DA:5,0
DA:12,0
DA:13,0
DA:31,0
DA:34,0
DA:35,0
DA:41,0
DA:42,0
DA:43,0
DA:47,0
DA:72,0
DA:86,0
DA:91,0
DA:92,0
DA:101,0
DA:102,0
DA:116,0
DA:119,0
DA:121,0
DA:122,0
DA:123,0
DA:125,0
DA:126,0
DA:127,0
DA:128,0
DA:131,0
DA:132,0
DA:135,0
DA:140,0
DA:141,0
DA:159,0
DA:160,0
DA:161,0
DA:162,0
DA:163,0
DA:167,0
DA:168,0
DA:169,0
DA:170,0
DA:171,0
DA:175,0
DA:176,0
DA:177,0
DA:178,0
DA:179,0
DA:181,0
DA:185,0
DA:195,0
DA:196,0
DA:205,0
DA:206,0
DA:207,0
DA:209,0
DA:219,0
DA:220,0
DA:225,0
DA:227,0
DA:228,0
DA:237,0
DA:238,0
DA:239,0
DA:241,0
DA:252,0
DA:253,0
DA:256,0
DA:258,0
DA:259,0
DA:268,0
DA:269,0
DA:270,0
DA:271,0
DA:273,0
DA:274,0
DA:275,0
DA:281,0
DA:289,0
DA:290,0
DA:291,0
DA:292,0
DA:293,0
DA:297,0
DA:300,0
DA:314,0
DA:319,0
DA:320,0
DA:329,0
DA:330,0
DA:331,0
DA:333,0
DA:334,0
DA:335,0
DA:339,0
DA:353,0
DA:355,0
DA:360,0
DA:361,0
DA:370,0
DA:371,0
DA:372,0
DA:373,0
DA:375,0
DA:376,0
DA:377,0
DA:380,0
DA:381,0
DA:382,0
DA:384,0
DA:386,0
DA:395,0
DA:396,0
DA:405,0
DA:406,0
DA:407,0
DA:408,0
DA:409,0
DA:411,0
DA:415,0
DA:419,0
DA:426,0
DA:436,0
DA:437,0
DA:441,0
LF:126
LH:0
BRDA:34,0,0,0
BRDA:34,0,1,0
BRDA:34,1,0,0
BRDA:34,1,1,0
BRDA:34,1,2,0
BRDA:34,1,3,0
BRDA:34,1,4,0
BRDA:42,2,0,0
BRDA:42,2,1,0
BRDA:52,3,0,0
BRDA:52,3,1,0
BRDA:53,4,0,0
BRDA:53,4,1,0
BRDA:54,5,0,0
BRDA:54,5,1,0
BRDA:55,6,0,0
BRDA:55,6,1,0
BRDA:57,7,0,0
BRDA:57,7,1,0
BRDA:58,8,0,0
BRDA:58,8,1,0
BRDA:60,9,0,0
BRDA:60,9,1,0
BRDA:61,10,0,0
BRDA:61,10,1,0
BRDA:62,11,0,0
BRDA:62,11,1,0
BRDA:63,12,0,0
BRDA:63,12,1,0
BRDA:64,13,0,0
BRDA:64,13,1,0
BRDA:74,14,0,0
BRDA:74,14,1,0
BRDA:114,15,0,0
BRDA:115,16,0,0
BRDA:121,17,0,0
BRDA:121,17,1,0
BRDA:122,18,0,0
BRDA:122,18,1,0
BRDA:123,19,0,0
BRDA:123,19,1,0
BRDA:125,20,0,0
BRDA:125,20,1,0
BRDA:125,21,0,0
BRDA:125,21,1,0
BRDA:127,22,0,0
BRDA:127,22,1,0
BRDA:128,23,0,0
BRDA:128,23,1,0
BRDA:131,24,0,0
BRDA:131,24,1,0
BRDA:135,25,0,0
BRDA:135,25,1,0
BRDA:159,26,0,0
BRDA:159,26,1,0
BRDA:162,27,0,0
BRDA:162,27,1,0
BRDA:167,28,0,0
BRDA:167,28,1,0
BRDA:170,29,0,0
BRDA:170,29,1,0
BRDA:175,30,0,0
BRDA:175,30,1,0
BRDA:178,31,0,0
BRDA:178,31,1,0
BRDA:179,32,0,0
BRDA:179,32,1,0
BRDA:219,33,0,0
BRDA:219,33,1,0
BRDA:252,34,0,0
BRDA:252,34,1,0
BRDA:274,35,0,0
BRDA:274,35,1,0
BRDA:291,36,0,0
BRDA:291,36,1,0
BRDA:302,37,0,0
BRDA:302,37,1,0
BRDA:334,38,0,0
BRDA:334,38,1,0
BRDA:376,39,0,0
BRDA:376,39,1,0
BRDA:380,40,0,0
BRDA:380,40,1,0
BRDA:381,41,0,0
BRDA:381,41,1,0
BRDA:382,42,0,0
BRDA:382,42,1,0
BRDA:433,43,0,0
BRDA:433,43,1,0
BRF:89
BRH:0
end_of_record
TN:
SF:routes/video.js
FN:9,(anonymous_0)
FN:27,(anonymous_1)
FN:58,(anonymous_2)
FN:71,(anonymous_3)
FNF:4
FNH:0
FNDA:0,(anonymous_0)
FNDA:0,(anonymous_1)
FNDA:0,(anonymous_2)
FNDA:0,(anonymous_3)
DA:1,0
DA:2,0
DA:3,0
DA:4,0
DA:5,0
DA:6,0
DA:9,0
DA:10,0
DA:11,0
DA:12,0
DA:13,0
DA:16,0
DA:17,0
DA:19,0
DA:20,0
DA:22,0
DA:27,0
DA:28,0
DA:29,0
DA:30,0
DA:32,0
DA:33,0
DA:36,0
DA:37,0
DA:39,0
DA:41,0
DA:50,0
DA:52,0
DA:53,0
DA:58,0
DA:59,0
DA:60,0
DA:64,0
DA:66,0
DA:71,0
DA:72,0
DA:73,0
DA:77,0
DA:78,0
DA:81,0
DA:82,0
DA:84,0
DA:86,0
DA:90,0
LF:44
LH:0
BRDA:12,0,0,0
BRDA:12,0,1,0
BRDA:17,1,0,0
BRDA:17,1,1,0
BRDA:32,2,0,0
BRDA:32,2,1,0
BRDA:32,3,0,0
BRDA:32,3,1,0
BRDA:50,4,0,0
BRDA:50,4,1,0
BRDA:77,5,0,0
BRDA:77,5,1,0
BRF:12
BRH:0
end_of_record
TN:
SF:services/aiProductivity.js
FN:9,(anonymous_0)
FN:22,(anonymous_1)
FN:35,(anonymous_2)
FN:93,(anonymous_3)
FN:147,(anonymous_4)
FN:210,(anonymous_5)
FN:215,(anonymous_6)
FN:267,(anonymous_7)
FN:271,(anonymous_8)
FN:336,(anonymous_9)
FN:398,(anonymous_10)
FN:449,(anonymous_11)
FN:456,(anonymous_12)
FNF:13
FNH:0
FNDA:0,(anonymous_0)
FNDA:0,(anonymous_1)
FNDA:0,(anonymous_2)
FNDA:0,(anonymous_3)
FNDA:0,(anonymous_4)
FNDA:0,(anonymous_5)
FNDA:0,(anonymous_6)
FNDA:0,(anonymous_7)
FNDA:0,(anonymous_8)
FNDA:0,(anonymous_9)
FNDA:0,(anonymous_10)
FNDA:0,(anonymous_11)
FNDA:0,(anonymous_12)
DA:6,0
DA:11,0
DA:12,0
DA:14,0
DA:15,0
DA:29,0
DA:31,0
DA:32,0
DA:35,0
DA:42,0
DA:43,0
DA:44,0
DA:46,0
DA:55,0
DA:63,0
DA:64,0
DA:65,0
DA:67,0
DA:76,0
DA:83,0
DA:85,0
DA:86,0
DA:94,0
DA:97,0
DA:98,0
DA:99,0
DA:100,0
DA:102,0
DA:105,0
DA:106,0
DA:107,0
DA:109,0
DA:118,0
DA:121,0
DA:122,0
DA:123,0
DA:125,0
DA:134,0
DA:137,0
DA:139,0
DA:140,0
DA:148,0
DA:149,0
DA:159,0
DA:160,0
DA:161,0
DA:163,0
DA:172,0
DA:174,0
DA:175,0
DA:176,0
DA:179,0
DA:182,0
DA:183,0
DA:184,0
DA:186,0
DA:196,0
DA:197,0
DA:200,0
DA:202,0
DA:203,0
DA:211,0
DA:212,0
DA:215,0
DA:225,0
DA:226,0
DA:227,0
DA:229,0
DA:238,0
DA:241,0
DA:242,0
DA:243,0
DA:245,0
DA:254,0
DA:257,0
DA:259,0
DA:260,0
DA:268,0
DA:269,0
DA:270,0
DA:271,0
DA:272,0
DA:276,0
DA:288,0
DA:289,0
DA:290,0
DA:292,0
DA:301,0
DA:302,0
DA:304,0
DA:307,0
DA:308,0
DA:309,0
DA:311,0
DA:320,0
DA:321,0
DA:323,0
DA:326,0
DA:328,0
DA:329,0
DA:337,0
DA:338,0
DA:345,0
DA:356,0
DA:357,0
DA:358,0
DA:360,0
DA:369,0
DA:372,0
DA:373,0
DA:374,0
DA:376,0
DA:385,0
DA:388,0
DA:390,0
DA:391,0
DA:399,0
DA:400,0
DA:407,0
DA:408,0
DA:409,0
DA:411,0
DA:420,0
DA:423,0
DA:424,0
DA:425,0
DA:427,0
DA:436,0
DA:439,0
DA:441,0
DA:442,0
DA:450,0
DA:459,0
DA:468,0
LF:134
LH:0
BRDA:14,0,0,0
BRDA:14,0,1,0
BRDA:14,1,0,0
BRDA:14,1,1,0
BRDA:26,2,0,0
BRDA:27,3,0,0
BRDA:28,4,0,0
BRDA:37,5,0,0
BRDA:37,5,1,0
BRDA:42,6,0,0
BRDA:42,6,1,0
BRDA:63,7,0,0
BRDA:63,7,1,0
BRDA:93,8,0,0
BRDA:97,9,0,0
BRDA:97,9,1,0
BRDA:99,10,0,0
BRDA:99,10,1,0
BRDA:105,11,0,0
BRDA:105,11,1,0
BRDA:121,12,0,0
BRDA:121,12,1,0
BRDA:159,13,0,0
BRDA:159,13,1,0
BRDA:175,14,0,0
BRDA:175,14,1,0
BRDA:182,15,0,0
BRDA:182,15,1,0
BRDA:197,16,0,0
BRDA:197,16,1,0
BRDA:210,17,0,0
BRDA:215,18,0,0
BRDA:215,18,1,0
BRDA:225,19,0,0
BRDA:225,19,1,0
BRDA:241,20,0,0
BRDA:241,20,1,0
BRDA:267,21,0,0
BRDA:267,22,0,0
BRDA:270,23,0,0
BRDA:270,23,1,0
BRDA:288,24,0,0
BRDA:288,24,1,0
BRDA:304,25,0,0
BRDA:304,25,1,0
BRDA:307,26,0,0
BRDA:307,26,1,0
BRDA:323,27,0,0
BRDA:323,27,1,0
BRDA:336,28,0,0
BRDA:336,29,0,0
BRDA:350,30,0,0
BRDA:350,30,1,0
BRDA:352,31,0,0
BRDA:352,31,1,0
BRDA:354,32,0,0
BRDA:354,32,1,0
BRDA:356,33,0,0
BRDA:356,33,1,0
BRDA:372,34,0,0
BRDA:372,34,1,0
BRDA:398,35,0,0
BRDA:407,36,0,0
BRDA:407,36,1,0
BRDA:423,37,0,0
BRDA:423,37,1,0
BRDA:450,38,0,0
BRDA:450,38,1,0
BRF:68
BRH:0
end_of_record
TN:
SF:services/auditLog.js
FN:67,(anonymous_0)
FN:125,(anonymous_1)
FN:144,(anonymous_2)
FN:163,(anonymous_3)
FN:182,(anonymous_4)
FN:200,(anonymous_5)
FN:215,(anonymous_6)
FN:246,(anonymous_7)
FN:264,(anonymous_8)
FN:299,(anonymous_9)
FN:326,(anonymous_10)
FN:337,(anonymous_11)
FN:350,(anonymous_12)
FN:362,(anonymous_13)
FN:388,(anonymous_14)
FN:430,(anonymous_15)
FNF:16
FNH:0
FNDA:0,(anonymous_0)
FNDA:0,(anonymous_1)
FNDA:0,(anonymous_2)
FNDA:0,(anonymous_3)
FNDA:0,(anonymous_4)
FNDA:0,(anonymous_5)
FNDA:0,(anonymous_6)
FNDA:0,(anonymous_7)
FNDA:0,(anonymous_8)
FNDA:0,(anonymous_9)
FNDA:0,(anonymous_10)
FNDA:0,(anonymous_11)
FNDA:0,(anonymous_12)
FNDA:0,(anonymous_13)
FNDA:0,(anonymous_14)
FNDA:0,(anonymous_15)
DA:6,2
DA:9,2
DA:56,2
DA:81,0
DA:83,0
DA:84,0
DA:86,0
DA:102,0
DA:111,0
DA:112,0
DA:115,0
DA:117,0
DA:126,0
DA:145,0
DA:164,0
DA:183,0
DA:201,0
DA:216,0
DA:217,0
DA:219,0
DA:221,0
DA:222,0
DA:223,0
DA:224,0
DA:225,0
DA:227,0
DA:228,0
DA:229,0
DA:230,0
DA:233,0
DA:240,0
DA:247,0
DA:253,0
DA:264,0
DA:266,0
DA:269,0
DA:270,0
DA:272,0
DA:273,0
DA:275,0
DA:276,0
DA:278,0
DA:279,0
DA:283,0
DA:284,0
DA:293,0
DA:300,0
DA:303,0
DA:327,0
DA:333,0
DA:336,0
DA:337,0
DA:340,0
DA:341,0
DA:349,0
DA:350,0
DA:353,0
DA:354,0
DA:362,0
DA:363,0
DA:364,0
DA:372,0
DA:373,0
DA:382,0
DA:389,0
DA:390,0
DA:392,0
DA:395,0
DA:402,0
DA:405,0
DA:406,0
DA:412,0
DA:424,0
DA:431,0
DA:432,0
DA:433,0
DA:435,0
DA:436,0
DA:438,0
DA:446,0
DA:447,0
DA:449,0
DA:450,0
DA:455,2
LF:84
LH:4
BRDA:70,0,0,0
BRDA:72,1,0,0
BRDA:73,2,0,0
BRDA:74,3,0,0
BRDA:79,4,0,0
BRDA:80,5,0,0
BRDA:111,6,0,0
BRDA:111,6,1,0
BRDA:125,7,0,0
BRDA:127,8,0,0
BRDA:127,8,1,0
BRDA:128,9,0,0
BRDA:128,9,1,0
BRDA:129,10,0,0
BRDA:129,10,1,0
BRDA:131,11,0,0
BRDA:131,11,1,0
BRDA:165,12,0,0
BRDA:165,12,1,0
BRDA:169,13,0,0
BRDA:169,13,1,0
BRDA:215,14,0,0
BRDA:221,15,0,0
BRDA:221,15,1,0
BRDA:222,16,0,0
BRDA:222,16,1,0
BRDA:223,17,0,0
BRDA:223,17,1,0
BRDA:224,18,0,0
BRDA:224,18,1,0
BRDA:225,19,0,0
BRDA:225,19,1,0
BRDA:227,20,0,0
BRDA:227,20,1,0
BRDA:227,21,0,0
BRDA:227,21,1,0
BRDA:229,22,0,0
BRDA:229,22,1,0
BRDA:230,23,0,0
BRDA:230,23,1,0
BRDA:236,24,0,0
BRDA:236,24,1,0
BRDA:237,25,0,0
BRDA:237,25,1,0
BRDA:266,26,0,0
BRDA:266,26,1,0
BRDA:269,27,0,0
BRDA:269,27,1,0
BRDA:272,28,0,0
BRDA:272,28,1,0
BRDA:275,29,0,0
BRDA:275,29,1,0
BRDA:278,30,0,0
BRDA:278,30,1,0
BRDA:283,31,0,0
BRDA:283,31,1,0
BRDA:340,32,0,0
BRDA:340,32,1,0
BRDA:353,33,0,0
BRDA:353,33,1,0
BRDA:363,34,0,0
BRDA:363,34,1,0
BRDA:388,35,0,0
BRDA:405,36,0,0
BRDA:405,36,1,0
BRDA:439,37,0,0
BRDA:439,37,1,0
BRF:67
BRH:0
end_of_record
TN:
SF:services/caldavCalendar.js
FN:11,(anonymous_0)
FN:23,(anonymous_1)
FN:52,(anonymous_2)
FN:59,(anonymous_3)
FN:84,(anonymous_4)
FN:92,(anonymous_5)
FN:123,(anonymous_6)
FN:124,(anonymous_7)
FN:125,(anonymous_8)
FN:141,(anonymous_9)
FN:149,(anonymous_10)
FN:187,(anonymous_11)
FN:195,(anonymous_12)
FN:253,(anonymous_13)
FN:260,(anonymous_14)
FN:289,(anonymous_15)
FN:338,(anonymous_16)
FN:373,(anonymous_17)
FN:392,(anonymous_18)
FN:405,(anonymous_19)
FN:409,(anonymous_20)
FN:420,(anonymous_21)
FN:428,(anonymous_22)
FN:444,(anonymous_23)
FN:451,(anonymous_24)
FN:458,(anonymous_25)
FN:465,(anonymous_26)
FNF:27
FNH:0
FNDA:0,(anonymous_0)
FNDA:0,(anonymous_1)
FNDA:0,(anonymous_2)
FNDA:0,(anonymous_3)
FNDA:0,(anonymous_4)
FNDA:0,(anonymous_5)
FNDA:0,(anonymous_6)
FNDA:0,(anonymous_7)
FNDA:0,(anonymous_8)
FNDA:0,(anonymous_9)
FNDA:0,(anonymous_10)
FNDA:0,(anonymous_11)
FNDA:0,(anonymous_12)
FNDA:0,(anonymous_13)
FNDA:0,(anonymous_14)
FNDA:0,(anonymous_15)
FNDA:0,(anonymous_16)
FNDA:0,(anonymous_17)
FNDA:0,(anonymous_18)
FNDA:0,(anonymous_19)
FNDA:0,(anonymous_20)
FNDA:0,(anonymous_21)
FNDA:0,(anonymous_22)
FNDA:0,(anonymous_23)
FNDA:0,(anonymous_24)
FNDA:0,(anonymous_25)
FNDA:0,(anonymous_26)
DA:6,0
DA:7,0
DA:8,0
DA:12,0
DA:24,0
DA:25,0
DA:32,0
DA:38,0
DA:39,0
DA:41,0
DA:43,0
DA:44,0
DA:53,0
DA:54,0
DA:55,0
DA:58,0
DA:59,0
DA:68,0
DA:70,0
DA:71,0
DA:85,0
DA:86,0
DA:87,0
DA:90,0
DA:91,0
DA:92,0
DA:95,0
DA:96,0
DA:99,0
DA:100,0
DA:102,0
DA:122,0
DA:123,0
DA:124,0
DA:125,0
DA:128,0
DA:130,0
DA:131,0
DA:142,0
DA:143,0
DA:144,0
DA:147,0
DA:148,0
DA:149,0
DA:152,0
DA:153,0
DA:157,0
DA:159,0
DA:160,0
DA:161,0
DA:162,0
DA:164,0
DA:166,0
DA:172,0
DA:174,0
DA:176,0
DA:177,0
DA:188,0
DA:189,0
DA:190,0
DA:193,0
DA:195,0
DA:196,0
DA:199,0
DA:200,0
DA:204,0
DA:205,0
DA:210,0
DA:211,0
DA:212,0
DA:215,0
DA:216,0
DA:218,0
DA:219,0
DA:221,0
DA:222,0
DA:224,0
DA:225,0
DA:227,0
DA:228,0
DA:232,0
DA:239,0
DA:241,0
DA:243,0
DA:244,0
DA:254,0
DA:255,0
DA:256,0
DA:259,0
DA:260,0
DA:261,0
DA:264,0
DA:265,0
DA:268,0
DA:273,0
DA:275,0
DA:277,0
DA:278,0
DA:290,0
DA:291,0
DA:298,0
DA:299,0
DA:301,0
DA:302,0
DA:319,0
DA:320,0
DA:322,0
DA:326,0
DA:328,0
DA:330,0
DA:331,0
DA:339,0
DA:340,0
DA:341,0
DA:342,0
DA:344,0
DA:345,0
DA:348,0
DA:350,0
DA:365,0
DA:366,0
DA:374,0
DA:376,0
DA:377,0
DA:378,0
DA:379,0
DA:381,0
DA:382,0
DA:384,0
DA:385,0
DA:387,0
DA:388,0
DA:391,0
DA:392,0
DA:393,0
DA:394,0
DA:395,0
DA:399,0
DA:406,0
DA:407,0
DA:409,0
DA:410,0
DA:411,0
DA:414,0
DA:421,0
DA:423,0
DA:424,0
DA:426,0
DA:428,0
DA:429,0
DA:435,0
DA:438,0
DA:445,0
DA:452,0
DA:459,0
DA:466,0
DA:467,0
DA:471,0
LF:158
LH:0
BRDA:54,0,0,0
BRDA:54,0,1,0
BRDA:62,1,0,0
BRDA:62,1,1,0
BRDA:63,2,0,0
BRDA:63,2,1,0
BRDA:64,3,0,0
BRDA:64,3,1,0
BRDA:84,4,0,0
BRDA:86,5,0,0
BRDA:86,5,1,0
BRDA:95,6,0,0
BRDA:95,6,1,0
BRDA:99,7,0,0
BRDA:99,7,1,0
BRDA:100,8,0,0
BRDA:100,8,1,0
BRDA:126,9,0,0
BRDA:126,9,1,0
BRDA:143,10,0,0
BRDA:143,10,1,0
BRDA:152,11,0,0
BRDA:152,11,1,0
BRDA:167,12,0,0
BRDA:167,12,1,0
BRDA:189,13,0,0
BRDA:189,13,1,0
BRDA:199,14,0,0
BRDA:199,14,1,0
BRDA:215,15,0,0
BRDA:215,15,1,0
BRDA:218,16,0,0
BRDA:218,16,1,0
BRDA:221,17,0,0
BRDA:221,17,1,0
BRDA:224,18,0,0
BRDA:224,18,1,0
BRDA:227,19,0,0
BRDA:227,19,1,0
BRDA:255,20,0,0
BRDA:255,20,1,0
BRDA:264,21,0,0
BRDA:264,21,1,0
BRDA:312,22,0,0
BRDA:312,22,1,0
BRDA:319,23,0,0
BRDA:319,23,1,0
BRDA:344,24,0,0
BRDA:344,24,1,0
BRDA:353,25,0,0
BRDA:353,25,1,0
BRDA:354,26,0,0
BRDA:354,26,1,0
BRDA:355,27,0,0
BRDA:355,27,1,0
BRDA:359,28,0,0
BRDA:359,28,1,0
BRDA:361,29,0,0
BRDA:361,29,1,0
BRDA:376,30,0,0
BRDA:376,30,1,0
BRDA:378,31,0,0
BRDA:378,31,1,0
BRDA:379,32,0,0
BRDA:379,32,1,0
BRDA:388,33,0,0
BRDA:388,33,1,0
BRDA:391,34,0,0
BRDA:391,34,1,0
BRDA:391,35,0,0
BRDA:391,35,1,0
BRDA:421,36,0,0
BRDA:421,36,1,0
BRDA:426,37,0,0
BRDA:426,37,1,0
BRDA:429,38,0,0
BRDA:429,38,1,0
BRDA:429,38,2,0
BRDA:429,38,3,0
BRDA:435,39,0,0
BRDA:435,39,1,0
BRF:81
BRH:0
end_of_record
TN:
SF:services/calendar.js
FN:10,(anonymous_0)
FN:28,(anonymous_1)
FN:39,(anonymous_2)
FN:41,(anonymous_3)
FN:53,(anonymous_4)
FN:55,(anonymous_5)
FN:79,(anonymous_6)
FN:81,(anonymous_7)
FN:92,(anonymous_8)
FN:94,(anonymous_9)
FN:105,(anonymous_10)
FN:107,(anonymous_11)
FNF:12
FNH:0
FNDA:0,(anonymous_0)
FNDA:0,(anonymous_1)
FNDA:0,(anonymous_2)
FNDA:0,(anonymous_3)
FNDA:0,(anonymous_4)
FNDA:0,(anonymous_5)
FNDA:0,(anonymous_6)
FNDA:0,(anonymous_7)
FNDA:0,(anonymous_8)
FNDA:0,(anonymous_9)
FNDA:0,(anonymous_10)
FNDA:0,(anonymous_11)
DA:7,0
DA:11,0
DA:29,0
DA:30,0
DA:32,0
DA:33,0
DA:40,0
DA:41,0
DA:43,0
DA:54,0
DA:55,0
DA:58,0
DA:80,0
DA:81,0
DA:83,0
DA:93,0
DA:94,0
DA:96,0
DA:106,0
DA:107,0
DA:108,0
DA:112,0
LF:22
LH:0
BRDA:30,0,0,0
BRDA:30,0,1,0
BRDA:32,1,0,0
BRDA:32,1,1,0
BRF:4
BRH:0
end_of_record
TN:
SF:services/googleCalendar.js
FN:10,(anonymous_0)
FN:24,(anonymous_1)
FN:34,(anonymous_2)
FN:46,(anonymous_3)
FN:55,(anonymous_4)
FN:60,(anonymous_5)
FN:75,(anonymous_6)
FN:100,(anonymous_7)
FN:108,(anonymous_8)
FN:123,(anonymous_9)
FN:150,(anonymous_10)
FN:183,(anonymous_11)
FN:219,(anonymous_12)
FN:237,(anonymous_13)
FNF:14
FNH:0
FNDA:0,(anonymous_0)
FNDA:0,(anonymous_1)
FNDA:0,(anonymous_2)
FNDA:0,(anonymous_3)
FNDA:0,(anonymous_4)
FNDA:0,(anonymous_5)
FNDA:0,(anonymous_6)
FNDA:0,(anonymous_7)
FNDA:0,(anonymous_8)
FNDA:0,(anonymous_9)
FNDA:0,(anonymous_10)
FNDA:0,(anonymous_11)
FNDA:0,(anonymous_12)
FNDA:0,(anonymous_13)
DA:6,0
DA:7,0
DA:11,0
DA:17,0
DA:25,0
DA:35,0
DA:36,0
DA:37,0
DA:38,0
DA:40,0
DA:41,0
DA:47,0
DA:51,0
DA:56,0
DA:57,0
DA:58,0
DA:60,0
DA:69,0
DA:70,0
DA:81,0
DA:83,0
DA:84,0
DA:86,0
DA:94,0
DA:95,0
DA:98,0
DA:100,0
DA:108,0
DA:117,0
DA:118,0
DA:133,0
DA:135,0
DA:136,0
DA:138,0
DA:150,0
DA:154,0
DA:155,0
DA:163,0
DA:170,0
DA:171,0
DA:177,0
DA:178,0
DA:191,0
DA:193,0
DA:194,0
DA:196,0
DA:197,0
DA:198,0
DA:199,0
DA:200,0
DA:201,0
DA:203,0
DA:210,0
DA:211,0
DA:213,0
DA:214,0
DA:220,0
DA:221,0
DA:223,0
DA:229,0
DA:231,0
DA:232,0
DA:238,0
DA:239,0
DA:243,0
DA:244,0
DA:245,0
DA:253,0
DA:254,0
DA:267,0
DA:270,0
DA:282,0
DA:283,0
DA:285,0
DA:286,0
DA:291,0
LF:76
LH:0
BRDA:14,0,0,0
BRDA:14,0,1,0
BRDA:63,1,0,0
BRDA:63,1,1,0
BRDA:65,2,0,0
BRDA:65,2,1,0
BRDA:75,3,0,0
BRDA:77,4,0,0
BRDA:78,5,0,0
BRDA:79,6,0,0
BRDA:80,7,0,0
BRDA:94,8,0,0
BRDA:94,8,1,0
BRDA:103,9,0,0
BRDA:103,9,1,0
BRDA:104,10,0,0
BRDA:104,10,1,0
BRDA:105,11,0,0
BRDA:105,11,1,0
BRDA:106,12,0,0
BRDA:106,12,1,0
BRDA:108,13,0,0
BRDA:108,13,1,0
BRDA:110,14,0,0
BRDA:110,14,1,0
BRDA:113,15,0,0
BRDA:113,15,1,0
BRDA:125,16,0,0
BRDA:127,17,0,0
BRDA:128,18,0,0
BRDA:131,19,0,0
BRDA:132,20,0,0
BRDA:154,21,0,0
BRDA:154,21,1,0
BRDA:166,22,0,0
BRDA:166,22,1,0
BRDA:185,23,0,0
BRDA:197,24,0,0
BRDA:197,24,1,0
BRDA:198,25,0,0
BRDA:198,25,1,0
BRDA:199,26,0,0
BRDA:199,26,1,0
BRDA:200,27,0,0
BRDA:200,27,1,0
BRDA:201,28,0,0
BRDA:201,28,1,0
BRDA:219,29,0,0
BRDA:253,30,0,0
BRDA:253,30,1,0
BRF:50
BRH:0
end_of_record
TN:
SF:services/googleFlightsService.js
FN:5,(anonymous_0)
FN:24,(anonymous_1)
FN:40,(anonymous_2)
FN:77,(anonymous_3)
FN:98,(anonymous_4)
FN:108,(anonymous_5)
FN:127,(anonymous_6)
FN:155,(anonymous_7)
FN:223,(anonymous_8)
FN:225,(anonymous_9)
FN:255,(anonymous_10)
FNF:11
FNH:0
FNDA:0,(anonymous_0)
FNDA:0,(anonymous_1)
FNDA:0,(anonymous_2)
FNDA:0,(anonymous_3)
FNDA:0,(anonymous_4)
FNDA:0,(anonymous_5)
FNDA:0,(anonymous_6)
FNDA:0,(anonymous_7)
FNDA:0,(anonymous_8)
FNDA:0,(anonymous_9)
FNDA:0,(anonymous_10)
DA:1,0
DA:2,0
DA:6,0
DA:7,0
DA:8,0
DA:9,0
DA:25,0
DA:26,0
DA:27,0
DA:29,0
DA:32,0
DA:33,0
DA:41,0
DA:42,0
DA:45,0
DA:47,0
DA:53,0
DA:54,0
DA:66,0
DA:67,0
DA:69,0
DA:70,0
DA:78,0
DA:80,0
DA:81,0
DA:88,0
DA:90,0
DA:91,0
DA:99,0
DA:100,0
DA:102,0
DA:111,0
DA:121,0
DA:128,0
DA:129,0
DA:131,0
DA:135,0
DA:137,0
DA:138,0
DA:139,0
DA:140,0
DA:141,0
DA:144,0
DA:149,0
DA:156,0
DA:172,0
DA:173,0
DA:174,0
DA:178,0
DA:179,0
DA:180,0
DA:181,0
DA:185,0
DA:186,0
DA:187,0
DA:191,0
DA:192,0
DA:193,0
DA:194,0
DA:195,0
DA:197,0
DA:198,0
DA:203,0
DA:204,0
DA:205,0
DA:209,0
DA:210,0
DA:211,0
DA:212,0
DA:213,0
DA:215,0
DA:217,0
DA:224,0
DA:225,0
DA:227,0
DA:228,0
DA:232,0
DA:233,0
DA:236,0
DA:237,0
DA:241,0
DA:242,0
DA:245,0
DA:246,0
DA:249,0
DA:257,0
DA:272,0
LF:87
LH:0
BRDA:6,0,0,0
BRDA:6,0,1,0
BRDA:9,1,0,0
BRDA:9,1,1,0
BRDA:26,2,0,0
BRDA:26,2,1,0
BRDA:41,3,0,0
BRDA:41,3,1,0
BRDA:41,4,0,0
BRDA:41,4,1,0
BRDA:116,5,0,0
BRDA:116,5,1,0
BRDA:117,6,0,0
BRDA:117,6,1,0
BRDA:118,7,0,0
BRDA:118,7,1,0
BRDA:140,8,0,0
BRDA:140,8,1,0
BRDA:140,9,0,0
BRDA:140,9,1,0
BRDA:173,10,0,0
BRDA:173,10,1,0
BRDA:179,11,0,0
BRDA:179,11,1,0
BRDA:186,12,0,0
BRDA:186,12,1,0
BRDA:192,13,0,0
BRDA:192,13,1,0
BRDA:194,14,0,0
BRDA:194,14,1,0
BRDA:194,15,0,0
BRDA:194,15,1,0
BRDA:198,16,0,0
BRDA:198,16,1,0
BRDA:204,17,0,0
BRDA:204,17,1,0
BRDA:210,18,0,0
BRDA:210,18,1,0
BRDA:211,19,0,0
BRDA:211,19,1,0
BRDA:212,20,0,0
BRDA:212,20,1,0
BRDA:213,21,0,0
BRDA:213,21,1,0
BRDA:227,22,0,0
BRDA:227,22,1,0
BRDA:232,23,0,0
BRDA:232,23,1,0
BRDA:236,24,0,0
BRDA:236,24,1,0
BRDA:241,25,0,0
BRDA:241,25,1,0
BRDA:245,26,0,0
BRDA:245,26,1,0
BRDA:245,27,0,0
BRDA:245,27,1,0
BRF:56
BRH:0
end_of_record
TN:
SF:services/imap.js
FN:11,(anonymous_0)
FN:16,(anonymous_1)
FN:32,(anonymous_2)
FN:33,(anonymous_3)
FN:36,(anonymous_4)
FN:42,(anonymous_5)
FN:52,(anonymous_6)
FN:63,(anonymous_7)
FN:64,(anonymous_8)
FN:76,(anonymous_9)
FN:97,(anonymous_10)
FN:100,(anonymous_11)
FN:101,(anonymous_12)
FN:106,(anonymous_13)
FN:117,(anonymous_14)
FN:129,(anonymous_15)
FN:134,(anonymous_16)
FN:151,(anonymous_17)
FN:161,(anonymous_18)
FN:165,(anonymous_19)
FN:166,(anonymous_20)
FN:181,(anonymous_21)
FNF:22
FNH:0
FNDA:0,(anonymous_0)
FNDA:0,(anonymous_1)
FNDA:0,(anonymous_2)
FNDA:0,(anonymous_3)
FNDA:0,(anonymous_4)
FNDA:0,(anonymous_5)
FNDA:0,(anonymous_6)
FNDA:0,(anonymous_7)
FNDA:0,(anonymous_8)
FNDA:0,(anonymous_9)
FNDA:0,(anonymous_10)
FNDA:0,(anonymous_11)
FNDA:0,(anonymous_12)
FNDA:0,(anonymous_13)
FNDA:0,(anonymous_14)
FNDA:0,(anonymous_15)
FNDA:0,(anonymous_16)
FNDA:0,(anonymous_17)
FNDA:0,(anonymous_18)
FNDA:0,(anonymous_19)
FNDA:0,(anonymous_20)
FNDA:0,(anonymous_21)
DA:6,0
DA:7,0
DA:8,0
DA:12,0
DA:17,0
DA:19,0
DA:33,0
DA:34,0
DA:36,0
DA:37,0
DA:38,0
DA:39,0
DA:42,0
DA:43,0
DA:44,0
DA:47,0
DA:58,0
DA:60,0
DA:61,0
DA:63,0
DA:64,0
DA:65,0
DA:66,0
DA:67,0
DA:71,0
DA:72,0
DA:73,0
DA:76,0
DA:77,0
DA:78,0
DA:79,0
DA:82,0
DA:83,0
DA:84,0
DA:88,0
DA:89,0
DA:91,0
DA:97,0
DA:98,0
DA:100,0
DA:101,0
DA:102,0
DA:106,0
DA:107,0
DA:108,0
DA:109,0
DA:117,0
DA:124,0
DA:129,0
DA:130,0
DA:131,0
DA:134,0
DA:135,0
DA:136,0
DA:142,0
DA:143,0
DA:152,0
DA:153,0
DA:154,0
DA:155,0
DA:156,0
DA:162,0
DA:163,0
DA:165,0
DA:166,0
DA:167,0
DA:168,0
DA:169,0
DA:171,0
DA:175,0
DA:176,0
DA:182,0
DA:183,0
DA:188,0
DA:189,0
DA:191,0
DA:198,0
DA:199,0
DA:211,0
DA:215,0
DA:216,0
DA:218,0
DA:219,0
DA:224,0
LF:84
LH:0
BRDA:17,0,0,0
BRDA:23,1,0,0
BRDA:23,1,1,0
BRDA:52,2,0,0
BRDA:54,3,0,0
BRDA:55,4,0,0
BRDA:56,5,0,0
BRDA:57,6,0,0
BRDA:61,7,0,0
BRDA:61,7,1,0
BRDA:65,8,0,0
BRDA:65,8,1,0
BRDA:72,9,0,0
BRDA:72,9,1,0
BRDA:77,10,0,0
BRDA:77,10,1,0
BRDA:82,11,0,0
BRDA:82,11,1,0
BRDA:82,12,0,0
BRDA:82,12,1,0
BRDA:111,13,0,0
BRDA:111,13,1,0
BRDA:112,14,0,0
BRDA:112,14,1,0
BRDA:113,15,0,0
BRDA:113,15,1,0
BRDA:115,16,0,0
BRDA:115,16,1,0
BRDA:116,17,0,0
BRDA:116,17,1,0
BRDA:117,18,0,0
BRDA:117,18,1,0
BRDA:153,19,0,0
BRDA:153,19,1,0
BRDA:163,20,0,0
BRDA:163,20,1,0
BRDA:167,21,0,0
BRDA:167,21,1,0
BRDA:198,22,0,0
BRDA:198,22,1,0
BRF:40
BRH:0
end_of_record
TN:
SF:services/oauth2.js
FN:10,(anonymous_0)
FN:28,(anonymous_1)
FN:41,(anonymous_2)
FN:45,(anonymous_3)
FN:60,(anonymous_4)
FN:63,(anonymous_5)
FN:75,(anonymous_6)
FNF:7
FNH:0
FNDA:0,(anonymous_0)
FNDA:0,(anonymous_1)
FNDA:0,(anonymous_2)
FNDA:0,(anonymous_3)
FNDA:0,(anonymous_4)
FNDA:0,(anonymous_5)
FNDA:0,(anonymous_6)
DA:7,0
DA:11,0
DA:29,0
DA:30,0
DA:33,0
DA:35,0
DA:42,0
DA:45,0
DA:48,0
DA:61,0
DA:63,0
DA:65,0
DA:76,0
DA:79,0
DA:83,0
LF:15
LH:0
BRDA:30,0,0,0
BRDA:30,0,1,0
BRDA:33,1,0,0
BRDA:33,1,1,0
BRDA:79,2,0,0
BRDA:79,2,1,0
BRF:6
BRH:0
end_of_record
TN:
SF:services/office365.js
FN:11,(anonymous_0)
FN:22,(anonymous_1)
FN:24,(anonymous_2)
FN:31,(anonymous_3)
FN:52,(anonymous_4)
FN:57,(anonymous_5)
FN:74,(anonymous_6)
FN:91,(anonymous_7)
FN:99,(anonymous_8)
FN:105,(anonymous_9)
FN:111,(anonymous_10)
FN:130,(anonymous_11)
FN:135,(anonymous_12)
FN:148,(anonymous_13)
FN:162,(anonymous_14)
FNF:15
FNH:0
FNDA:0,(anonymous_0)
FNDA:0,(anonymous_1)
FNDA:0,(anonymous_2)
FNDA:0,(anonymous_3)
FNDA:0,(anonymous_4)
FNDA:0,(anonymous_5)
FNDA:0,(anonymous_6)
FNDA:0,(anonymous_7)
FNDA:0,(anonymous_8)
FNDA:0,(anonymous_9)
FNDA:0,(anonymous_10)
FNDA:0,(anonymous_11)
FNDA:0,(anonymous_12)
FNDA:0,(anonymous_13)
FNDA:0,(anonymous_14)
DA:6,0
DA:7,0
DA:8,0
DA:12,0
DA:13,0
DA:14,0
DA:16,0
DA:17,0
DA:23,0
DA:25,0
DA:36,0
DA:38,0
DA:39,0
DA:41,0
DA:46,0
DA:47,0
DA:50,0
DA:52,0
DA:57,0
DA:65,0
DA:66,0
DA:68,0
DA:69,0
DA:80,0
DA:82,0
DA:83,0
DA:85,0
DA:91,0
DA:98,0
DA:99,0
DA:104,0
DA:105,0
DA:110,0
DA:111,0
DA:119,0
DA:121,0
DA:122,0
DA:124,0
DA:125,0
DA:131,0
DA:132,0
DA:133,0
DA:135,0
DA:142,0
DA:143,0
DA:149,0
DA:150,0
DA:151,0
DA:154,0
DA:156,0
DA:157,0
DA:163,0
DA:164,0
DA:166,0
DA:167,0
DA:168,0
DA:175,0
DA:176,0
DA:187,0
DA:191,0
DA:192,0
DA:194,0
DA:195,0
DA:200,0
LF:64
LH:0
BRDA:14,0,0,0
BRDA:14,0,1,0
BRDA:16,1,0,0
BRDA:16,1,1,0
BRDA:16,2,0,0
BRDA:16,2,1,0
BRDA:31,3,0,0
BRDA:33,4,0,0
BRDA:34,5,0,0
BRDA:35,6,0,0
BRDA:46,7,0,0
BRDA:46,7,1,0
BRDA:55,8,0,0
BRDA:55,8,1,0
BRDA:56,9,0,0
BRDA:56,9,1,0
BRDA:57,10,0,0
BRDA:57,10,1,0
BRDA:60,11,0,0
BRDA:60,11,1,0
BRDA:61,12,0,0
BRDA:61,12,1,0
BRDA:74,13,0,0
BRDA:76,14,0,0
BRDA:77,15,0,0
BRDA:78,16,0,0
BRDA:79,17,0,0
BRDA:88,18,0,0
BRDA:88,18,1,0
BRDA:91,19,0,0
BRDA:91,19,1,0
BRDA:98,20,0,0
BRDA:98,20,1,0
BRDA:104,21,0,0
BRDA:104,21,1,0
BRDA:110,22,0,0
BRDA:110,22,1,0
BRDA:175,23,0,0
BRDA:175,23,1,0
BRDA:184,24,0,0
BRDA:184,24,1,0
BRF:41
BRH:0
end_of_record
TN:
SF:services/office365Calendar.js
FN:11,(anonymous_0)
FN:21,(anonymous_1)
FN:23,(anonymous_2)
FN:30,(anonymous_3)
FN:35,(anonymous_4)
FN:50,(anonymous_5)
FN:81,(anonymous_6)
FN:90,(anonymous_7)
FN:104,(anonymous_8)
FN:136,(anonymous_9)
FN:169,(anonymous_10)
FN:198,(anonymous_11)
FN:211,(anonymous_12)
FNF:13
FNH:0
FNDA:0,(anonymous_0)
FNDA:0,(anonymous_1)
FNDA:0,(anonymous_2)
FNDA:0,(anonymous_3)
FNDA:0,(anonymous_4)
FNDA:0,(anonymous_5)
FNDA:0,(anonymous_6)
FNDA:0,(anonymous_7)
FNDA:0,(anonymous_8)
FNDA:0,(anonymous_9)
FNDA:0,(anonymous_10)
FNDA:0,(anonymous_11)
FNDA:0,(anonymous_12)
DA:6,0
DA:7,0
DA:8,0
DA:12,0
DA:13,0
DA:15,0
DA:16,0
DA:22,0
DA:24,0
DA:31,0
DA:32,0
DA:33,0
DA:35,0
DA:44,0
DA:45,0
DA:56,0
DA:58,0
DA:59,0
DA:61,0
DA:65,0
DA:72,0
DA:73,0
DA:76,0
DA:79,0
DA:81,0
DA:90,0
DA:98,0
DA:99,0
DA:114,0
DA:116,0
DA:117,0
DA:119,0
DA:136,0
DA:145,0
DA:146,0
DA:147,0
DA:150,0
DA:154,0
DA:156,0
DA:157,0
DA:163,0
DA:164,0
DA:176,0
DA:178,0
DA:179,0
DA:181,0
DA:182,0
DA:183,0
DA:184,0
DA:185,0
DA:186,0
DA:188,0
DA:190,0
DA:192,0
DA:193,0
DA:199,0
DA:200,0
DA:201,0
DA:203,0
DA:205,0
DA:206,0
DA:212,0
DA:213,0
DA:217,0
DA:218,0
DA:219,0
DA:227,0
DA:228,0
DA:241,0
DA:244,0
DA:256,0
DA:257,0
DA:259,0
DA:260,0
DA:265,0
LF:75
LH:0
BRDA:15,0,0,0
BRDA:15,0,1,0
BRDA:15,1,0,0
BRDA:15,1,1,0
BRDA:50,2,0,0
BRDA:52,3,0,0
BRDA:53,4,0,0
BRDA:54,5,0,0
BRDA:55,6,0,0
BRDA:61,7,0,0
BRDA:61,7,1,0
BRDA:72,8,0,0
BRDA:72,8,1,0
BRDA:73,9,0,0
BRDA:73,9,1,0
BRDA:84,10,0,0
BRDA:84,10,1,0
BRDA:85,11,0,0
BRDA:85,11,1,0
BRDA:90,12,0,0
BRDA:90,12,1,0
BRDA:95,13,0,0
BRDA:95,13,1,0
BRDA:106,14,0,0
BRDA:108,15,0,0
BRDA:109,16,0,0
BRDA:112,17,0,0
BRDA:113,18,0,0
BRDA:145,19,0,0
BRDA:145,19,1,0
BRDA:150,20,0,0
BRDA:150,20,1,0
BRDA:182,21,0,0
BRDA:182,21,1,0
BRDA:183,22,0,0
BRDA:183,22,1,0
BRDA:184,23,0,0
BRDA:184,23,1,0
BRDA:185,24,0,0
BRDA:185,24,1,0
BRDA:186,25,0,0
BRDA:186,25,1,0
BRDA:227,26,0,0
BRDA:227,26,1,0
BRF:44
BRH:0
end_of_record
TN:
SF:services/rbac.js
FN:150,(anonymous_0)
FN:157,(anonymous_1)
FN:230,(anonymous_2)
FN:262,(anonymous_3)
FN:290,(anonymous_4)
FN:314,(anonymous_5)
FN:335,(anonymous_6)
FN:336,(anonymous_7)
FN:367,(anonymous_8)
FN:382,(anonymous_9)
FN:383,(anonymous_10)
FN:391,(anonymous_11)
FNF:12
FNH:1
FNDA:60,(anonymous_0)
FNDA:0,(anonymous_1)
FNDA:0,(anonymous_2)
FNDA:0,(anonymous_3)
FNDA:0,(anonymous_4)
FNDA:0,(anonymous_5)
FNDA:0,(anonymous_6)
FNDA:0,(anonymous_7)
FNDA:0,(anonymous_8)
FNDA:0,(anonymous_9)
FNDA:0,(anonymous_10)
FNDA:0,(anonymous_11)
DA:6,1
DA:7,1
DA:11,1
DA:94,1
DA:150,60
DA:158,0
DA:159,0
DA:160,0
DA:162,0
DA:163,0
DA:164,0
DA:168,0
DA:169,0
DA:173,0
DA:176,0
DA:178,0
DA:179,0
DA:180,0
DA:193,0
DA:198,0
DA:199,0
DA:200,0
DA:201,0
DA:206,0
DA:207,0
DA:208,0
DA:209,0
DA:213,0
DA:214,0
DA:215,0
DA:216,0
DA:220,0
DA:222,0
DA:223,0
DA:231,0
DA:233,0
DA:241,0
DA:242,0
DA:246,0
DA:247,0
DA:248,0
DA:252,0
DA:253,0
DA:256,0
DA:263,0
DA:265,0
DA:276,0
DA:284,0
DA:291,0
DA:293,0
DA:298,0
DA:299,0
DA:308,0
DA:315,0
DA:316,0
DA:322,0
DA:323,0
DA:325,0
DA:327,0
DA:328,0
DA:336,0
DA:337,0
DA:338,0
DA:341,0
DA:345,0
DA:352,0
DA:353,0
DA:354,0
DA:360,0
DA:368,0
DA:369,0
DA:371,0
DA:373,0
DA:376,0
DA:377,0
DA:381,0
DA:382,0
DA:383,0
DA:385,0
DA:392,0
DA:394,0
DA:395,0
DA:398,0
DA:399,0
DA:401,0
DA:403,0
DA:417,0
DA:421,1
LF:88
LH:6
BRDA:157,0,0,0
BRDA:157,1,0,0
BRDA:162,2,0,0
BRDA:162,2,1,0
BRDA:168,3,0,0
BRDA:168,3,1,0
BRDA:173,4,0,0
BRDA:173,4,1,0
BRDA:176,5,0,0
BRDA:176,5,1,0
BRDA:179,6,0,0
BRDA:179,6,1,0
BRDA:198,7,0,0
BRDA:198,7,1,0
BRDA:200,8,0,0
BRDA:200,8,1,0
BRDA:206,9,0,0
BRDA:206,9,1,0
BRDA:206,10,0,0
BRDA:206,10,1,0
BRDA:208,11,0,0
BRDA:208,11,1,0
BRDA:208,12,0,0
BRDA:208,12,1,0
BRDA:208,12,2,0
BRDA:213,13,0,0
BRDA:213,13,1,0
BRDA:213,14,0,0
BRDA:213,14,1,0
BRDA:215,15,0,0
BRDA:215,15,1,0
BRDA:215,16,0,0
BRDA:215,16,1,0
BRDA:241,17,0,0
BRDA:241,17,1,0
BRDA:246,18,0,0
BRDA:246,18,1,0
BRDA:246,19,0,0
BRDA:246,19,1,0
BRDA:252,20,0,0
BRDA:252,20,1,0
BRDA:252,21,0,0
BRDA:252,21,1,0
BRDA:262,22,0,0
BRDA:268,23,0,0
BRDA:268,23,1,0
BRDA:271,24,0,0
BRDA:271,24,1,0
BRDA:272,25,0,0
BRDA:272,25,1,0
BRDA:298,26,0,0
BRDA:298,26,1,0
BRDA:323,27,0,0
BRDA:323,27,1,0
BRDA:335,28,0,0
BRDA:337,29,0,0
BRDA:337,29,1,0
BRDA:341,30,0,0
BRDA:341,30,1,0
BRDA:343,31,0,0
BRDA:343,31,1,0
BRDA:352,32,0,0
BRDA:352,32,1,0
BRDA:371,33,0,0
BRDA:371,33,1,0
BRDA:373,34,0,0
BRDA:373,34,1,0
BRDA:382,35,0,0
BRDA:382,35,1,0
BRDA:383,36,0,0
BRDA:383,36,1,0
BRDA:394,37,0,0
BRDA:394,37,1,0
BRF:73
BRH:0
end_of_record
TN:
SF:services/stripe.js
FNF:0
FNH:0
DA:6,0
DA:9,0
DA:10,0
DA:11,0
DA:15,0
DA:16,0
DA:18,0
DA:20,0
LF:8
LH:0
BRDA:9,0,0,0
BRDA:9,0,1,0
BRF:2
BRH:0
end_of_record
TN:
SF:services/syncScheduler.js
FN:17,(anonymous_0)
FN:24,(anonymous_1)
FN:34,(anonymous_2)
FN:40,(anonymous_3)
FN:49,(anonymous_4)
FN:61,(anonymous_5)
FN:85,(anonymous_6)
FN:149,(anonymous_7)
FN:172,(anonymous_8)
FN:240,(anonymous_9)
FN:253,(anonymous_10)
FNF:11
FNH:0
FNDA:0,(anonymous_0)
FNDA:0,(anonymous_1)
FNDA:0,(anonymous_2)
FNDA:0,(anonymous_3)
FNDA:0,(anonymous_4)
FNDA:0,(anonymous_5)
FNDA:0,(anonymous_6)
FNDA:0,(anonymous_7)
FNDA:0,(anonymous_8)
FNDA:0,(anonymous_9)
FNDA:0,(anonymous_10)
DA:6,0
DA:7,0
DA:8,0
DA:9,0
DA:10,0
DA:11,0
DA:12,0
DA:13,0
DA:14,0
DA:18,0
DA:19,0
DA:20,0
DA:25,0
DA:26,0
DA:27,0
DA:30,0
DA:31,0
DA:34,0
DA:35,0
DA:36,0
DA:40,0
DA:41,0
DA:42,0
DA:45,0
DA:50,0
DA:51,0
DA:53,0
DA:54,0
DA:56,0
DA:57,0
DA:62,0
DA:63,0
DA:67,0
DA:69,0
DA:70,0
DA:71,0
DA:73,0
DA:78,0
DA:80,0
DA:86,0
DA:88,0
DA:91,0
DA:93,0
DA:99,0
DA:103,0
DA:108,0
DA:111,0
DA:112,0
DA:113,0
DA:115,0
DA:116,0
DA:117,0
DA:123,0
DA:126,0
DA:127,0
DA:131,0
DA:136,0
DA:138,0
DA:141,0
DA:150,0
DA:151,0
DA:155,0
DA:157,0
DA:158,0
DA:159,0
DA:161,0
DA:165,0
DA:167,0
DA:173,0
DA:175,0
DA:178,0
DA:180,0
DA:186,0
DA:190,0
DA:195,0
DA:201,0
DA:202,0
DA:203,0
DA:204,0
DA:206,0
DA:207,0
DA:208,0
DA:214,0
DA:215,0
DA:218,0
DA:219,0
DA:223,0
DA:228,0
DA:230,0
DA:232,0
DA:241,0
DA:245,0
DA:246,0
DA:249,0
DA:254,0
DA:258,0
DA:259,0
DA:262,0
DA:266,0
LF:99
LH:0
BRDA:25,0,0,0
BRDA:25,0,1,0
BRDA:50,1,0,0
BRDA:50,1,1,0
BRDA:53,2,0,0
BRDA:53,2,1,0
BRDA:91,3,0,0
BRDA:91,3,1,0
BRDA:91,3,2,0
BRDA:91,3,3,0
BRDA:91,3,4,0
BRDA:111,4,0,0
BRDA:111,4,1,0
BRDA:178,5,0,0
BRDA:178,5,1,0
BRDA:178,5,2,0
BRDA:178,5,3,0
BRDA:178,5,4,0
BRDA:178,5,5,0
BRDA:178,5,6,0
BRDA:201,6,0,0
BRDA:201,6,1,0
BRDA:202,7,0,0
BRDA:202,7,1,0
BRDA:245,8,0,0
BRDA:245,8,1,0
BRDA:258,9,0,0
BRDA:258,9,1,0
BRF:28
BRH:0
end_of_record
TN:
SF:services/twilioService.js
FN:5,(anonymous_0)
FN:18,(anonymous_1)
FN:25,(anonymous_2)
FN:61,(anonymous_3)
FN:88,(anonymous_4)
FN:109,(anonymous_5)
FN:176,(anonymous_6)
FN:189,(anonymous_7)
FN:210,(anonymous_8)
FN:218,(anonymous_9)
FN:252,(anonymous_10)
FN:273,(anonymous_11)
FN:281,(anonymous_12)
FN:311,(anonymous_13)
FN:329,(anonymous_14)
FN:346,(anonymous_15)
FN:371,(anonymous_16)
FN:396,(anonymous_17)
FNF:18
FNH:0
FNDA:0,(anonymous_0)
FNDA:0,(anonymous_1)
FNDA:0,(anonymous_2)
FNDA:0,(anonymous_3)
FNDA:0,(anonymous_4)
FNDA:0,(anonymous_5)
FNDA:0,(anonymous_6)
FNDA:0,(anonymous_7)
FNDA:0,(anonymous_8)
FNDA:0,(anonymous_9)
FNDA:0,(anonymous_10)
FNDA:0,(anonymous_11)
FNDA:0,(anonymous_12)
FNDA:0,(anonymous_13)
FNDA:0,(anonymous_14)
FNDA:0,(anonymous_15)
FNDA:0,(anonymous_16)
FNDA:0,(anonymous_17)
DA:1,0
DA:2,0
DA:6,0
DA:7,0
DA:8,0
DA:10,0
DA:11,0
DA:19,0
DA:26,0
DA:27,0
DA:30,0
DA:31,0
DA:41,0
DA:51,0
DA:53,0
DA:54,0
DA:62,0
DA:64,0
DA:67,0
DA:76,0
DA:78,0
DA:80,0
DA:81,0
DA:90,0
DA:97,0
DA:98,0
DA:103,0
DA:110,0
DA:111,0
DA:113,0
DA:115,0
DA:116,0
DA:117,0
DA:120,0
DA:121,0
DA:123,0
DA:125,0
DA:127,0
DA:128,0
DA:129,0
DA:131,0
DA:132,0
DA:139,0
DA:140,0
DA:145,0
DA:148,0
DA:149,0
DA:153,0
DA:156,0
DA:157,0
DA:158,0
DA:160,0
DA:161,0
DA:163,0
DA:166,0
DA:167,0
DA:170,0
DA:177,0
DA:178,0
DA:180,0
DA:181,0
DA:183,0
DA:190,0
DA:191,0
DA:194,0
DA:195,0
DA:196,0
DA:199,0
DA:200,0
DA:203,0
DA:211,0
DA:212,0
DA:219,0
DA:220,0
DA:230,0
DA:231,0
DA:232,0
DA:233,0
DA:238,0
DA:242,0
DA:244,0
DA:245,0
DA:253,0
DA:254,0
DA:257,0
DA:259,0
DA:263,0
DA:265,0
DA:266,0
DA:274,0
DA:275,0
DA:282,0
DA:283,0
DA:287,0
DA:288,0
DA:292,0
DA:293,0
DA:296,0
DA:301,0
DA:303,0
DA:304,0
DA:312,0
DA:323,0
DA:330,0
DA:331,0
DA:334,0
DA:335,0
DA:336,0
DA:338,0
DA:339,0
DA:347,0
DA:348,0
DA:351,0
DA:352,0
DA:359,0
DA:361,0
DA:363,0
DA:364,0
DA:372,0
DA:373,0
DA:376,0
DA:377,0
DA:386,0
DA:388,0
DA:389,0
DA:397,0
DA:398,0
DA:401,0
DA:402,0
DA:410,0
DA:412,0
DA:413,0
DA:418,0
LF:133
LH:0
BRDA:10,0,0,0
BRDA:10,0,1,0
BRDA:10,1,0,0
BRDA:10,1,1,0
BRDA:19,2,0,0
BRDA:19,2,1,0
BRDA:19,2,2,0
BRDA:25,3,0,0
BRDA:26,4,0,0
BRDA:26,4,1,0
BRDA:72,5,0,0
BRDA:72,5,1,0
BRDA:97,6,0,0
BRDA:97,6,1,0
BRDA:113,7,0,0
BRDA:113,7,1,0
BRDA:123,8,0,0
BRDA:123,8,1,0
BRDA:123,8,2,0
BRDA:123,8,3,0
BRDA:125,9,0,0
BRDA:125,9,1,0
BRDA:128,10,0,0
BRDA:128,10,1,0
BRDA:157,11,0,0
BRDA:157,11,1,0
BRDA:190,12,0,0
BRDA:190,12,1,0
BRDA:190,13,0,0
BRDA:190,13,1,0
BRDA:199,14,0,0
BRDA:199,14,1,0
BRDA:200,15,0,0
BRDA:200,15,1,0
BRDA:203,16,0,0
BRDA:203,16,1,0
BRDA:224,17,0,0
BRDA:224,17,1,0
BRDA:230,18,0,0
BRDA:230,18,1,0
BRDA:230,19,0,0
BRDA:230,19,1,0
BRDA:253,20,0,0
BRDA:253,20,1,0
BRDA:275,21,0,0
BRDA:275,21,1,0
BRDA:281,22,0,0
BRDA:287,23,0,0
BRDA:287,23,1,0
BRDA:292,24,0,0
BRDA:292,24,1,0
BRDA:323,25,0,0
BRDA:323,25,1,0
BRDA:330,26,0,0
BRDA:330,26,1,0
BRDA:346,27,0,0
BRDA:347,28,0,0
BRDA:347,28,1,0
BRDA:371,29,0,0
BRDA:372,30,0,0
BRDA:372,30,1,0
BRDA:397,31,0,0
BRDA:397,31,1,0
BRF:63
BRH:0
end_of_record
TN:
SF:services/vaMatching.js
FN:22,(anonymous_0)
FN:71,(anonymous_1)
FN:78,(anonymous_2)
FN:81,(anonymous_3)
FN:98,(anonymous_4)
FN:131,(anonymous_5)
FN:139,(anonymous_6)
FN:146,(anonymous_7)
FN:166,(anonymous_8)
FN:170,(anonymous_9)
FN:171,(anonymous_10)
FN:175,(anonymous_11)
FN:182,(anonymous_12)
FN:193,(anonymous_13)
FN:210,(anonymous_14)
FN:238,(anonymous_15)
FN:245,(anonymous_16)
FN:246,(anonymous_17)
FN:260,(anonymous_18)
FN:292,(anonymous_19)
FN:315,(anonymous_20)
FN:329,(anonymous_21)
FN:342,(anonymous_22)
FN:359,(anonymous_23)
FN:378,(anonymous_24)
FN:390,(anonymous_25)
FN:399,(anonymous_26)
FNF:27
FNH:1
FNDA:0,(anonymous_0)
FNDA:0,(anonymous_1)
FNDA:0,(anonymous_2)
FNDA:0,(anonymous_3)
FNDA:0,(anonymous_4)
FNDA:0,(anonymous_5)
FNDA:0,(anonymous_6)
FNDA:0,(anonymous_7)
FNDA:0,(anonymous_8)
FNDA:0,(anonymous_9)
FNDA:0,(anonymous_10)
FNDA:0,(anonymous_11)
FNDA:0,(anonymous_12)
FNDA:0,(anonymous_13)
FNDA:3,(anonymous_14)
FNDA:0,(anonymous_15)
FNDA:0,(anonymous_16)
FNDA:0,(anonymous_17)
FNDA:0,(anonymous_18)
FNDA:0,(anonymous_19)
FNDA:0,(anonymous_20)
FNDA:0,(anonymous_21)
FNDA:0,(anonymous_22)
FNDA:0,(anonymous_23)
FNDA:0,(anonymous_24)
FNDA:0,(anonymous_25)
FNDA:0,(anonymous_26)
DA:6,1
DA:7,1
DA:11,1
DA:32,0
DA:34,0
DA:35,0
DA:38,0
DA:45,0
DA:46,0
DA:50,0
DA:51,0
DA:55,0
DA:56,0
DA:59,0
DA:68,0
DA:71,0
DA:78,0
DA:81,0
DA:90,0
DA:91,0
DA:99,0
DA:102,0
DA:103,0
DA:106,0
DA:107,0
DA:110,0
DA:111,0
DA:114,0
DA:115,0
DA:118,0
DA:119,0
DA:122,0
DA:123,0
DA:125,0
DA:132,0
DA:133,0
DA:134,0
DA:136,0
DA:139,0
DA:140,0
DA:143,0
DA:146,0
DA:147,0
DA:150,0
DA:155,0
DA:160,0
DA:167,0
DA:169,0
DA:170,0
DA:171,0
DA:173,0
DA:175,0
DA:176,0
DA:183,0
DA:185,0
DA:187,0
DA:188,0
DA:192,0
DA:193,0
DA:195,0
DA:196,0
DA:200,0
DA:201,0
DA:204,0
DA:211,3
DA:213,0
DA:214,0
DA:217,0
DA:220,0
DA:223,0
DA:226,0
DA:229,0
DA:232,0
DA:239,0
DA:240,0
DA:242,0
DA:245,0
DA:246,0
DA:249,0
DA:251,0
DA:252,0
DA:253,0
DA:254,0
DA:261,0
DA:263,0
DA:264,0
DA:266,0
DA:269,0
DA:272,0
DA:273,0
DA:277,0
DA:278,0
DA:282,0
DA:283,0
DA:286,0
DA:293,0
DA:296,0
DA:297,0
DA:298,0
DA:301,0
DA:302,0
DA:303,0
DA:306,0
DA:307,0
DA:309,0
DA:316,0
DA:330,0
DA:331,0
DA:333,0
DA:336,0
DA:343,0
DA:353,0
DA:360,0
DA:372,0
DA:379,0
DA:381,0
DA:382,0
DA:383,0
DA:384,0
DA:391,0
DA:392,0
DA:393,0
DA:400,0
DA:401,0
DA:403,0
DA:411,0
DA:416,1
LF:127
LH:5
BRDA:24,0,0,0
BRDA:25,1,0,0
BRDA:26,2,0,0
BRDA:27,3,0,0
BRDA:28,4,0,0
BRDA:29,5,0,0
BRDA:30,6,0,0
BRDA:31,7,0,0
BRDA:45,8,0,0
BRDA:45,8,1,0
BRDA:50,9,0,0
BRDA:50,9,1,0
BRDA:55,10,0,0
BRDA:55,10,1,0
BRDA:132,11,0,0
BRDA:132,12,0,0
BRDA:133,13,0,0
BRDA:133,13,1,0
BRDA:134,14,0,0
BRDA:134,14,1,0
BRDA:136,15,0,0
BRDA:136,15,1,0
BRDA:140,16,0,0
BRDA:140,16,1,0
BRDA:143,17,0,0
BRDA:143,17,1,0
BRDA:147,18,0,0
BRDA:147,18,1,0
BRDA:150,19,0,0
BRDA:150,19,1,0
BRDA:167,20,0,0
BRDA:167,20,1,0
BRDA:173,21,0,0
BRDA:173,21,1,0
BRDA:183,22,0,0
BRDA:183,22,1,0
BRDA:185,23,0,0
BRDA:185,23,1,0
BRDA:187,24,0,0
BRDA:187,24,1,0
BRDA:195,25,0,0
BRDA:195,25,1,0
BRDA:200,26,0,0
BRDA:200,26,1,0
BRDA:211,27,0,3
BRDA:211,27,1,0
BRDA:217,28,0,0
BRDA:217,28,1,0
BRDA:223,29,0,0
BRDA:223,29,1,0
BRDA:226,30,0,0
BRDA:226,30,1,0
BRDA:229,31,0,0
BRDA:229,31,1,0
BRDA:239,32,0,0
BRDA:239,32,1,0
BRDA:240,33,0,0
BRDA:240,33,1,0
BRDA:242,34,0,0
BRDA:242,34,1,0
BRDA:246,35,0,0
BRDA:246,35,1,0
BRDA:251,36,0,0
BRDA:251,36,1,0
BRDA:252,37,0,0
BRDA:252,37,1,0
BRDA:253,38,0,0
BRDA:253,38,1,0
BRDA:261,39,0,0
BRDA:261,39,1,0
BRDA:266,40,0,0
BRDA:266,40,1,0
BRDA:272,41,0,0
BRDA:272,41,1,0
BRDA:272,42,0,0
BRDA:272,42,1,0
BRDA:277,43,0,0
BRDA:277,43,1,0
BRDA:282,44,0,0
BRDA:282,44,1,0
BRDA:296,45,0,0
BRDA:296,45,1,0
BRDA:297,46,0,0
BRDA:297,46,1,0
BRDA:298,47,0,0
BRDA:298,47,1,0
BRDA:301,48,0,0
BRDA:301,48,1,0
BRDA:302,49,0,0
BRDA:302,49,1,0
BRDA:303,50,0,0
BRDA:303,50,1,0
BRDA:306,51,0,0
BRDA:306,51,1,0
BRDA:307,52,0,0
BRDA:307,52,1,0
BRDA:333,53,0,0
BRDA:333,53,1,0
BRDA:353,54,0,0
BRDA:353,54,1,0
BRDA:372,55,0,0
BRDA:372,55,1,0
BRDA:381,56,0,0
BRDA:381,56,1,0
BRDA:382,57,0,0
BRDA:382,57,1,0
BRDA:383,58,0,0
BRDA:383,58,1,0
BRF:108
BRH:1
end_of_record
TN:
SF:services/video.js
FN:10,(anonymous_0)
FN:34,(anonymous_1)
FN:45,(anonymous_2)
FN:47,(anonymous_3)
FN:59,(anonymous_4)
FN:61,(anonymous_5)
FN:84,(anonymous_6)
FN:86,(anonymous_7)
FNF:8
FNH:0
FNDA:0,(anonymous_0)
FNDA:0,(anonymous_1)
FNDA:0,(anonymous_2)
FNDA:0,(anonymous_3)
FNDA:0,(anonymous_4)
FNDA:0,(anonymous_5)
FNDA:0,(anonymous_6)
FNDA:0,(anonymous_7)
DA:7,0
DA:11,0
DA:35,0
DA:36,0
DA:38,0
DA:39,0
DA:46,0
DA:47,0
DA:49,0
DA:60,0
DA:61,0
DA:63,0
DA:64,0
DA:66,0
DA:73,0
DA:85,0
DA:86,0
DA:87,0
DA:91,0
LF:19
LH:0
BRDA:36,0,0,0
BRDA:36,0,1,0
BRDA:38,1,0,0
BRDA:38,1,1,0
BRDA:76,2,0,0
BRDA:76,2,1,0
BRDA:77,3,0,0
BRDA:77,3,1,0
BRF:8
BRH:0
end_of_record
